{"/Users/brycedbjork/git/splash/src/api.js": {"path":"/Users/brycedbjork/git/splash/src/api.js","statementMap":{"0":{"start":{"line":4,"column":16},"end":{"line":4,"column":36}},"1":{"start":{"line":5,"column":14},"end":{"line":5,"column":38}},"2":{"start":{"line":6,"column":12},"end":{"line":6,"column":28}},"3":{"start":{"line":15,"column":22},"end":{"line":17,"column":1}},"4":{"start":{"line":19,"column":27},"end":{"line":19,"column":36}},"5":{"start":{"line":23,"column":2},"end":{"line":52,"column":5}},"6":{"start":{"line":24,"column":17},"end":{"line":27,"column":5}},"7":{"start":{"line":30,"column":4},"end":{"line":51,"column":5}},"8":{"start":{"line":31,"column":6},"end":{"line":31,"column":35}},"9":{"start":{"line":34,"column":6},"end":{"line":48,"column":11}},"10":{"start":{"line":39,"column":10},"end":{"line":44,"column":11}},"11":{"start":{"line":40,"column":12},"end":{"line":40,"column":36}},"12":{"start":{"line":41,"column":12},"end":{"line":41,"column":28}},"13":{"start":{"line":43,"column":12},"end":{"line":43,"column":28}},"14":{"start":{"line":47,"column":10},"end":{"line":47,"column":24}},"15":{"start":{"line":50,"column":6},"end":{"line":50,"column":22}},"16":{"start":{"line":57,"column":2},"end":{"line":68,"column":5}},"17":{"start":{"line":58,"column":4},"end":{"line":67,"column":9}},"18":{"start":{"line":63,"column":8},"end":{"line":63,"column":24}},"19":{"start":{"line":66,"column":8},"end":{"line":66,"column":22}},"20":{"start":{"line":72,"column":2},"end":{"line":91,"column":3}},"21":{"start":{"line":74,"column":4},"end":{"line":83,"column":5}},"22":{"start":{"line":75,"column":6},"end":{"line":78,"column":37}},"23":{"start":{"line":79,"column":6},"end":{"line":79,"column":55}},"24":{"start":{"line":80,"column":6},"end":{"line":80,"column":18}},"25":{"start":{"line":82,"column":6},"end":{"line":82,"column":19}},"26":{"start":{"line":84,"column":9},"end":{"line":91,"column":3}},"27":{"start":{"line":86,"column":6},"end":{"line":88,"column":41}},"28":{"start":{"line":89,"column":17},"end":{"line":89,"column":79}},"29":{"start":{"line":90,"column":4},"end":{"line":90,"column":41}},"30":{"start":{"line":95,"column":2},"end":{"line":108,"column":5}},"31":{"start":{"line":96,"column":4},"end":{"line":107,"column":37}},"32":{"start":{"line":101,"column":8},"end":{"line":105,"column":9}},"33":{"start":{"line":102,"column":10},"end":{"line":102,"column":20}},"34":{"start":{"line":104,"column":10},"end":{"line":104,"column":32}},"35":{"start":{"line":107,"column":22},"end":{"line":107,"column":35}},"36":{"start":{"line":111,"column":19},"end":{"line":129,"column":1}},"37":{"start":{"line":112,"column":2},"end":{"line":128,"column":5}},"38":{"start":{"line":113,"column":17},"end":{"line":116,"column":5}},"39":{"start":{"line":118,"column":4},"end":{"line":127,"column":9}},"40":{"start":{"line":123,"column":8},"end":{"line":123,"column":22}},"41":{"start":{"line":126,"column":8},"end":{"line":126,"column":22}},"42":{"start":{"line":131,"column":19},"end":{"line":153,"column":1}},"43":{"start":{"line":132,"column":2},"end":{"line":152,"column":5}},"44":{"start":{"line":133,"column":4},"end":{"line":151,"column":9}},"45":{"start":{"line":138,"column":8},"end":{"line":147,"column":13}},"46":{"start":{"line":143,"column":12},"end":{"line":143,"column":35}},"47":{"start":{"line":146,"column":12},"end":{"line":146,"column":26}},"48":{"start":{"line":150,"column":8},"end":{"line":150,"column":22}},"49":{"start":{"line":155,"column":26},"end":{"line":168,"column":1}},"50":{"start":{"line":156,"column":2},"end":{"line":167,"column":5}},"51":{"start":{"line":157,"column":4},"end":{"line":166,"column":9}},"52":{"start":{"line":162,"column":8},"end":{"line":162,"column":26}},"53":{"start":{"line":165,"column":8},"end":{"line":165,"column":22}},"54":{"start":{"line":171,"column":2},"end":{"line":198,"column":5}},"55":{"start":{"line":173,"column":6},"end":{"line":178,"column":22}},"56":{"start":{"line":179,"column":4},"end":{"line":197,"column":9}},"57":{"start":{"line":182,"column":21},"end":{"line":182,"column":39}},"58":{"start":{"line":183,"column":28},"end":{"line":183,"column":30}},"59":{"start":{"line":184,"column":8},"end":{"line":188,"column":11}},"60":{"start":{"line":185,"column":10},"end":{"line":187,"column":12}},"61":{"start":{"line":189,"column":8},"end":{"line":189,"column":31}},"62":{"start":{"line":192,"column":8},"end":{"line":196,"column":9}},"63":{"start":{"line":193,"column":10},"end":{"line":193,"column":39}},"64":{"start":{"line":195,"column":10},"end":{"line":195,"column":24}},"65":{"start":{"line":202,"column":2},"end":{"line":213,"column":5}},"66":{"start":{"line":203,"column":4},"end":{"line":212,"column":9}},"67":{"start":{"line":208,"column":8},"end":{"line":208,"column":26}},"68":{"start":{"line":211,"column":8},"end":{"line":211,"column":22}},"69":{"start":{"line":217,"column":2},"end":{"line":224,"column":3}},"70":{"start":{"line":218,"column":15},"end":{"line":218,"column":73}},"71":{"start":{"line":219,"column":4},"end":{"line":219,"column":22}},"72":{"start":{"line":220,"column":4},"end":{"line":220,"column":68}},"73":{"start":{"line":221,"column":4},"end":{"line":221,"column":22}},"74":{"start":{"line":223,"column":4},"end":{"line":223,"column":22}},"75":{"start":{"line":228,"column":2},"end":{"line":237,"column":3}},"76":{"start":{"line":229,"column":4},"end":{"line":229,"column":42}},"77":{"start":{"line":230,"column":4},"end":{"line":230,"column":37}},"78":{"start":{"line":231,"column":4},"end":{"line":234,"column":16}},"79":{"start":{"line":236,"column":4},"end":{"line":236,"column":19}},"80":{"start":{"line":241,"column":2},"end":{"line":266,"column":3}},"81":{"start":{"line":242,"column":19},"end":{"line":245,"column":12}},"82":{"start":{"line":246,"column":4},"end":{"line":252,"column":7}},"83":{"start":{"line":247,"column":6},"end":{"line":251,"column":7}},"84":{"start":{"line":248,"column":8},"end":{"line":248,"column":31}},"85":{"start":{"line":250,"column":8},"end":{"line":250,"column":23}},"86":{"start":{"line":253,"column":19},"end":{"line":256,"column":12}},"87":{"start":{"line":257,"column":4},"end":{"line":263,"column":7}},"88":{"start":{"line":258,"column":6},"end":{"line":262,"column":7}},"89":{"start":{"line":259,"column":8},"end":{"line":259,"column":31}},"90":{"start":{"line":261,"column":8},"end":{"line":261,"column":23}},"91":{"start":{"line":265,"column":4},"end":{"line":265,"column":19}}},"fnMap":{"0":{"name":"UsernameExists","decl":{"start":{"line":22,"column":9},"end":{"line":22,"column":23}},"loc":{"start":{"line":22,"column":35},"end":{"line":53,"column":1}},"line":22},"1":{"name":"(anonymous_1)","decl":{"start":{"line":23,"column":21},"end":{"line":23,"column":22}},"loc":{"start":{"line":23,"column":42},"end":{"line":52,"column":3}},"line":23},"2":{"name":"(anonymous_2)","decl":{"start":{"line":38,"column":14},"end":{"line":38,"column":15}},"loc":{"start":{"line":38,"column":23},"end":{"line":45,"column":9}},"line":38},"3":{"name":"(anonymous_3)","decl":{"start":{"line":46,"column":15},"end":{"line":46,"column":16}},"loc":{"start":{"line":46,"column":24},"end":{"line":48,"column":9}},"line":46},"4":{"name":"GetAccount","decl":{"start":{"line":56,"column":9},"end":{"line":56,"column":19}},"loc":{"start":{"line":56,"column":25},"end":{"line":69,"column":1}},"line":56},"5":{"name":"(anonymous_5)","decl":{"start":{"line":57,"column":21},"end":{"line":57,"column":22}},"loc":{"start":{"line":57,"column":42},"end":{"line":68,"column":3}},"line":57},"6":{"name":"(anonymous_6)","decl":{"start":{"line":62,"column":12},"end":{"line":62,"column":13}},"loc":{"start":{"line":62,"column":22},"end":{"line":64,"column":7}},"line":62},"7":{"name":"(anonymous_7)","decl":{"start":{"line":65,"column":13},"end":{"line":65,"column":14}},"loc":{"start":{"line":65,"column":22},"end":{"line":67,"column":7}},"line":65},"8":{"name":"IsValidAddress","decl":{"start":{"line":71,"column":9},"end":{"line":71,"column":23}},"loc":{"start":{"line":71,"column":72},"end":{"line":92,"column":1}},"line":71},"9":{"name":"GenerateCard","decl":{"start":{"line":94,"column":9},"end":{"line":94,"column":21}},"loc":{"start":{"line":94,"column":37},"end":{"line":109,"column":1}},"line":94},"10":{"name":"(anonymous_10)","decl":{"start":{"line":95,"column":21},"end":{"line":95,"column":22}},"loc":{"start":{"line":95,"column":42},"end":{"line":108,"column":3}},"line":95},"11":{"name":"(anonymous_11)","decl":{"start":{"line":100,"column":12},"end":{"line":100,"column":13}},"loc":{"start":{"line":100,"column":24},"end":{"line":106,"column":7}},"line":100},"12":{"name":"(anonymous_12)","decl":{"start":{"line":107,"column":13},"end":{"line":107,"column":14}},"loc":{"start":{"line":107,"column":22},"end":{"line":107,"column":35}},"line":107},"13":{"name":"(anonymous_13)","decl":{"start":{"line":111,"column":19},"end":{"line":111,"column":20}},"loc":{"start":{"line":111,"column":36},"end":{"line":129,"column":1}},"line":111},"14":{"name":"(anonymous_14)","decl":{"start":{"line":112,"column":21},"end":{"line":112,"column":22}},"loc":{"start":{"line":112,"column":42},"end":{"line":128,"column":3}},"line":112},"15":{"name":"(anonymous_15)","decl":{"start":{"line":122,"column":12},"end":{"line":122,"column":13}},"loc":{"start":{"line":122,"column":24},"end":{"line":124,"column":7}},"line":122},"16":{"name":"(anonymous_16)","decl":{"start":{"line":125,"column":13},"end":{"line":125,"column":14}},"loc":{"start":{"line":125,"column":22},"end":{"line":127,"column":7}},"line":125},"17":{"name":"(anonymous_17)","decl":{"start":{"line":131,"column":19},"end":{"line":131,"column":20}},"loc":{"start":{"line":131,"column":40},"end":{"line":153,"column":1}},"line":131},"18":{"name":"(anonymous_18)","decl":{"start":{"line":132,"column":21},"end":{"line":132,"column":22}},"loc":{"start":{"line":132,"column":42},"end":{"line":152,"column":3}},"line":132},"19":{"name":"(anonymous_19)","decl":{"start":{"line":137,"column":12},"end":{"line":137,"column":13}},"loc":{"start":{"line":137,"column":18},"end":{"line":148,"column":7}},"line":137},"20":{"name":"(anonymous_20)","decl":{"start":{"line":142,"column":16},"end":{"line":142,"column":17}},"loc":{"start":{"line":142,"column":26},"end":{"line":144,"column":11}},"line":142},"21":{"name":"(anonymous_21)","decl":{"start":{"line":145,"column":17},"end":{"line":145,"column":18}},"loc":{"start":{"line":145,"column":26},"end":{"line":147,"column":11}},"line":145},"22":{"name":"(anonymous_22)","decl":{"start":{"line":149,"column":13},"end":{"line":149,"column":14}},"loc":{"start":{"line":149,"column":22},"end":{"line":151,"column":7}},"line":149},"23":{"name":"(anonymous_23)","decl":{"start":{"line":155,"column":26},"end":{"line":155,"column":27}},"loc":{"start":{"line":155,"column":57},"end":{"line":168,"column":1}},"line":155},"24":{"name":"(anonymous_24)","decl":{"start":{"line":156,"column":21},"end":{"line":156,"column":22}},"loc":{"start":{"line":156,"column":42},"end":{"line":167,"column":3}},"line":156},"25":{"name":"(anonymous_25)","decl":{"start":{"line":161,"column":12},"end":{"line":161,"column":13}},"loc":{"start":{"line":161,"column":24},"end":{"line":163,"column":7}},"line":161},"26":{"name":"(anonymous_26)","decl":{"start":{"line":164,"column":13},"end":{"line":164,"column":14}},"loc":{"start":{"line":164,"column":22},"end":{"line":166,"column":7}},"line":164},"27":{"name":"GetExchangeRate","decl":{"start":{"line":170,"column":9},"end":{"line":170,"column":24}},"loc":{"start":{"line":170,"column":73},"end":{"line":199,"column":1}},"line":170},"28":{"name":"(anonymous_28)","decl":{"start":{"line":171,"column":21},"end":{"line":171,"column":22}},"loc":{"start":{"line":171,"column":42},"end":{"line":198,"column":3}},"line":171},"29":{"name":"(anonymous_29)","decl":{"start":{"line":181,"column":12},"end":{"line":181,"column":13}},"loc":{"start":{"line":181,"column":24},"end":{"line":190,"column":7}},"line":181},"30":{"name":"(anonymous_30)","decl":{"start":{"line":184,"column":30},"end":{"line":184,"column":31}},"loc":{"start":{"line":184,"column":46},"end":{"line":188,"column":9}},"line":184},"31":{"name":"(anonymous_31)","decl":{"start":{"line":191,"column":13},"end":{"line":191,"column":14}},"loc":{"start":{"line":191,"column":22},"end":{"line":197,"column":7}},"line":191},"32":{"name":"NewTransaction","decl":{"start":{"line":201,"column":9},"end":{"line":201,"column":23}},"loc":{"start":{"line":201,"column":40},"end":{"line":214,"column":1}},"line":201},"33":{"name":"(anonymous_33)","decl":{"start":{"line":202,"column":21},"end":{"line":202,"column":22}},"loc":{"start":{"line":202,"column":42},"end":{"line":213,"column":3}},"line":202},"34":{"name":"(anonymous_34)","decl":{"start":{"line":207,"column":12},"end":{"line":207,"column":13}},"loc":{"start":{"line":207,"column":24},"end":{"line":209,"column":7}},"line":207},"35":{"name":"(anonymous_35)","decl":{"start":{"line":210,"column":13},"end":{"line":210,"column":14}},"loc":{"start":{"line":210,"column":22},"end":{"line":212,"column":7}},"line":210},"36":{"name":"AddToKeychain","decl":{"start":{"line":216,"column":15},"end":{"line":216,"column":28}},"loc":{"start":{"line":216,"column":49},"end":{"line":225,"column":1}},"line":216},"37":{"name":"DeleteUser","decl":{"start":{"line":227,"column":15},"end":{"line":227,"column":25}},"loc":{"start":{"line":227,"column":34},"end":{"line":238,"column":1}},"line":227},"38":{"name":"DeleteTransactions","decl":{"start":{"line":240,"column":15},"end":{"line":240,"column":33}},"loc":{"start":{"line":240,"column":42},"end":{"line":267,"column":1}},"line":240},"39":{"name":"(anonymous_39)","decl":{"start":{"line":246,"column":19},"end":{"line":246,"column":20}},"loc":{"start":{"line":246,"column":32},"end":{"line":252,"column":5}},"line":246},"40":{"name":"(anonymous_40)","decl":{"start":{"line":257,"column":19},"end":{"line":257,"column":20}},"loc":{"start":{"line":257,"column":32},"end":{"line":263,"column":5}},"line":257}},"branchMap":{"0":{"loc":{"start":{"line":30,"column":4},"end":{"line":51,"column":5}},"type":"if","locations":[{"start":{"line":30,"column":4},"end":{"line":51,"column":5}},{"start":{"line":30,"column":4},"end":{"line":51,"column":5}}],"line":30},"1":{"loc":{"start":{"line":39,"column":10},"end":{"line":44,"column":11}},"type":"if","locations":[{"start":{"line":39,"column":10},"end":{"line":44,"column":11}},{"start":{"line":39,"column":10},"end":{"line":44,"column":11}}],"line":39},"2":{"loc":{"start":{"line":71,"column":33},"end":{"line":71,"column":49}},"type":"default-arg","locations":[{"start":{"line":71,"column":44},"end":{"line":71,"column":49}}],"line":71},"3":{"loc":{"start":{"line":71,"column":51},"end":{"line":71,"column":70}},"type":"default-arg","locations":[{"start":{"line":71,"column":61},"end":{"line":71,"column":70}}],"line":71},"4":{"loc":{"start":{"line":72,"column":2},"end":{"line":91,"column":3}},"type":"if","locations":[{"start":{"line":72,"column":2},"end":{"line":91,"column":3}},{"start":{"line":72,"column":2},"end":{"line":91,"column":3}}],"line":72},"5":{"loc":{"start":{"line":76,"column":8},"end":{"line":78,"column":36}},"type":"cond-expr","locations":[{"start":{"line":77,"column":12},"end":{"line":77,"column":36}},{"start":{"line":78,"column":12},"end":{"line":78,"column":36}}],"line":76},"6":{"loc":{"start":{"line":84,"column":9},"end":{"line":91,"column":3}},"type":"if","locations":[{"start":{"line":84,"column":9},"end":{"line":91,"column":3}},{"start":{"line":84,"column":9},"end":{"line":91,"column":3}}],"line":84},"7":{"loc":{"start":{"line":84,"column":13},"end":{"line":84,"column":67}},"type":"binary-expr","locations":[{"start":{"line":84,"column":13},"end":{"line":84,"column":30}},{"start":{"line":84,"column":34},"end":{"line":84,"column":67}}],"line":84},"8":{"loc":{"start":{"line":86,"column":6},"end":{"line":88,"column":41}},"type":"cond-expr","locations":[{"start":{"line":87,"column":10},"end":{"line":87,"column":41}},{"start":{"line":88,"column":10},"end":{"line":88,"column":41}}],"line":86},"9":{"loc":{"start":{"line":101,"column":8},"end":{"line":105,"column":9}},"type":"if","locations":[{"start":{"line":101,"column":8},"end":{"line":105,"column":9}},{"start":{"line":101,"column":8},"end":{"line":105,"column":9}}],"line":101},"10":{"loc":{"start":{"line":170,"column":25},"end":{"line":170,"column":45}},"type":"default-arg","locations":[{"start":{"line":170,"column":38},"end":{"line":170,"column":45}}],"line":170},"11":{"loc":{"start":{"line":170,"column":47},"end":{"line":170,"column":71}},"type":"default-arg","locations":[{"start":{"line":170,"column":66},"end":{"line":170,"column":71}}],"line":170},"12":{"loc":{"start":{"line":192,"column":8},"end":{"line":196,"column":9}},"type":"if","locations":[{"start":{"line":192,"column":8},"end":{"line":196,"column":9}},{"start":{"line":192,"column":8},"end":{"line":196,"column":9}}],"line":192}},"s":{"0":5,"1":5,"2":5,"3":5,"4":5,"5":0,"6":0,"7":0,"8":0,"9":0,"10":0,"11":0,"12":0,"13":0,"14":0,"15":0,"16":0,"17":0,"18":0,"19":0,"20":0,"21":0,"22":0,"23":0,"24":0,"25":0,"26":0,"27":0,"28":0,"29":0,"30":0,"31":0,"32":0,"33":0,"34":0,"35":0,"36":5,"37":0,"38":0,"39":0,"40":0,"41":0,"42":5,"43":0,"44":0,"45":0,"46":0,"47":0,"48":0,"49":5,"50":0,"51":0,"52":0,"53":0,"54":0,"55":0,"56":0,"57":0,"58":0,"59":0,"60":0,"61":0,"62":0,"63":0,"64":0,"65":0,"66":0,"67":0,"68":0,"69":0,"70":0,"71":0,"72":0,"73":0,"74":0,"75":0,"76":0,"77":0,"78":0,"79":0,"80":0,"81":0,"82":0,"83":0,"84":0,"85":0,"86":0,"87":0,"88":0,"89":0,"90":0,"91":0},"f":{"0":0,"1":0,"2":0,"3":0,"4":0,"5":0,"6":0,"7":0,"8":0,"9":0,"10":0,"11":0,"12":0,"13":0,"14":0,"15":0,"16":0,"17":0,"18":0,"19":0,"20":0,"21":0,"22":0,"23":0,"24":0,"25":0,"26":0,"27":0,"28":0,"29":0,"30":0,"31":0,"32":0,"33":0,"34":0,"35":0,"36":0,"37":0,"38":0,"39":0,"40":0},"b":{"0":[0,0],"1":[0,0],"2":[0],"3":[0],"4":[0,0],"5":[0,0],"6":[0,0],"7":[0,0],"8":[0,0],"9":[0,0],"10":[0],"11":[0],"12":[0,0]},"_coverageSchema":"43e27e138ebf9cfc5966b082cf9a028302ed4184","hash":"1e7c48634a623e088430c1bcc2ccea655dbe12e7"}
,"/Users/brycedbjork/git/splash/src/bitcoin-api.js": {"path":"/Users/brycedbjork/git/splash/src/bitcoin-api.js","statementMap":{"0":{"start":{"line":1,"column":12},"end":{"line":1,"column":28}},"1":{"start":{"line":3,"column":13},"end":{"line":3,"column":60}},"2":{"start":{"line":6,"column":16},"end":{"line":6,"column":36}},"3":{"start":{"line":10,"column":27},"end":{"line":10,"column":36}},"4":{"start":{"line":12,"column":21},"end":{"line":12,"column":22}},"5":{"start":{"line":13,"column":23},"end":{"line":13,"column":51}},"6":{"start":{"line":14,"column":16},"end":{"line":14,"column":59}},"7":{"start":{"line":16,"column":22},"end":{"line":18,"column":1}},"8":{"start":{"line":20,"column":23},"end":{"line":153,"column":1}},"9":{"start":{"line":28,"column":4},"end":{"line":37,"column":8}},"10":{"start":{"line":36,"column":6},"end":{"line":36,"column":34}},"11":{"start":{"line":42,"column":4},"end":{"line":51,"column":8}},"12":{"start":{"line":50,"column":6},"end":{"line":50,"column":34}},"13":{"start":{"line":62,"column":4},"end":{"line":66,"column":8}},"14":{"start":{"line":65,"column":6},"end":{"line":65,"column":39}},"15":{"start":{"line":71,"column":4},"end":{"line":75,"column":8}},"16":{"start":{"line":74,"column":6},"end":{"line":74,"column":39}},"17":{"start":{"line":86,"column":4},"end":{"line":102,"column":8}},"18":{"start":{"line":94,"column":6},"end":{"line":101,"column":9}},"19":{"start":{"line":95,"column":7},"end":{"line":100,"column":9}},"20":{"start":{"line":107,"column":4},"end":{"line":123,"column":8}},"21":{"start":{"line":115,"column":6},"end":{"line":122,"column":9}},"22":{"start":{"line":116,"column":7},"end":{"line":121,"column":9}},"23":{"start":{"line":134,"column":4},"end":{"line":139,"column":6}},"24":{"start":{"line":144,"column":4},"end":{"line":149,"column":6}},"25":{"start":{"line":156,"column":0},"end":{"line":156,"column":73}},"26":{"start":{"line":157,"column":0},"end":{"line":157,"column":73}},"27":{"start":{"line":158,"column":0},"end":{"line":158,"column":61}},"28":{"start":{"line":159,"column":0},"end":{"line":159,"column":61}},"29":{"start":{"line":160,"column":0},"end":{"line":160,"column":67}},"30":{"start":{"line":161,"column":0},"end":{"line":161,"column":67}},"31":{"start":{"line":162,"column":0},"end":{"line":162,"column":71}},"32":{"start":{"line":163,"column":0},"end":{"line":163,"column":71}},"33":{"start":{"line":165,"column":30},"end":{"line":170,"column":1}},"34":{"start":{"line":173,"column":1},"end":{"line":173,"column":59}},"35":{"start":{"line":178,"column":1},"end":{"line":182,"column":2}},"36":{"start":{"line":179,"column":2},"end":{"line":179,"column":38}},"37":{"start":{"line":181,"column":2},"end":{"line":181,"column":27}},"38":{"start":{"line":187,"column":1},"end":{"line":190,"column":30}},"39":{"start":{"line":191,"column":15},"end":{"line":194,"column":3}},"40":{"start":{"line":195,"column":1},"end":{"line":201,"column":3}},"41":{"start":{"line":205,"column":1},"end":{"line":232,"column":4}},"42":{"start":{"line":207,"column":3},"end":{"line":209,"column":57}},"43":{"start":{"line":211,"column":2},"end":{"line":231,"column":6}},"44":{"start":{"line":218,"column":4},"end":{"line":224,"column":5}},"45":{"start":{"line":219,"column":5},"end":{"line":221,"column":7}},"46":{"start":{"line":223,"column":5},"end":{"line":223,"column":39}},"47":{"start":{"line":226,"column":4},"end":{"line":230,"column":5}},"48":{"start":{"line":227,"column":5},"end":{"line":227,"column":34}},"49":{"start":{"line":229,"column":5},"end":{"line":229,"column":19}},"50":{"start":{"line":243,"column":1},"end":{"line":289,"column":4}},"51":{"start":{"line":244,"column":2},"end":{"line":288,"column":6}},"52":{"start":{"line":248,"column":4},"end":{"line":284,"column":5}},"53":{"start":{"line":249,"column":5},"end":{"line":281,"column":9}},"54":{"start":{"line":253,"column":8},"end":{"line":255,"column":35}},"55":{"start":{"line":256,"column":16},"end":{"line":258,"column":8}},"56":{"start":{"line":259,"column":21},"end":{"line":259,"column":22}},"57":{"start":{"line":260,"column":26},"end":{"line":260,"column":27}},"58":{"start":{"line":261,"column":7},"end":{"line":270,"column":8}},"59":{"start":{"line":261,"column":20},"end":{"line":261,"column":21}},"60":{"start":{"line":262,"column":21},"end":{"line":262,"column":29}},"61":{"start":{"line":263,"column":8},"end":{"line":269,"column":9}},"62":{"start":{"line":264,"column":9},"end":{"line":264,"column":43}},"63":{"start":{"line":265,"column":9},"end":{"line":265,"column":39}},"64":{"start":{"line":266,"column":9},"end":{"line":266,"column":19}},"65":{"start":{"line":268,"column":9},"end":{"line":268,"column":47}},"66":{"start":{"line":268,"column":41},"end":{"line":268,"column":47}},"67":{"start":{"line":271,"column":22},"end":{"line":271,"column":47}},"68":{"start":{"line":273,"column":8},"end":{"line":276,"column":22}},"69":{"start":{"line":277,"column":7},"end":{"line":277,"column":20}},"70":{"start":{"line":280,"column":7},"end":{"line":280,"column":21}},"71":{"start":{"line":283,"column":5},"end":{"line":283,"column":25}},"72":{"start":{"line":287,"column":4},"end":{"line":287,"column":18}},"73":{"start":{"line":294,"column":1},"end":{"line":295,"column":29}},"74":{"start":{"line":295,"column":2},"end":{"line":295,"column":29}},"75":{"start":{"line":296,"column":1},"end":{"line":296,"column":54}},"76":{"start":{"line":296,"column":27},"end":{"line":296,"column":54}},"77":{"start":{"line":297,"column":1},"end":{"line":297,"column":52}},"78":{"start":{"line":297,"column":25},"end":{"line":297,"column":52}},"79":{"start":{"line":298,"column":1},"end":{"line":298,"column":58}},"80":{"start":{"line":298,"column":31},"end":{"line":298,"column":58}},"81":{"start":{"line":299,"column":1},"end":{"line":299,"column":60}},"82":{"start":{"line":299,"column":33},"end":{"line":299,"column":60}},"83":{"start":{"line":302,"column":1},"end":{"line":302,"column":58}},"84":{"start":{"line":302,"column":30},"end":{"line":302,"column":58}},"85":{"start":{"line":303,"column":1},"end":{"line":303,"column":50}},"86":{"start":{"line":303,"column":26},"end":{"line":303,"column":50}},"87":{"start":{"line":304,"column":1},"end":{"line":305,"column":65}},"88":{"start":{"line":305,"column":2},"end":{"line":305,"column":65}},"89":{"start":{"line":306,"column":1},"end":{"line":307,"column":65}},"90":{"start":{"line":307,"column":2},"end":{"line":307,"column":65}},"91":{"start":{"line":308,"column":1},"end":{"line":309,"column":69}},"92":{"start":{"line":309,"column":2},"end":{"line":309,"column":69}},"93":{"start":{"line":310,"column":1},"end":{"line":310,"column":52}},"94":{"start":{"line":310,"column":29},"end":{"line":310,"column":52}},"95":{"start":{"line":312,"column":12},"end":{"line":312,"column":24}},"96":{"start":{"line":313,"column":10},"end":{"line":313,"column":20}},"97":{"start":{"line":314,"column":18},"end":{"line":314,"column":34}},"98":{"start":{"line":316,"column":2},"end":{"line":318,"column":29}},"99":{"start":{"line":320,"column":1},"end":{"line":390,"column":4}},"100":{"start":{"line":323,"column":2},"end":{"line":389,"column":6}},"101":{"start":{"line":328,"column":21},"end":{"line":328,"column":27}},"102":{"start":{"line":329,"column":16},"end":{"line":329,"column":22}},"103":{"start":{"line":332,"column":13},"end":{"line":332,"column":59}},"104":{"start":{"line":333,"column":18},"end":{"line":333,"column":19}},"105":{"start":{"line":334,"column":23},"end":{"line":334,"column":24}},"106":{"start":{"line":335,"column":4},"end":{"line":344,"column":5}},"107":{"start":{"line":335,"column":17},"end":{"line":335,"column":18}},"108":{"start":{"line":336,"column":16},"end":{"line":336,"column":24}},"109":{"start":{"line":337,"column":5},"end":{"line":343,"column":6}},"110":{"start":{"line":338,"column":6},"end":{"line":338,"column":40}},"111":{"start":{"line":339,"column":6},"end":{"line":339,"column":36}},"112":{"start":{"line":340,"column":6},"end":{"line":340,"column":16}},"113":{"start":{"line":342,"column":6},"end":{"line":342,"column":44}},"114":{"start":{"line":342,"column":38},"end":{"line":342,"column":44}},"115":{"start":{"line":346,"column":4},"end":{"line":346,"column":62}},"116":{"start":{"line":346,"column":35},"end":{"line":346,"column":62}},"117":{"start":{"line":348,"column":17},"end":{"line":348,"column":42}},"118":{"start":{"line":349,"column":14},"end":{"line":349,"column":74}},"119":{"start":{"line":350,"column":4},"end":{"line":352,"column":5}},"120":{"start":{"line":351,"column":5},"end":{"line":351,"column":23}},"121":{"start":{"line":354,"column":4},"end":{"line":354,"column":51}},"122":{"start":{"line":354,"column":26},"end":{"line":354,"column":51}},"123":{"start":{"line":357,"column":4},"end":{"line":357,"column":39}},"124":{"start":{"line":358,"column":4},"end":{"line":358,"column":47}},"125":{"start":{"line":358,"column":20},"end":{"line":358,"column":47}},"126":{"start":{"line":361,"column":18},"end":{"line":364,"column":5}},"127":{"start":{"line":365,"column":4},"end":{"line":367,"column":5}},"128":{"start":{"line":365,"column":17},"end":{"line":365,"column":18}},"129":{"start":{"line":366,"column":5},"end":{"line":366,"column":25}},"130":{"start":{"line":370,"column":16},"end":{"line":370,"column":34}},"131":{"start":{"line":371,"column":17},"end":{"line":371,"column":59}},"132":{"start":{"line":372,"column":4},"end":{"line":385,"column":5}},"133":{"start":{"line":373,"column":5},"end":{"line":373,"column":28}},"134":{"start":{"line":377,"column":5},"end":{"line":384,"column":9}},"135":{"start":{"line":380,"column":7},"end":{"line":380,"column":32}},"136":{"start":{"line":383,"column":7},"end":{"line":383,"column":21}},"137":{"start":{"line":388,"column":4},"end":{"line":388,"column":18}},"138":{"start":{"line":399,"column":23},"end":{"line":399,"column":25}},"139":{"start":{"line":400,"column":1},"end":{"line":535,"column":2}},"140":{"start":{"line":403,"column":18},"end":{"line":403,"column":55}},"141":{"start":{"line":405,"column":3},"end":{"line":407,"column":58}},"142":{"start":{"line":409,"column":3},"end":{"line":411,"column":51}},"143":{"start":{"line":413,"column":3},"end":{"line":415,"column":48}},"144":{"start":{"line":417,"column":3},"end":{"line":419,"column":55}},"145":{"start":{"line":422,"column":17},"end":{"line":427,"column":9}},"146":{"start":{"line":428,"column":17},"end":{"line":433,"column":9}},"147":{"start":{"line":436,"column":22},"end":{"line":436,"column":24}},"148":{"start":{"line":437,"column":20},"end":{"line":437,"column":22}},"149":{"start":{"line":438,"column":2},"end":{"line":447,"column":3}},"150":{"start":{"line":439,"column":3},"end":{"line":442,"column":6}},"151":{"start":{"line":440,"column":4},"end":{"line":440,"column":40}},"152":{"start":{"line":441,"column":4},"end":{"line":441,"column":33}},"153":{"start":{"line":443,"column":3},"end":{"line":446,"column":6}},"154":{"start":{"line":444,"column":4},"end":{"line":444,"column":40}},"155":{"start":{"line":445,"column":4},"end":{"line":445,"column":33}},"156":{"start":{"line":450,"column":22},"end":{"line":450,"column":70}},"157":{"start":{"line":451,"column":14},"end":{"line":451,"column":62}},"158":{"start":{"line":452,"column":20},"end":{"line":452,"column":30}},"159":{"start":{"line":453,"column":2},"end":{"line":526,"column":3}},"160":{"start":{"line":453,"column":15},"end":{"line":453,"column":16}},"161":{"start":{"line":454,"column":17},"end":{"line":454,"column":51}},"162":{"start":{"line":456,"column":3},"end":{"line":525,"column":4}},"163":{"start":{"line":458,"column":18},"end":{"line":458,"column":23}},"164":{"start":{"line":460,"column":5},"end":{"line":462,"column":45}},"165":{"start":{"line":463,"column":4},"end":{"line":465,"column":5}},"166":{"start":{"line":464,"column":5},"end":{"line":464,"column":20}},"167":{"start":{"line":467,"column":25},"end":{"line":467,"column":27}},"168":{"start":{"line":468,"column":4},"end":{"line":481,"column":5}},"169":{"start":{"line":469,"column":5},"end":{"line":469,"column":41}},"170":{"start":{"line":470,"column":5},"end":{"line":470,"column":38}},"171":{"start":{"line":471,"column":5},"end":{"line":471,"column":50}},"172":{"start":{"line":473,"column":5},"end":{"line":480,"column":7}},"173":{"start":{"line":482,"column":17},"end":{"line":482,"column":19}},"174":{"start":{"line":485,"column":18},"end":{"line":487,"column":11}},"175":{"start":{"line":488,"column":4},"end":{"line":500,"column":5}},"176":{"start":{"line":489,"column":5},"end":{"line":489,"column":36}},"177":{"start":{"line":490,"column":5},"end":{"line":490,"column":46}},"178":{"start":{"line":491,"column":5},"end":{"line":491,"column":42}},"179":{"start":{"line":492,"column":5},"end":{"line":492,"column":51}},"180":{"start":{"line":493,"column":5},"end":{"line":493,"column":34}},"181":{"start":{"line":495,"column":5},"end":{"line":495,"column":34}},"182":{"start":{"line":496,"column":5},"end":{"line":496,"column":44}},"183":{"start":{"line":497,"column":5},"end":{"line":497,"column":40}},"184":{"start":{"line":498,"column":5},"end":{"line":498,"column":65}},"185":{"start":{"line":499,"column":5},"end":{"line":499,"column":29}},"186":{"start":{"line":503,"column":4},"end":{"line":505,"column":12}},"187":{"start":{"line":506,"column":4},"end":{"line":506,"column":48}},"188":{"start":{"line":509,"column":4},"end":{"line":524,"column":5}},"189":{"start":{"line":510,"column":5},"end":{"line":520,"column":6}},"190":{"start":{"line":516,"column":6},"end":{"line":519,"column":45}},"191":{"start":{"line":521,"column":5},"end":{"line":521,"column":43}},"192":{"start":{"line":522,"column":5},"end":{"line":522,"column":45}},"193":{"start":{"line":523,"column":5},"end":{"line":523,"column":42}},"194":{"start":{"line":527,"column":2},"end":{"line":527,"column":25}},"195":{"start":{"line":529,"column":2},"end":{"line":529,"column":21}},"196":{"start":{"line":530,"column":2},"end":{"line":534,"column":3}},"197":{"start":{"line":531,"column":3},"end":{"line":531,"column":30}},"198":{"start":{"line":533,"column":3},"end":{"line":533,"column":15}},"199":{"start":{"line":547,"column":1},"end":{"line":573,"column":4}},"200":{"start":{"line":548,"column":2},"end":{"line":572,"column":6}},"201":{"start":{"line":550,"column":4},"end":{"line":568,"column":5}},"202":{"start":{"line":551,"column":5},"end":{"line":565,"column":9}},"203":{"start":{"line":561,"column":7},"end":{"line":561,"column":25}},"204":{"start":{"line":564,"column":7},"end":{"line":564,"column":21}},"205":{"start":{"line":567,"column":5},"end":{"line":567,"column":36}},"206":{"start":{"line":571,"column":4},"end":{"line":571,"column":18}}},"fnMap":{"0":{"name":"(anonymous_0)","decl":{"start":{"line":27,"column":15},"end":{"line":27,"column":16}},"loc":{"start":{"line":27,"column":30},"end":{"line":38,"column":4}},"line":27},"1":{"name":"(anonymous_1)","decl":{"start":{"line":35,"column":11},"end":{"line":35,"column":12}},"loc":{"start":{"line":35,"column":25},"end":{"line":37,"column":6}},"line":35},"2":{"name":"(anonymous_2)","decl":{"start":{"line":41,"column":15},"end":{"line":41,"column":16}},"loc":{"start":{"line":41,"column":30},"end":{"line":52,"column":4}},"line":41},"3":{"name":"(anonymous_3)","decl":{"start":{"line":49,"column":11},"end":{"line":49,"column":12}},"loc":{"start":{"line":49,"column":25},"end":{"line":51,"column":6}},"line":49},"4":{"name":"(anonymous_4)","decl":{"start":{"line":61,"column":9},"end":{"line":61,"column":10}},"loc":{"start":{"line":61,"column":27},"end":{"line":67,"column":4}},"line":61},"5":{"name":"(anonymous_5)","decl":{"start":{"line":64,"column":11},"end":{"line":64,"column":12}},"loc":{"start":{"line":64,"column":25},"end":{"line":66,"column":6}},"line":64},"6":{"name":"(anonymous_6)","decl":{"start":{"line":70,"column":9},"end":{"line":70,"column":10}},"loc":{"start":{"line":70,"column":27},"end":{"line":76,"column":4}},"line":70},"7":{"name":"(anonymous_7)","decl":{"start":{"line":73,"column":11},"end":{"line":73,"column":12}},"loc":{"start":{"line":73,"column":25},"end":{"line":75,"column":6}},"line":73},"8":{"name":"(anonymous_8)","decl":{"start":{"line":85,"column":15},"end":{"line":85,"column":16}},"loc":{"start":{"line":85,"column":30},"end":{"line":103,"column":4}},"line":85},"9":{"name":"(anonymous_9)","decl":{"start":{"line":93,"column":11},"end":{"line":93,"column":12}},"loc":{"start":{"line":93,"column":25},"end":{"line":102,"column":6}},"line":93},"10":{"name":"(anonymous_10)","decl":{"start":{"line":94,"column":42},"end":{"line":94,"column":43}},"loc":{"start":{"line":94,"column":54},"end":{"line":101,"column":7}},"line":94},"11":{"name":"(anonymous_11)","decl":{"start":{"line":106,"column":15},"end":{"line":106,"column":16}},"loc":{"start":{"line":106,"column":30},"end":{"line":124,"column":4}},"line":106},"12":{"name":"(anonymous_12)","decl":{"start":{"line":114,"column":11},"end":{"line":114,"column":12}},"loc":{"start":{"line":114,"column":25},"end":{"line":123,"column":6}},"line":114},"13":{"name":"(anonymous_13)","decl":{"start":{"line":115,"column":42},"end":{"line":115,"column":43}},"loc":{"start":{"line":115,"column":54},"end":{"line":122,"column":7}},"line":115},"14":{"name":"(anonymous_14)","decl":{"start":{"line":133,"column":15},"end":{"line":133,"column":16}},"loc":{"start":{"line":133,"column":34},"end":{"line":140,"column":4}},"line":133},"15":{"name":"(anonymous_15)","decl":{"start":{"line":143,"column":15},"end":{"line":143,"column":16}},"loc":{"start":{"line":143,"column":34},"end":{"line":150,"column":4}},"line":143},"16":{"name":"getTransactionSize","decl":{"start":{"line":172,"column":16},"end":{"line":172,"column":34}},"loc":{"start":{"line":172,"column":58},"end":{"line":174,"column":1}},"line":172},"17":{"name":"getFees","decl":{"start":{"line":177,"column":16},"end":{"line":177,"column":23}},"loc":{"start":{"line":177,"column":73},"end":{"line":183,"column":1}},"line":177},"18":{"name":"NewBitcoinWallet","decl":{"start":{"line":186,"column":16},"end":{"line":186,"column":32}},"loc":{"start":{"line":186,"column":54},"end":{"line":202,"column":1}},"line":186},"19":{"name":"GetBitcoinAddressBalance","decl":{"start":{"line":204,"column":16},"end":{"line":204,"column":40}},"loc":{"start":{"line":204,"column":71},"end":{"line":233,"column":1}},"line":204},"20":{"name":"(anonymous_20)","decl":{"start":{"line":205,"column":20},"end":{"line":205,"column":21}},"loc":{"start":{"line":205,"column":41},"end":{"line":232,"column":2}},"line":205},"21":{"name":"(anonymous_21)","decl":{"start":{"line":217,"column":10},"end":{"line":217,"column":11}},"loc":{"start":{"line":217,"column":22},"end":{"line":225,"column":4}},"line":217},"22":{"name":"(anonymous_22)","decl":{"start":{"line":225,"column":12},"end":{"line":225,"column":13}},"loc":{"start":{"line":225,"column":21},"end":{"line":231,"column":4}},"line":225},"23":{"name":"GetBitcoinFees","decl":{"start":{"line":237,"column":16},"end":{"line":237,"column":30}},"loc":{"start":{"line":242,"column":3},"end":{"line":290,"column":1}},"line":242},"24":{"name":"(anonymous_24)","decl":{"start":{"line":243,"column":20},"end":{"line":243,"column":21}},"loc":{"start":{"line":243,"column":41},"end":{"line":289,"column":2}},"line":243},"25":{"name":"(anonymous_25)","decl":{"start":{"line":245,"column":9},"end":{"line":245,"column":10}},"loc":{"start":{"line":245,"column":23},"end":{"line":285,"column":4}},"line":245},"26":{"name":"(anonymous_26)","decl":{"start":{"line":251,"column":12},"end":{"line":251,"column":13}},"loc":{"start":{"line":251,"column":21},"end":{"line":278,"column":7}},"line":251},"27":{"name":"(anonymous_27)","decl":{"start":{"line":279,"column":13},"end":{"line":279,"column":14}},"loc":{"start":{"line":279,"column":22},"end":{"line":281,"column":7}},"line":279},"28":{"name":"(anonymous_28)","decl":{"start":{"line":286,"column":10},"end":{"line":286,"column":11}},"loc":{"start":{"line":286,"column":19},"end":{"line":288,"column":4}},"line":286},"29":{"name":"publishTransaction","decl":{"start":{"line":292,"column":9},"end":{"line":292,"column":27}},"loc":{"start":{"line":292,"column":37},"end":{"line":391,"column":1}},"line":292},"30":{"name":"(anonymous_30)","decl":{"start":{"line":320,"column":20},"end":{"line":320,"column":21}},"loc":{"start":{"line":320,"column":41},"end":{"line":390,"column":2}},"line":320},"31":{"name":"(anonymous_31)","decl":{"start":{"line":327,"column":9},"end":{"line":327,"column":10}},"loc":{"start":{"line":327,"column":23},"end":{"line":386,"column":4}},"line":327},"32":{"name":"(anonymous_32)","decl":{"start":{"line":379,"column":12},"end":{"line":379,"column":13}},"loc":{"start":{"line":379,"column":18},"end":{"line":381,"column":7}},"line":379},"33":{"name":"(anonymous_33)","decl":{"start":{"line":382,"column":13},"end":{"line":382,"column":14}},"loc":{"start":{"line":382,"column":22},"end":{"line":384,"column":7}},"line":382},"34":{"name":"(anonymous_34)","decl":{"start":{"line":387,"column":10},"end":{"line":387,"column":11}},"loc":{"start":{"line":387,"column":19},"end":{"line":389,"column":4}},"line":387},"35":{"name":"LoadBTCTransactions","decl":{"start":{"line":393,"column":22},"end":{"line":393,"column":41}},"loc":{"start":{"line":398,"column":2},"end":{"line":536,"column":1}},"line":398},"36":{"name":"(anonymous_36)","decl":{"start":{"line":439,"column":18},"end":{"line":439,"column":19}},"loc":{"start":{"line":439,"column":25},"end":{"line":442,"column":4}},"line":439},"37":{"name":"(anonymous_37)","decl":{"start":{"line":443,"column":18},"end":{"line":443,"column":19}},"loc":{"start":{"line":443,"column":25},"end":{"line":446,"column":4}},"line":443},"38":{"name":"BuildBitcoinTransaction","decl":{"start":{"line":539,"column":16},"end":{"line":539,"column":39}},"loc":{"start":{"line":546,"column":3},"end":{"line":574,"column":1}},"line":546},"39":{"name":"(anonymous_39)","decl":{"start":{"line":547,"column":20},"end":{"line":547,"column":21}},"loc":{"start":{"line":547,"column":41},"end":{"line":573,"column":2}},"line":547},"40":{"name":"(anonymous_40)","decl":{"start":{"line":549,"column":9},"end":{"line":549,"column":10}},"loc":{"start":{"line":549,"column":23},"end":{"line":569,"column":4}},"line":549},"41":{"name":"(anonymous_41)","decl":{"start":{"line":560,"column":12},"end":{"line":560,"column":13}},"loc":{"start":{"line":560,"column":24},"end":{"line":562,"column":7}},"line":560},"42":{"name":"(anonymous_42)","decl":{"start":{"line":563,"column":13},"end":{"line":563,"column":14}},"loc":{"start":{"line":563,"column":22},"end":{"line":565,"column":7}},"line":563},"43":{"name":"(anonymous_43)","decl":{"start":{"line":570,"column":10},"end":{"line":570,"column":11}},"loc":{"start":{"line":570,"column":19},"end":{"line":572,"column":4}},"line":570}},"branchMap":{"0":{"loc":{"start":{"line":177,"column":33},"end":{"line":177,"column":71}},"type":"default-arg","locations":[{"start":{"line":177,"column":44},"end":{"line":177,"column":71}}],"line":177},"1":{"loc":{"start":{"line":178,"column":1},"end":{"line":182,"column":2}},"type":"if","locations":[{"start":{"line":178,"column":1},"end":{"line":182,"column":2}},{"start":{"line":178,"column":1},"end":{"line":182,"column":2}}],"line":178},"2":{"loc":{"start":{"line":186,"column":33},"end":{"line":186,"column":52}},"type":"default-arg","locations":[{"start":{"line":186,"column":43},"end":{"line":186,"column":52}}],"line":186},"3":{"loc":{"start":{"line":188,"column":2},"end":{"line":190,"column":29}},"type":"cond-expr","locations":[{"start":{"line":189,"column":5},"end":{"line":189,"column":29}},{"start":{"line":190,"column":5},"end":{"line":190,"column":29}}],"line":188},"4":{"loc":{"start":{"line":204,"column":50},"end":{"line":204,"column":69}},"type":"default-arg","locations":[{"start":{"line":204,"column":60},"end":{"line":204,"column":69}}],"line":204},"5":{"loc":{"start":{"line":207,"column":3},"end":{"line":209,"column":57}},"type":"cond-expr","locations":[{"start":{"line":208,"column":6},"end":{"line":208,"column":49}},{"start":{"line":209,"column":6},"end":{"line":209,"column":57}}],"line":207},"6":{"loc":{"start":{"line":218,"column":4},"end":{"line":224,"column":5}},"type":"if","locations":[{"start":{"line":218,"column":4},"end":{"line":224,"column":5}},{"start":{"line":218,"column":4},"end":{"line":224,"column":5}}],"line":218},"7":{"loc":{"start":{"line":226,"column":4},"end":{"line":230,"column":5}},"type":"if","locations":[{"start":{"line":226,"column":4},"end":{"line":230,"column":5}},{"start":{"line":226,"column":4},"end":{"line":230,"column":5}}],"line":226},"8":{"loc":{"start":{"line":238,"column":1},"end":{"line":238,"column":20}},"type":"default-arg","locations":[{"start":{"line":238,"column":11},"end":{"line":238,"column":20}}],"line":238},"9":{"loc":{"start":{"line":239,"column":1},"end":{"line":239,"column":20}},"type":"default-arg","locations":[{"start":{"line":239,"column":11},"end":{"line":239,"column":20}}],"line":239},"10":{"loc":{"start":{"line":240,"column":1},"end":{"line":240,"column":12}},"type":"default-arg","locations":[{"start":{"line":240,"column":8},"end":{"line":240,"column":12}}],"line":240},"11":{"loc":{"start":{"line":241,"column":1},"end":{"line":241,"column":18}},"type":"default-arg","locations":[{"start":{"line":241,"column":14},"end":{"line":241,"column":18}}],"line":241},"12":{"loc":{"start":{"line":248,"column":4},"end":{"line":284,"column":5}},"type":"if","locations":[{"start":{"line":248,"column":4},"end":{"line":284,"column":5}},{"start":{"line":248,"column":4},"end":{"line":284,"column":5}}],"line":248},"13":{"loc":{"start":{"line":248,"column":8},"end":{"line":248,"column":26}},"type":"binary-expr","locations":[{"start":{"line":248,"column":8},"end":{"line":248,"column":12}},{"start":{"line":248,"column":16},"end":{"line":248,"column":26}}],"line":248},"14":{"loc":{"start":{"line":253,"column":8},"end":{"line":255,"column":35}},"type":"cond-expr","locations":[{"start":{"line":254,"column":11},"end":{"line":254,"column":35}},{"start":{"line":255,"column":11},"end":{"line":255,"column":35}}],"line":253},"15":{"loc":{"start":{"line":263,"column":8},"end":{"line":269,"column":9}},"type":"if","locations":[{"start":{"line":263,"column":8},"end":{"line":269,"column":9}},{"start":{"line":263,"column":8},"end":{"line":269,"column":9}}],"line":263},"16":{"loc":{"start":{"line":268,"column":9},"end":{"line":268,"column":47}},"type":"if","locations":[{"start":{"line":268,"column":9},"end":{"line":268,"column":47}},{"start":{"line":268,"column":9},"end":{"line":268,"column":47}}],"line":268},"17":{"loc":{"start":{"line":275,"column":9},"end":{"line":275,"column":27}},"type":"cond-expr","locations":[{"start":{"line":275,"column":22},"end":{"line":275,"column":23}},{"start":{"line":275,"column":26},"end":{"line":275,"column":27}}],"line":275},"18":{"loc":{"start":{"line":294,"column":1},"end":{"line":295,"column":29}},"type":"if","locations":[{"start":{"line":294,"column":1},"end":{"line":295,"column":29}},{"start":{"line":294,"column":1},"end":{"line":295,"column":29}}],"line":294},"19":{"loc":{"start":{"line":294,"column":5},"end":{"line":294,"column":51}},"type":"binary-expr","locations":[{"start":{"line":294,"column":5},"end":{"line":294,"column":20}},{"start":{"line":294,"column":24},"end":{"line":294,"column":51}}],"line":294},"20":{"loc":{"start":{"line":296,"column":1},"end":{"line":296,"column":54}},"type":"if","locations":[{"start":{"line":296,"column":1},"end":{"line":296,"column":54}},{"start":{"line":296,"column":1},"end":{"line":296,"column":54}}],"line":296},"21":{"loc":{"start":{"line":297,"column":1},"end":{"line":297,"column":52}},"type":"if","locations":[{"start":{"line":297,"column":1},"end":{"line":297,"column":52}},{"start":{"line":297,"column":1},"end":{"line":297,"column":52}}],"line":297},"22":{"loc":{"start":{"line":298,"column":1},"end":{"line":298,"column":58}},"type":"if","locations":[{"start":{"line":298,"column":1},"end":{"line":298,"column":58}},{"start":{"line":298,"column":1},"end":{"line":298,"column":58}}],"line":298},"23":{"loc":{"start":{"line":299,"column":1},"end":{"line":299,"column":60}},"type":"if","locations":[{"start":{"line":299,"column":1},"end":{"line":299,"column":60}},{"start":{"line":299,"column":1},"end":{"line":299,"column":60}}],"line":299},"24":{"loc":{"start":{"line":302,"column":1},"end":{"line":302,"column":58}},"type":"if","locations":[{"start":{"line":302,"column":1},"end":{"line":302,"column":58}},{"start":{"line":302,"column":1},"end":{"line":302,"column":58}}],"line":302},"25":{"loc":{"start":{"line":303,"column":1},"end":{"line":303,"column":50}},"type":"if","locations":[{"start":{"line":303,"column":1},"end":{"line":303,"column":50}},{"start":{"line":303,"column":1},"end":{"line":303,"column":50}}],"line":303},"26":{"loc":{"start":{"line":304,"column":1},"end":{"line":305,"column":65}},"type":"if","locations":[{"start":{"line":304,"column":1},"end":{"line":305,"column":65}},{"start":{"line":304,"column":1},"end":{"line":305,"column":65}}],"line":304},"27":{"loc":{"start":{"line":306,"column":1},"end":{"line":307,"column":65}},"type":"if","locations":[{"start":{"line":306,"column":1},"end":{"line":307,"column":65}},{"start":{"line":306,"column":1},"end":{"line":307,"column":65}}],"line":306},"28":{"loc":{"start":{"line":308,"column":1},"end":{"line":309,"column":69}},"type":"if","locations":[{"start":{"line":308,"column":1},"end":{"line":309,"column":69}},{"start":{"line":308,"column":1},"end":{"line":309,"column":69}}],"line":308},"29":{"loc":{"start":{"line":310,"column":1},"end":{"line":310,"column":52}},"type":"if","locations":[{"start":{"line":310,"column":1},"end":{"line":310,"column":52}},{"start":{"line":310,"column":1},"end":{"line":310,"column":52}}],"line":310},"30":{"loc":{"start":{"line":316,"column":2},"end":{"line":318,"column":29}},"type":"cond-expr","locations":[{"start":{"line":317,"column":5},"end":{"line":317,"column":29}},{"start":{"line":318,"column":5},"end":{"line":318,"column":29}}],"line":316},"31":{"loc":{"start":{"line":337,"column":5},"end":{"line":343,"column":6}},"type":"if","locations":[{"start":{"line":337,"column":5},"end":{"line":343,"column":6}},{"start":{"line":337,"column":5},"end":{"line":343,"column":6}}],"line":337},"32":{"loc":{"start":{"line":342,"column":6},"end":{"line":342,"column":44}},"type":"if","locations":[{"start":{"line":342,"column":6},"end":{"line":342,"column":44}},{"start":{"line":342,"column":6},"end":{"line":342,"column":44}}],"line":342},"33":{"loc":{"start":{"line":346,"column":4},"end":{"line":346,"column":62}},"type":"if","locations":[{"start":{"line":346,"column":4},"end":{"line":346,"column":62}},{"start":{"line":346,"column":4},"end":{"line":346,"column":62}}],"line":346},"34":{"loc":{"start":{"line":349,"column":42},"end":{"line":349,"column":60}},"type":"cond-expr","locations":[{"start":{"line":349,"column":55},"end":{"line":349,"column":56}},{"start":{"line":349,"column":59},"end":{"line":349,"column":60}}],"line":349},"35":{"loc":{"start":{"line":350,"column":4},"end":{"line":352,"column":5}},"type":"if","locations":[{"start":{"line":350,"column":4},"end":{"line":352,"column":5}},{"start":{"line":350,"column":4},"end":{"line":352,"column":5}}],"line":350},"36":{"loc":{"start":{"line":354,"column":4},"end":{"line":354,"column":51}},"type":"if","locations":[{"start":{"line":354,"column":4},"end":{"line":354,"column":51}},{"start":{"line":354,"column":4},"end":{"line":354,"column":51}}],"line":354},"37":{"loc":{"start":{"line":358,"column":4},"end":{"line":358,"column":47}},"type":"if","locations":[{"start":{"line":358,"column":4},"end":{"line":358,"column":47}},{"start":{"line":358,"column":4},"end":{"line":358,"column":47}}],"line":358},"38":{"loc":{"start":{"line":372,"column":4},"end":{"line":385,"column":5}},"type":"if","locations":[{"start":{"line":372,"column":4},"end":{"line":385,"column":5}},{"start":{"line":372,"column":4},"end":{"line":385,"column":5}}],"line":372},"39":{"loc":{"start":{"line":397,"column":1},"end":{"line":397,"column":20}},"type":"default-arg","locations":[{"start":{"line":397,"column":11},"end":{"line":397,"column":20}}],"line":397},"40":{"loc":{"start":{"line":405,"column":3},"end":{"line":407,"column":58}},"type":"cond-expr","locations":[{"start":{"line":406,"column":6},"end":{"line":406,"column":50}},{"start":{"line":407,"column":6},"end":{"line":407,"column":58}}],"line":405},"41":{"loc":{"start":{"line":409,"column":3},"end":{"line":411,"column":51}},"type":"cond-expr","locations":[{"start":{"line":410,"column":6},"end":{"line":410,"column":43}},{"start":{"line":411,"column":6},"end":{"line":411,"column":51}}],"line":409},"42":{"loc":{"start":{"line":413,"column":3},"end":{"line":415,"column":48}},"type":"cond-expr","locations":[{"start":{"line":414,"column":6},"end":{"line":414,"column":40}},{"start":{"line":415,"column":6},"end":{"line":415,"column":48}}],"line":413},"43":{"loc":{"start":{"line":417,"column":3},"end":{"line":419,"column":55}},"type":"cond-expr","locations":[{"start":{"line":418,"column":6},"end":{"line":418,"column":47}},{"start":{"line":419,"column":6},"end":{"line":419,"column":55}}],"line":417},"44":{"loc":{"start":{"line":438,"column":2},"end":{"line":447,"column":3}},"type":"if","locations":[{"start":{"line":438,"column":2},"end":{"line":447,"column":3}},{"start":{"line":438,"column":2},"end":{"line":447,"column":3}}],"line":438},"45":{"loc":{"start":{"line":438,"column":6},"end":{"line":438,"column":40}},"type":"binary-expr","locations":[{"start":{"line":438,"column":6},"end":{"line":438,"column":21}},{"start":{"line":438,"column":25},"end":{"line":438,"column":40}}],"line":438},"46":{"loc":{"start":{"line":456,"column":3},"end":{"line":525,"column":4}},"type":"if","locations":[{"start":{"line":456,"column":3},"end":{"line":525,"column":4}},{"start":{"line":456,"column":3},"end":{"line":525,"column":4}}],"line":456},"47":{"loc":{"start":{"line":460,"column":5},"end":{"line":462,"column":45}},"type":"cond-expr","locations":[{"start":{"line":461,"column":8},"end":{"line":461,"column":9}},{"start":{"line":462,"column":8},"end":{"line":462,"column":45}}],"line":460},"48":{"loc":{"start":{"line":463,"column":4},"end":{"line":465,"column":5}},"type":"if","locations":[{"start":{"line":463,"column":4},"end":{"line":465,"column":5}},{"start":{"line":463,"column":4},"end":{"line":465,"column":5}}],"line":463},"49":{"loc":{"start":{"line":463,"column":8},"end":{"line":463,"column":71}},"type":"binary-expr","locations":[{"start":{"line":463,"column":8},"end":{"line":463,"column":50}},{"start":{"line":463,"column":54},"end":{"line":463,"column":71}}],"line":463},"50":{"loc":{"start":{"line":468,"column":4},"end":{"line":481,"column":5}},"type":"if","locations":[{"start":{"line":468,"column":4},"end":{"line":481,"column":5}},{"start":{"line":468,"column":4},"end":{"line":481,"column":5}}],"line":468},"51":{"loc":{"start":{"line":488,"column":4},"end":{"line":500,"column":5}},"type":"if","locations":[{"start":{"line":488,"column":4},"end":{"line":500,"column":5}},{"start":{"line":488,"column":4},"end":{"line":500,"column":5}}],"line":488},"52":{"loc":{"start":{"line":509,"column":4},"end":{"line":524,"column":5}},"type":"if","locations":[{"start":{"line":509,"column":4},"end":{"line":524,"column":5}},{"start":{"line":509,"column":4},"end":{"line":524,"column":5}}],"line":509},"53":{"loc":{"start":{"line":510,"column":5},"end":{"line":520,"column":6}},"type":"if","locations":[{"start":{"line":510,"column":5},"end":{"line":520,"column":6}},{"start":{"line":510,"column":5},"end":{"line":520,"column":6}}],"line":510},"54":{"loc":{"start":{"line":511,"column":6},"end":{"line":513,"column":54}},"type":"binary-expr","locations":[{"start":{"line":511,"column":6},"end":{"line":511,"column":17}},{"start":{"line":512,"column":6},"end":{"line":512,"column":32}},{"start":{"line":513,"column":6},"end":{"line":513,"column":54}}],"line":511},"55":{"loc":{"start":{"line":530,"column":2},"end":{"line":534,"column":3}},"type":"if","locations":[{"start":{"line":530,"column":2},"end":{"line":534,"column":3}},{"start":{"line":530,"column":2},"end":{"line":534,"column":3}}],"line":530},"56":{"loc":{"start":{"line":544,"column":1},"end":{"line":544,"column":11}},"type":"default-arg","locations":[{"start":{"line":544,"column":7},"end":{"line":544,"column":11}}],"line":544},"57":{"loc":{"start":{"line":545,"column":1},"end":{"line":545,"column":20}},"type":"default-arg","locations":[{"start":{"line":545,"column":11},"end":{"line":545,"column":20}}],"line":545},"58":{"loc":{"start":{"line":550,"column":4},"end":{"line":568,"column":5}},"type":"if","locations":[{"start":{"line":550,"column":4},"end":{"line":568,"column":5}},{"start":{"line":550,"column":4},"end":{"line":568,"column":5}}],"line":550}},"s":{"0":3,"1":3,"2":3,"3":3,"4":3,"5":3,"6":3,"7":3,"8":3,"9":0,"10":0,"11":0,"12":0,"13":1,"14":0,"15":0,"16":0,"17":0,"18":0,"19":0,"20":0,"21":0,"22":0,"23":0,"24":0,"25":3,"26":3,"27":3,"28":3,"29":3,"30":3,"31":3,"32":3,"33":3,"34":0,"35":1,"36":0,"37":1,"38":0,"39":0,"40":0,"41":0,"42":0,"43":0,"44":0,"45":0,"46":0,"47":0,"48":0,"49":0,"50":1,"51":1,"52":0,"53":0,"54":0,"55":0,"56":0,"57":0,"58":0,"59":0,"60":0,"61":0,"62":0,"63":0,"64":0,"65":0,"66":0,"67":0,"68":0,"69":0,"70":0,"71":0,"72":0,"73":0,"74":0,"75":0,"76":0,"77":0,"78":0,"79":0,"80":0,"81":0,"82":0,"83":0,"84":0,"85":0,"86":0,"87":0,"88":0,"89":0,"90":0,"91":0,"92":0,"93":0,"94":0,"95":0,"96":0,"97":0,"98":0,"99":0,"100":0,"101":0,"102":0,"103":0,"104":0,"105":0,"106":0,"107":0,"108":0,"109":0,"110":0,"111":0,"112":0,"113":0,"114":0,"115":0,"116":0,"117":0,"118":0,"119":0,"120":0,"121":0,"122":0,"123":0,"124":0,"125":0,"126":0,"127":0,"128":0,"129":0,"130":0,"131":0,"132":0,"133":0,"134":0,"135":0,"136":0,"137":0,"138":0,"139":0,"140":0,"141":0,"142":0,"143":0,"144":0,"145":0,"146":0,"147":0,"148":0,"149":0,"150":0,"151":0,"152":0,"153":0,"154":0,"155":0,"156":0,"157":0,"158":0,"159":0,"160":0,"161":0,"162":0,"163":0,"164":0,"165":0,"166":0,"167":0,"168":0,"169":0,"170":0,"171":0,"172":0,"173":0,"174":0,"175":0,"176":0,"177":0,"178":0,"179":0,"180":0,"181":0,"182":0,"183":0,"184":0,"185":0,"186":0,"187":0,"188":0,"189":0,"190":0,"191":0,"192":0,"193":0,"194":0,"195":0,"196":0,"197":0,"198":0,"199":0,"200":0,"201":0,"202":0,"203":0,"204":0,"205":0,"206":0},"f":{"0":0,"1":0,"2":0,"3":0,"4":1,"5":0,"6":0,"7":0,"8":0,"9":0,"10":0,"11":0,"12":0,"13":0,"14":0,"15":0,"16":0,"17":1,"18":0,"19":0,"20":0,"21":0,"22":0,"23":1,"24":1,"25":0,"26":0,"27":0,"28":0,"29":0,"30":0,"31":0,"32":0,"33":0,"34":0,"35":0,"36":0,"37":0,"38":0,"39":0,"40":0,"41":0,"42":0,"43":0},"b":{"0":[1],"1":[0,1],"2":[0],"3":[0,0],"4":[0],"5":[0,0],"6":[0,0],"7":[0,0],"8":[1],"9":[1],"10":[1],"11":[0],"12":[0,0],"13":[0,0],"14":[0,0],"15":[0,0],"16":[0,0],"17":[0,0],"18":[0,0],"19":[0,0],"20":[0,0],"21":[0,0],"22":[0,0],"23":[0,0],"24":[0,0],"25":[0,0],"26":[0,0],"27":[0,0],"28":[0,0],"29":[0,0],"30":[0,0],"31":[0,0],"32":[0,0],"33":[0,0],"34":[0,0],"35":[0,0],"36":[0,0],"37":[0,0],"38":[0,0],"39":[0],"40":[0,0],"41":[0,0],"42":[0,0],"43":[0,0],"44":[0,0],"45":[0,0],"46":[0,0],"47":[0,0],"48":[0,0],"49":[0,0],"50":[0,0],"51":[0,0],"52":[0,0],"53":[0,0],"54":[0,0,0],"55":[0,0],"56":[0],"57":[0],"58":[0,0]},"_coverageSchema":"43e27e138ebf9cfc5966b082cf9a028302ed4184","hash":"5d3af9b75739e0fffab3917608711f21483f78ce"}
,"/Users/brycedbjork/git/splash/src/ethereum-api.js": {"path":"/Users/brycedbjork/git/splash/src/ethereum-api.js","statementMap":{"0":{"start":{"line":1,"column":12},"end":{"line":1,"column":28}},"1":{"start":{"line":2,"column":19},"end":{"line":2,"column":43}},"2":{"start":{"line":3,"column":14},"end":{"line":3,"column":48}},"3":{"start":{"line":4,"column":12},"end":{"line":4,"column":28}},"4":{"start":{"line":5,"column":15},"end":{"line":5,"column":43}},"5":{"start":{"line":13,"column":16},"end":{"line":13,"column":36}},"6":{"start":{"line":15,"column":31},"end":{"line":20,"column":1}},"7":{"start":{"line":24,"column":29},"end":{"line":54,"column":1}},"8":{"start":{"line":32,"column":4},"end":{"line":34,"column":39}},"9":{"start":{"line":35,"column":15},"end":{"line":35,"column":77}},"10":{"start":{"line":38,"column":2},"end":{"line":51,"column":3}},"11":{"start":{"line":39,"column":4},"end":{"line":39,"column":49}},"12":{"start":{"line":40,"column":4},"end":{"line":40,"column":54}},"13":{"start":{"line":44,"column":24},"end":{"line":47,"column":5}},"14":{"start":{"line":48,"column":4},"end":{"line":48,"column":68}},"15":{"start":{"line":49,"column":18},"end":{"line":49,"column":63}},"16":{"start":{"line":50,"column":4},"end":{"line":50,"column":66}},"17":{"start":{"line":53,"column":2},"end":{"line":53,"column":17}},"18":{"start":{"line":56,"column":27},"end":{"line":83,"column":1}},"19":{"start":{"line":63,"column":2},"end":{"line":65,"column":3}},"20":{"start":{"line":64,"column":4},"end":{"line":64,"column":17}},"21":{"start":{"line":69,"column":4},"end":{"line":71,"column":39}},"22":{"start":{"line":72,"column":15},"end":{"line":72,"column":77}},"23":{"start":{"line":73,"column":19},"end":{"line":76,"column":3}},"24":{"start":{"line":79,"column":22},"end":{"line":81,"column":39}},"25":{"start":{"line":82,"column":2},"end":{"line":82,"column":21}},"26":{"start":{"line":86,"column":27},"end":{"line":93,"column":1}},"27":{"start":{"line":88,"column":4},"end":{"line":90,"column":39}},"28":{"start":{"line":91,"column":15},"end":{"line":91,"column":77}},"29":{"start":{"line":92,"column":2},"end":{"line":92,"column":38}},"30":{"start":{"line":95,"column":34},"end":{"line":170,"column":1}},"31":{"start":{"line":102,"column":2},"end":{"line":169,"column":3}},"32":{"start":{"line":104,"column":6},"end":{"line":106,"column":41}},"33":{"start":{"line":107,"column":17},"end":{"line":107,"column":79}},"34":{"start":{"line":108,"column":21},"end":{"line":114,"column":6}},"35":{"start":{"line":115,"column":16},"end":{"line":115,"column":63}},"36":{"start":{"line":117,"column":19},"end":{"line":117,"column":45}},"37":{"start":{"line":120,"column":18},"end":{"line":127,"column":5}},"38":{"start":{"line":129,"column":4},"end":{"line":141,"column":5}},"39":{"start":{"line":131,"column":23},"end":{"line":134,"column":7}},"40":{"start":{"line":135,"column":6},"end":{"line":137,"column":21}},"41":{"start":{"line":138,"column":6},"end":{"line":138,"column":28}},"42":{"start":{"line":139,"column":6},"end":{"line":139,"column":56}},"43":{"start":{"line":140,"column":6},"end":{"line":140,"column":33}},"44":{"start":{"line":143,"column":24},"end":{"line":143,"column":47}},"45":{"start":{"line":146,"column":25},"end":{"line":146,"column":60}},"46":{"start":{"line":147,"column":21},"end":{"line":147,"column":71}},"47":{"start":{"line":148,"column":4},"end":{"line":148,"column":47}},"48":{"start":{"line":150,"column":4},"end":{"line":150,"column":53}},"49":{"start":{"line":152,"column":34},"end":{"line":152,"column":57}},"50":{"start":{"line":154,"column":4},"end":{"line":160,"column":7}},"51":{"start":{"line":155,"column":6},"end":{"line":159,"column":11}},"52":{"start":{"line":158,"column":10},"end":{"line":158,"column":24}},"53":{"start":{"line":162,"column":4},"end":{"line":168,"column":5}},"54":{"start":{"line":165,"column":6},"end":{"line":165,"column":36}},"55":{"start":{"line":167,"column":6},"end":{"line":167,"column":34}},"56":{"start":{"line":173,"column":17},"end":{"line":173,"column":41}},"57":{"start":{"line":176,"column":2},"end":{"line":176,"column":65}},"58":{"start":{"line":177,"column":17},"end":{"line":177,"column":50}},"59":{"start":{"line":179,"column":2},"end":{"line":182,"column":4}},"60":{"start":{"line":186,"column":35},"end":{"line":338,"column":1}},"61":{"start":{"line":193,"column":24},"end":{"line":193,"column":26}},"62":{"start":{"line":195,"column":2},"end":{"line":337,"column":3}},"63":{"start":{"line":198,"column":20},"end":{"line":198,"column":49}},"64":{"start":{"line":200,"column":4},"end":{"line":226,"column":5}},"65":{"start":{"line":201,"column":6},"end":{"line":214,"column":20}},"66":{"start":{"line":216,"column":6},"end":{"line":225,"column":20}},"67":{"start":{"line":229,"column":19},"end":{"line":234,"column":12}},"68":{"start":{"line":235,"column":19},"end":{"line":240,"column":12}},"69":{"start":{"line":243,"column":24},"end":{"line":243,"column":26}},"70":{"start":{"line":244,"column":22},"end":{"line":244,"column":24}},"71":{"start":{"line":245,"column":4},"end":{"line":254,"column":5}},"72":{"start":{"line":246,"column":6},"end":{"line":249,"column":9}},"73":{"start":{"line":247,"column":8},"end":{"line":247,"column":44}},"74":{"start":{"line":248,"column":8},"end":{"line":248,"column":37}},"75":{"start":{"line":250,"column":6},"end":{"line":253,"column":9}},"76":{"start":{"line":251,"column":8},"end":{"line":251,"column":44}},"77":{"start":{"line":252,"column":8},"end":{"line":252,"column":37}},"78":{"start":{"line":257,"column":21},"end":{"line":257,"column":59}},"79":{"start":{"line":258,"column":4},"end":{"line":258,"column":37}},"80":{"start":{"line":258,"column":30},"end":{"line":258,"column":37}},"81":{"start":{"line":259,"column":16},"end":{"line":259,"column":31}},"82":{"start":{"line":260,"column":22},"end":{"line":260,"column":32}},"83":{"start":{"line":262,"column":4},"end":{"line":328,"column":5}},"84":{"start":{"line":262,"column":17},"end":{"line":262,"column":18}},"85":{"start":{"line":264,"column":20},"end":{"line":264,"column":54}},"86":{"start":{"line":267,"column":6},"end":{"line":327,"column":7}},"87":{"start":{"line":269,"column":22},"end":{"line":269,"column":27}},"88":{"start":{"line":270,"column":30},"end":{"line":270,"column":60}},"89":{"start":{"line":271,"column":8},"end":{"line":273,"column":9}},"90":{"start":{"line":272,"column":10},"end":{"line":272,"column":25}},"91":{"start":{"line":275,"column":20},"end":{"line":275,"column":72}},"92":{"start":{"line":277,"column":21},"end":{"line":281,"column":9}},"93":{"start":{"line":284,"column":8},"end":{"line":299,"column":9}},"94":{"start":{"line":285,"column":10},"end":{"line":285,"column":46}},"95":{"start":{"line":286,"column":10},"end":{"line":286,"column":43}},"96":{"start":{"line":287,"column":10},"end":{"line":287,"column":55}},"97":{"start":{"line":289,"column":10},"end":{"line":298,"column":12}},"98":{"start":{"line":302,"column":8},"end":{"line":308,"column":9}},"99":{"start":{"line":303,"column":10},"end":{"line":303,"column":41}},"100":{"start":{"line":304,"column":10},"end":{"line":304,"column":51}},"101":{"start":{"line":305,"column":15},"end":{"line":308,"column":9}},"102":{"start":{"line":306,"column":10},"end":{"line":306,"column":39}},"103":{"start":{"line":307,"column":10},"end":{"line":307,"column":49}},"104":{"start":{"line":311,"column":8},"end":{"line":326,"column":9}},"105":{"start":{"line":312,"column":10},"end":{"line":322,"column":11}},"106":{"start":{"line":318,"column":12},"end":{"line":321,"column":52}},"107":{"start":{"line":323,"column":10},"end":{"line":323,"column":48}},"108":{"start":{"line":324,"column":10},"end":{"line":324,"column":50}},"109":{"start":{"line":325,"column":10},"end":{"line":325,"column":47}},"110":{"start":{"line":330,"column":4},"end":{"line":330,"column":27}},"111":{"start":{"line":332,"column":4},"end":{"line":336,"column":5}},"112":{"start":{"line":333,"column":6},"end":{"line":333,"column":42}},"113":{"start":{"line":335,"column":6},"end":{"line":335,"column":18}}},"fnMap":{"0":{"name":"(anonymous_0)","decl":{"start":{"line":24,"column":29},"end":{"line":24,"column":30}},"loc":{"start":{"line":28,"column":6},"end":{"line":54,"column":1}},"line":28},"1":{"name":"(anonymous_1)","decl":{"start":{"line":56,"column":27},"end":{"line":56,"column":28}},"loc":{"start":{"line":62,"column":6},"end":{"line":83,"column":1}},"line":62},"2":{"name":"(anonymous_2)","decl":{"start":{"line":86,"column":27},"end":{"line":86,"column":28}},"loc":{"start":{"line":86,"column":58},"end":{"line":93,"column":1}},"line":86},"3":{"name":"(anonymous_3)","decl":{"start":{"line":95,"column":34},"end":{"line":95,"column":35}},"loc":{"start":{"line":101,"column":6},"end":{"line":170,"column":1}},"line":101},"4":{"name":"(anonymous_4)","decl":{"start":{"line":154,"column":29},"end":{"line":154,"column":30}},"loc":{"start":{"line":154,"column":50},"end":{"line":160,"column":5}},"line":154},"5":{"name":"(anonymous_5)","decl":{"start":{"line":157,"column":33},"end":{"line":157,"column":34}},"loc":{"start":{"line":157,"column":41},"end":{"line":159,"column":9}},"line":157},"6":{"name":"NewEthereumWallet","decl":{"start":{"line":172,"column":16},"end":{"line":172,"column":33}},"loc":{"start":{"line":172,"column":36},"end":{"line":183,"column":1}},"line":172},"7":{"name":"(anonymous_7)","decl":{"start":{"line":186,"column":35},"end":{"line":186,"column":36}},"loc":{"start":{"line":192,"column":5},"end":{"line":338,"column":1}},"line":192},"8":{"name":"(anonymous_8)","decl":{"start":{"line":246,"column":21},"end":{"line":246,"column":22}},"loc":{"start":{"line":246,"column":28},"end":{"line":249,"column":7}},"line":246},"9":{"name":"(anonymous_9)","decl":{"start":{"line":250,"column":21},"end":{"line":250,"column":22}},"loc":{"start":{"line":250,"column":28},"end":{"line":253,"column":7}},"line":250}},"branchMap":{"0":{"loc":{"start":{"line":25,"column":2},"end":{"line":25,"column":18}},"type":"default-arg","locations":[{"start":{"line":25,"column":13},"end":{"line":25,"column":18}}],"line":25},"1":{"loc":{"start":{"line":27,"column":2},"end":{"line":27,"column":21}},"type":"default-arg","locations":[{"start":{"line":27,"column":12},"end":{"line":27,"column":21}}],"line":27},"2":{"loc":{"start":{"line":32,"column":4},"end":{"line":34,"column":39}},"type":"cond-expr","locations":[{"start":{"line":33,"column":8},"end":{"line":33,"column":39}},{"start":{"line":34,"column":8},"end":{"line":34,"column":39}}],"line":32},"3":{"loc":{"start":{"line":38,"column":2},"end":{"line":51,"column":3}},"type":"if","locations":[{"start":{"line":38,"column":2},"end":{"line":51,"column":3}},{"start":{"line":38,"column":2},"end":{"line":51,"column":3}}],"line":38},"4":{"loc":{"start":{"line":60,"column":2},"end":{"line":60,"column":18}},"type":"default-arg","locations":[{"start":{"line":60,"column":13},"end":{"line":60,"column":18}}],"line":60},"5":{"loc":{"start":{"line":61,"column":2},"end":{"line":61,"column":21}},"type":"default-arg","locations":[{"start":{"line":61,"column":12},"end":{"line":61,"column":21}}],"line":61},"6":{"loc":{"start":{"line":63,"column":2},"end":{"line":65,"column":3}},"type":"if","locations":[{"start":{"line":63,"column":2},"end":{"line":65,"column":3}},{"start":{"line":63,"column":2},"end":{"line":65,"column":3}}],"line":63},"7":{"loc":{"start":{"line":69,"column":4},"end":{"line":71,"column":39}},"type":"cond-expr","locations":[{"start":{"line":70,"column":8},"end":{"line":70,"column":39}},{"start":{"line":71,"column":8},"end":{"line":71,"column":39}}],"line":69},"8":{"loc":{"start":{"line":86,"column":34},"end":{"line":86,"column":53}},"type":"default-arg","locations":[{"start":{"line":86,"column":44},"end":{"line":86,"column":53}}],"line":86},"9":{"loc":{"start":{"line":88,"column":4},"end":{"line":90,"column":39}},"type":"cond-expr","locations":[{"start":{"line":89,"column":8},"end":{"line":89,"column":39}},{"start":{"line":90,"column":8},"end":{"line":90,"column":39}}],"line":88},"10":{"loc":{"start":{"line":99,"column":2},"end":{"line":99,"column":18}},"type":"default-arg","locations":[{"start":{"line":99,"column":13},"end":{"line":99,"column":18}}],"line":99},"11":{"loc":{"start":{"line":100,"column":2},"end":{"line":100,"column":21}},"type":"default-arg","locations":[{"start":{"line":100,"column":12},"end":{"line":100,"column":21}}],"line":100},"12":{"loc":{"start":{"line":104,"column":6},"end":{"line":106,"column":41}},"type":"cond-expr","locations":[{"start":{"line":105,"column":10},"end":{"line":105,"column":41}},{"start":{"line":106,"column":10},"end":{"line":106,"column":41}}],"line":104},"13":{"loc":{"start":{"line":126,"column":15},"end":{"line":126,"column":43}},"type":"cond-expr","locations":[{"start":{"line":126,"column":38},"end":{"line":126,"column":39}},{"start":{"line":126,"column":42},"end":{"line":126,"column":43}}],"line":126},"14":{"loc":{"start":{"line":129,"column":4},"end":{"line":141,"column":5}},"type":"if","locations":[{"start":{"line":129,"column":4},"end":{"line":141,"column":5}},{"start":{"line":129,"column":4},"end":{"line":141,"column":5}}],"line":129},"15":{"loc":{"start":{"line":162,"column":4},"end":{"line":168,"column":5}},"type":"if","locations":[{"start":{"line":162,"column":4},"end":{"line":168,"column":5}},{"start":{"line":162,"column":4},"end":{"line":168,"column":5}}],"line":162},"16":{"loc":{"start":{"line":190,"column":2},"end":{"line":190,"column":18}},"type":"default-arg","locations":[{"start":{"line":190,"column":13},"end":{"line":190,"column":18}}],"line":190},"17":{"loc":{"start":{"line":191,"column":2},"end":{"line":191,"column":21}},"type":"default-arg","locations":[{"start":{"line":191,"column":12},"end":{"line":191,"column":21}}],"line":191},"18":{"loc":{"start":{"line":200,"column":4},"end":{"line":226,"column":5}},"type":"if","locations":[{"start":{"line":200,"column":4},"end":{"line":226,"column":5}},{"start":{"line":200,"column":4},"end":{"line":226,"column":5}}],"line":200},"19":{"loc":{"start":{"line":202,"column":8},"end":{"line":214,"column":19}},"type":"cond-expr","locations":[{"start":{"line":203,"column":12},"end":{"line":208,"column":19}},{"start":{"line":209,"column":12},"end":{"line":214,"column":19}}],"line":202},"20":{"loc":{"start":{"line":217,"column":8},"end":{"line":225,"column":19}},"type":"cond-expr","locations":[{"start":{"line":218,"column":12},"end":{"line":221,"column":19}},{"start":{"line":222,"column":12},"end":{"line":225,"column":19}}],"line":217},"21":{"loc":{"start":{"line":245,"column":4},"end":{"line":254,"column":5}},"type":"if","locations":[{"start":{"line":245,"column":4},"end":{"line":254,"column":5}},{"start":{"line":245,"column":4},"end":{"line":254,"column":5}}],"line":245},"22":{"loc":{"start":{"line":245,"column":8},"end":{"line":245,"column":42}},"type":"binary-expr","locations":[{"start":{"line":245,"column":8},"end":{"line":245,"column":23}},{"start":{"line":245,"column":27},"end":{"line":245,"column":42}}],"line":245},"23":{"loc":{"start":{"line":258,"column":4},"end":{"line":258,"column":37}},"type":"if","locations":[{"start":{"line":258,"column":4},"end":{"line":258,"column":37}},{"start":{"line":258,"column":4},"end":{"line":258,"column":37}}],"line":258},"24":{"loc":{"start":{"line":267,"column":6},"end":{"line":327,"column":7}},"type":"if","locations":[{"start":{"line":267,"column":6},"end":{"line":327,"column":7}},{"start":{"line":267,"column":6},"end":{"line":327,"column":7}}],"line":267},"25":{"loc":{"start":{"line":271,"column":8},"end":{"line":273,"column":9}},"type":"if","locations":[{"start":{"line":271,"column":8},"end":{"line":273,"column":9}},{"start":{"line":271,"column":8},"end":{"line":273,"column":9}}],"line":271},"26":{"loc":{"start":{"line":284,"column":8},"end":{"line":299,"column":9}},"type":"if","locations":[{"start":{"line":284,"column":8},"end":{"line":299,"column":9}},{"start":{"line":284,"column":8},"end":{"line":299,"column":9}}],"line":284},"27":{"loc":{"start":{"line":302,"column":8},"end":{"line":308,"column":9}},"type":"if","locations":[{"start":{"line":302,"column":8},"end":{"line":308,"column":9}},{"start":{"line":302,"column":8},"end":{"line":308,"column":9}}],"line":302},"28":{"loc":{"start":{"line":305,"column":15},"end":{"line":308,"column":9}},"type":"if","locations":[{"start":{"line":305,"column":15},"end":{"line":308,"column":9}},{"start":{"line":305,"column":15},"end":{"line":308,"column":9}}],"line":305},"29":{"loc":{"start":{"line":311,"column":8},"end":{"line":326,"column":9}},"type":"if","locations":[{"start":{"line":311,"column":8},"end":{"line":326,"column":9}},{"start":{"line":311,"column":8},"end":{"line":326,"column":9}}],"line":311},"30":{"loc":{"start":{"line":312,"column":10},"end":{"line":322,"column":11}},"type":"if","locations":[{"start":{"line":312,"column":10},"end":{"line":322,"column":11}},{"start":{"line":312,"column":10},"end":{"line":322,"column":11}}],"line":312},"31":{"loc":{"start":{"line":313,"column":12},"end":{"line":315,"column":60}},"type":"binary-expr","locations":[{"start":{"line":313,"column":12},"end":{"line":313,"column":23}},{"start":{"line":314,"column":12},"end":{"line":314,"column":38}},{"start":{"line":315,"column":12},"end":{"line":315,"column":60}}],"line":313},"32":{"loc":{"start":{"line":332,"column":4},"end":{"line":336,"column":5}},"type":"if","locations":[{"start":{"line":332,"column":4},"end":{"line":336,"column":5}},{"start":{"line":332,"column":4},"end":{"line":336,"column":5}}],"line":332}},"s":{"0":3,"1":3,"2":3,"3":3,"4":3,"5":3,"6":3,"7":3,"8":0,"9":0,"10":0,"11":0,"12":0,"13":0,"14":0,"15":0,"16":0,"17":0,"18":3,"19":0,"20":0,"21":0,"22":0,"23":0,"24":0,"25":0,"26":3,"27":0,"28":0,"29":0,"30":3,"31":0,"32":0,"33":0,"34":0,"35":0,"36":0,"37":0,"38":0,"39":0,"40":0,"41":0,"42":0,"43":0,"44":0,"45":0,"46":0,"47":0,"48":0,"49":0,"50":0,"51":0,"52":0,"53":0,"54":0,"55":0,"56":0,"57":0,"58":0,"59":0,"60":3,"61":0,"62":0,"63":0,"64":0,"65":0,"66":0,"67":0,"68":0,"69":0,"70":0,"71":0,"72":0,"73":0,"74":0,"75":0,"76":0,"77":0,"78":0,"79":0,"80":0,"81":0,"82":0,"83":0,"84":0,"85":0,"86":0,"87":0,"88":0,"89":0,"90":0,"91":0,"92":0,"93":0,"94":0,"95":0,"96":0,"97":0,"98":0,"99":0,"100":0,"101":0,"102":0,"103":0,"104":0,"105":0,"106":0,"107":0,"108":0,"109":0,"110":0,"111":0,"112":0,"113":0},"f":{"0":0,"1":0,"2":0,"3":0,"4":0,"5":0,"6":0,"7":0,"8":0,"9":0},"b":{"0":[0],"1":[0],"2":[0,0],"3":[0,0],"4":[0],"5":[0],"6":[0,0],"7":[0,0],"8":[0],"9":[0,0],"10":[0],"11":[0],"12":[0,0],"13":[0,0],"14":[0,0],"15":[0,0],"16":[0],"17":[0],"18":[0,0],"19":[0,0],"20":[0,0],"21":[0,0],"22":[0,0],"23":[0,0],"24":[0,0],"25":[0,0],"26":[0,0],"27":[0,0],"28":[0,0],"29":[0,0],"30":[0,0],"31":[0,0,0],"32":[0,0]},"_coverageSchema":"43e27e138ebf9cfc5966b082cf9a028302ed4184","hash":"5e62607511779d395da41a6ed3333a746d350044"}
,"/Users/brycedbjork/git/splash/src/assets/icons/Xbutton.png": {"path":"/Users/brycedbjork/git/splash/src/assets/icons/Xbutton.png","statementMap":{"0":{"start":{"line":1,"column":0},"end":{"line":4,"column":6}}},"fnMap":{},"branchMap":{},"s":{"0":3},"f":{},"b":{},"_coverageSchema":"43e27e138ebf9cfc5966b082cf9a028302ed4184","hash":"92d5fe92864c7c4a22ada179815a9d70c8f9ff39"}
,"/Users/brycedbjork/git/splash/src/assets/icons/at.png": {"path":"/Users/brycedbjork/git/splash/src/assets/icons/at.png","statementMap":{"0":{"start":{"line":1,"column":0},"end":{"line":4,"column":6}}},"fnMap":{},"branchMap":{},"s":{"0":10},"f":{},"b":{},"_coverageSchema":"43e27e138ebf9cfc5966b082cf9a028302ed4184","hash":"6c1041d01c531b835ff97ac998c280e4660a96ca"}
,"/Users/brycedbjork/git/splash/src/assets/icons/bitcoin-letter-icon.png": {"path":"/Users/brycedbjork/git/splash/src/assets/icons/bitcoin-letter-icon.png","statementMap":{"0":{"start":{"line":1,"column":0},"end":{"line":4,"column":6}}},"fnMap":{},"branchMap":{},"s":{"0":10},"f":{},"b":{},"_coverageSchema":"43e27e138ebf9cfc5966b082cf9a028302ed4184","hash":"7696dbd5e72c26f95dd8e9a08635b135a4504b2b"}
,"/Users/brycedbjork/git/splash/src/assets/icons/copyPaste.png": {"path":"/Users/brycedbjork/git/splash/src/assets/icons/copyPaste.png","statementMap":{"0":{"start":{"line":1,"column":0},"end":{"line":4,"column":6}}},"fnMap":{},"branchMap":{},"s":{"0":10},"f":{},"b":{},"_coverageSchema":"43e27e138ebf9cfc5966b082cf9a028302ed4184","hash":"267d0a5c597e180a926279525fa002a8a5a9691e"}
,"/Users/brycedbjork/git/splash/src/assets/icons/crossDark.png": {"path":"/Users/brycedbjork/git/splash/src/assets/icons/crossDark.png","statementMap":{"0":{"start":{"line":1,"column":0},"end":{"line":4,"column":6}}},"fnMap":{},"branchMap":{},"s":{"0":10},"f":{},"b":{},"_coverageSchema":"43e27e138ebf9cfc5966b082cf9a028302ed4184","hash":"bb77b0903d2e4065bb00946dd5ce69c0168c9fec"}
,"/Users/brycedbjork/git/splash/src/assets/icons/crossGray.png": {"path":"/Users/brycedbjork/git/splash/src/assets/icons/crossGray.png","statementMap":{"0":{"start":{"line":1,"column":0},"end":{"line":4,"column":6}}},"fnMap":{},"branchMap":{},"s":{"0":10},"f":{},"b":{},"_coverageSchema":"43e27e138ebf9cfc5966b082cf9a028302ed4184","hash":"d6f9b71d83e344287f0d3271a7833bc52022192d"}
,"/Users/brycedbjork/git/splash/src/assets/icons/crossPrimary.png": {"path":"/Users/brycedbjork/git/splash/src/assets/icons/crossPrimary.png","statementMap":{"0":{"start":{"line":1,"column":0},"end":{"line":4,"column":6}}},"fnMap":{},"branchMap":{},"s":{"0":10},"f":{},"b":{},"_coverageSchema":"43e27e138ebf9cfc5966b082cf9a028302ed4184","hash":"798d169fbd84a20886c61284db7318bf9708350b"}
,"/Users/brycedbjork/git/splash/src/assets/icons/crossWhite.png": {"path":"/Users/brycedbjork/git/splash/src/assets/icons/crossWhite.png","statementMap":{"0":{"start":{"line":1,"column":0},"end":{"line":4,"column":6}}},"fnMap":{},"branchMap":{},"s":{"0":10},"f":{},"b":{},"_coverageSchema":"43e27e138ebf9cfc5966b082cf9a028302ed4184","hash":"0594ce35ffa410556663aa513d04a584d2a848b1"}
,"/Users/brycedbjork/git/splash/src/assets/icons/ethereum-letter-icon.png": {"path":"/Users/brycedbjork/git/splash/src/assets/icons/ethereum-letter-icon.png","statementMap":{"0":{"start":{"line":1,"column":0},"end":{"line":4,"column":6}}},"fnMap":{},"branchMap":{},"s":{"0":10},"f":{},"b":{},"_coverageSchema":"43e27e138ebf9cfc5966b082cf9a028302ed4184","hash":"45a2a35b8c679dc1fa5db4445a3d3b3bd6617143"}
[...]
ymous_23)","decl":{"start":{"line":219,"column":18},"end":{"line":219,"column":19}},"loc":{"start":{"line":219,"column":27},"end":{"line":223,"column":10}},"line":219},"24":{"name":"(anonymous_24)","decl":{"start":{"line":228,"column":132},"end":{"line":228,"column":133}},"loc":{"start":{"line":228,"column":151},"end":{"line":239,"column":9}},"line":228},"25":{"name":"(anonymous_25)","decl":{"start":{"line":231,"column":47},"end":{"line":231,"column":48}},"loc":{"start":{"line":231,"column":53},"end":{"line":234,"column":11}},"line":231},"26":{"name":"(anonymous_26)","decl":{"start":{"line":234,"column":19},"end":{"line":234,"column":20}},"loc":{"start":{"line":234,"column":28},"end":{"line":238,"column":11}},"line":234},"27":{"name":"(anonymous_27)","decl":{"start":{"line":239,"column":17},"end":{"line":239,"column":18}},"loc":{"start":{"line":239,"column":26},"end":{"line":243,"column":9}},"line":239},"28":{"name":"(anonymous_28)","decl":{"start":{"line":252,"column":34},"end":{"line":252,"column":35}},"loc":{"start":{"line":252,"column":40},"end":{"line":256,"column":1}},"line":252},"29":{"name":"(anonymous_29)","decl":{"start":{"line":253,"column":8},"end":{"line":253,"column":9}},"loc":{"start":{"line":253,"column":32},"end":{"line":255,"column":2}},"line":253}},"branchMap":{"0":{"loc":{"start":{"line":76,"column":33},"end":{"line":76,"column":47}},"type":"default-arg","locations":[{"start":{"line":76,"column":42},"end":{"line":76,"column":47}}],"line":76},"1":{"loc":{"start":{"line":88,"column":3},"end":{"line":92,"column":4}},"type":"if","locations":[{"start":{"line":88,"column":3},"end":{"line":92,"column":4}},{"start":{"line":88,"column":3},"end":{"line":92,"column":4}}],"line":88},"2":{"loc":{"start":{"line":93,"column":3},"end":{"line":93,"column":69}},"type":"if","locations":[{"start":{"line":93,"column":3},"end":{"line":93,"column":69}},{"start":{"line":93,"column":3},"end":{"line":93,"column":69}}],"line":93},"3":{"loc":{"start":{"line":96,"column":3},"end":{"line":100,"column":4}},"type":"if","locations":[{"start":{"line":96,"column":3},"end":{"line":100,"column":4}},{"start":{"line":96,"column":3},"end":{"line":100,"column":4}}],"line":96},"4":{"loc":{"start":{"line":102,"column":3},"end":{"line":110,"column":4}},"type":"if","locations":[{"start":{"line":102,"column":3},"end":{"line":110,"column":4}},{"start":{"line":102,"column":3},"end":{"line":110,"column":4}}],"line":102},"5":{"loc":{"start":{"line":113,"column":3},"end":{"line":113,"column":66}},"type":"if","locations":[{"start":{"line":113,"column":3},"end":{"line":113,"column":66}},{"start":{"line":113,"column":3},"end":{"line":113,"column":66}}],"line":113},"6":{"loc":{"start":{"line":161,"column":95},"end":{"line":161,"column":109}},"type":"default-arg","locations":[{"start":{"line":161,"column":104},"end":{"line":161,"column":109}}],"line":161},"7":{"loc":{"start":{"line":167,"column":5},"end":{"line":172,"column":6}},"type":"if","locations":[{"start":{"line":167,"column":5},"end":{"line":172,"column":6}},{"start":{"line":167,"column":5},"end":{"line":172,"column":6}}],"line":167},"8":{"loc":{"start":{"line":175,"column":29},"end":{"line":175,"column":64}},"type":"cond-expr","locations":[{"start":{"line":175,"column":51},"end":{"line":175,"column":56}},{"start":{"line":175,"column":59},"end":{"line":175,"column":64}}],"line":175},"9":{"loc":{"start":{"line":180,"column":6},"end":{"line":180,"column":68}},"type":"if","locations":[{"start":{"line":180,"column":6},"end":{"line":180,"column":68}},{"start":{"line":180,"column":6},"end":{"line":180,"column":68}}],"line":180},"10":{"loc":{"start":{"line":197,"column":6},"end":{"line":197,"column":39}},"type":"if","locations":[{"start":{"line":197,"column":6},"end":{"line":197,"column":39}},{"start":{"line":197,"column":6},"end":{"line":197,"column":39}}],"line":197},"11":{"loc":{"start":{"line":198,"column":6},"end":{"line":198,"column":60}},"type":"if","locations":[{"start":{"line":198,"column":6},"end":{"line":198,"column":60}},{"start":{"line":198,"column":6},"end":{"line":198,"column":60}}],"line":198},"12":{"loc":{"start":{"line":202,"column":5},"end":{"line":244,"column":6}},"type":"if","locations":[{"start":{"line":202,"column":5},"end":{"line":244,"column":6}},{"start":{"line":202,"column":5},"end":{"line":244,"column":6}}],"line":202},"13":{"loc":{"start":{"line":220,"column":5},"end":{"line":220,"column":68}},"type":"if","locations":[{"start":{"line":220,"column":5},"end":{"line":220,"column":68}},{"start":{"line":220,"column":5},"end":{"line":220,"column":68}}],"line":220},"14":{"loc":{"start":{"line":240,"column":4},"end":{"line":240,"column":76}},"type":"if","locations":[{"start":{"line":240,"column":4},"end":{"line":240,"column":76}},{"start":{"line":240,"column":4},"end":{"line":240,"column":76}}],"line":240}},"s":{"0":2,"1":0,"2":2,"3":0,"4":2,"5":0,"6":2,"7":0,"8":2,"9":0,"10":2,"11":0,"12":2,"13":0,"14":2,"15":0,"16":2,"17":0,"18":2,"19":0,"20":2,"21":0,"22":2,"23":0,"24":2,"25":0,"26":2,"27":0,"28":0,"29":0,"30":0,"31":0,"32":0,"33":0,"34":0,"35":0,"36":0,"37":0,"38":0,"39":0,"40":0,"41":0,"42":0,"43":0,"44":0,"45":0,"46":0,"47":0,"48":0,"49":0,"50":2,"51":0,"52":0,"53":0,"54":0,"55":0,"56":0,"57":0,"58":0,"59":0,"60":0,"61":0,"62":0,"63":0,"64":0,"65":0,"66":0,"67":0,"68":0,"69":0,"70":0,"71":0,"72":0,"73":0,"74":0,"75":0,"76":0,"77":0,"78":0,"79":0,"80":0,"81":0,"82":0,"83":0,"84":0,"85":0,"86":0,"87":0,"88":0,"89":0,"90":0,"91":0,"92":0,"93":0,"94":0,"95":0,"96":0,"97":0,"98":0,"99":2,"100":0,"101":0},"f":{"0":0,"1":0,"2":0,"3":0,"4":0,"5":0,"6":0,"7":0,"8":0,"9":0,"10":0,"11":0,"12":0,"13":0,"14":0,"15":0,"16":0,"17":0,"18":0,"19":0,"20":0,"21":0,"22":0,"23":0,"24":0,"25":0,"26":0,"27":0,"28":0,"29":0},"b":{"0":[0],"1":[0,0],"2":[0,0],"3":[0,0],"4":[0,0],"5":[0,0],"6":[0],"7":[0,0],"8":[0,0],"9":[0,0],"10":[0,0],"11":[0,0],"12":[0,0],"13":[0,0],"14":[0,0]},"_coverageSchema":"43e27e138ebf9cfc5966b082cf9a028302ed4184","hash":"25f7743934ab5870d7149d447001e76f8aeab706"}
,"/Users/brycedbjork/git/splash/src/redux/user/actions.js": {"path":"/Users/brycedbjork/git/splash/src/redux/user/actions.js","statementMap":{"0":{"start":{"line":7,"column":16},"end":{"line":7,"column":36}},"1":{"start":{"line":8,"column":16},"end":{"line":8,"column":36}},"2":{"start":{"line":9,"column":0},"end":{"line":9,"column":46}},"3":{"start":{"line":11,"column":27},"end":{"line":27,"column":1}},"4":{"start":{"line":30,"column":1},"end":{"line":30,"column":42}},"5":{"start":{"line":34,"column":1},"end":{"line":34,"column":53}},"6":{"start":{"line":38,"column":1},"end":{"line":42,"column":3}},"7":{"start":{"line":46,"column":1},"end":{"line":46,"column":52}},"8":{"start":{"line":50,"column":1},"end":{"line":50,"column":51}},"9":{"start":{"line":54,"column":1},"end":{"line":54,"column":62}},"10":{"start":{"line":58,"column":1},"end":{"line":58,"column":61}},"11":{"start":{"line":62,"column":1},"end":{"line":62,"column":49}},"12":{"start":{"line":66,"column":1},"end":{"line":66,"column":62}},"13":{"start":{"line":70,"column":1},"end":{"line":70,"column":59}},"14":{"start":{"line":74,"column":1},"end":{"line":74,"column":53}},"15":{"start":{"line":78,"column":1},"end":{"line":78,"column":41}},"16":{"start":{"line":82,"column":1},"end":{"line":82,"column":50}},"17":{"start":{"line":86,"column":1},"end":{"line":86,"column":50}},"18":{"start":{"line":90,"column":21},"end":{"line":118,"column":1}},"19":{"start":{"line":91,"column":1},"end":{"line":117,"column":3}},"20":{"start":{"line":92,"column":2},"end":{"line":116,"column":5}},"21":{"start":{"line":93,"column":17},"end":{"line":93,"column":27}},"22":{"start":{"line":95,"column":3},"end":{"line":95,"column":25}},"23":{"start":{"line":97,"column":3},"end":{"line":115,"column":7}},"24":{"start":{"line":102,"column":22},"end":{"line":102,"column":36}},"25":{"start":{"line":103,"column":5},"end":{"line":106,"column":8}},"26":{"start":{"line":108,"column":5},"end":{"line":108,"column":46}},"27":{"start":{"line":109,"column":5},"end":{"line":109,"column":15}},"28":{"start":{"line":112,"column":5},"end":{"line":112,"column":34}},"29":{"start":{"line":113,"column":5},"end":{"line":113,"column":35}},"30":{"start":{"line":114,"column":5},"end":{"line":114,"column":19}},"31":{"start":{"line":121,"column":30},"end":{"line":143,"column":1}},"32":{"start":{"line":122,"column":1},"end":{"line":142,"column":3}},"33":{"start":{"line":123,"column":2},"end":{"line":141,"column":5}},"34":{"start":{"line":124,"column":3},"end":{"line":124,"column":34}},"35":{"start":{"line":125,"column":17},"end":{"line":125,"column":27}},"36":{"start":{"line":126,"column":15},"end":{"line":126,"column":28}},"37":{"start":{"line":127,"column":27},"end":{"line":127,"column":75}},"38":{"start":{"line":129,"column":3},"end":{"line":140,"column":7}},"39":{"start":{"line":131,"column":5},"end":{"line":131,"column":47}},"40":{"start":{"line":132,"column":5},"end":{"line":132,"column":15}},"41":{"start":{"line":133,"column":5},"end":{"line":133,"column":40}},"42":{"start":{"line":136,"column":5},"end":{"line":136,"column":34}},"43":{"start":{"line":137,"column":5},"end":{"line":137,"column":44}},"44":{"start":{"line":138,"column":5},"end":{"line":138,"column":40}},"45":{"start":{"line":139,"column":5},"end":{"line":139,"column":19}},"46":{"start":{"line":145,"column":28},"end":{"line":212,"column":1}},"47":{"start":{"line":146,"column":1},"end":{"line":211,"column":3}},"48":{"start":{"line":147,"column":16},"end":{"line":147,"column":26}},"49":{"start":{"line":150,"column":20},"end":{"line":153,"column":8}},"50":{"start":{"line":151,"column":3},"end":{"line":151,"column":30}},"51":{"start":{"line":152,"column":3},"end":{"line":152,"column":14}},"52":{"start":{"line":155,"column":16},"end":{"line":155,"column":18}},"53":{"start":{"line":157,"column":2},"end":{"line":157,"column":31}},"54":{"start":{"line":159,"column":29},"end":{"line":168,"column":3}},"55":{"start":{"line":160,"column":3},"end":{"line":160,"column":42}},"56":{"start":{"line":161,"column":3},"end":{"line":167,"column":4}},"57":{"start":{"line":162,"column":4},"end":{"line":162,"column":24}},"58":{"start":{"line":163,"column":10},"end":{"line":167,"column":4}},"59":{"start":{"line":164,"column":4},"end":{"line":164,"column":25}},"60":{"start":{"line":166,"column":4},"end":{"line":166,"column":18}},"61":{"start":{"line":170,"column":2},"end":{"line":210,"column":3}},"62":{"start":{"line":172,"column":3},"end":{"line":207,"column":6}},"63":{"start":{"line":173,"column":4},"end":{"line":206,"column":5}},"64":{"start":{"line":174,"column":5},"end":{"line":201,"column":7}},"65":{"start":{"line":176,"column":7},"end":{"line":199,"column":8}},"66":{"start":{"line":177,"column":23},"end":{"line":177,"column":73}},"67":{"start":{"line":179,"column":8},"end":{"line":198,"column":9}},"68":{"start":{"line":181,"column":23},"end":{"line":184,"column":16}},"69":{"start":{"line":185,"column":9},"end":{"line":195,"column":10}},"70":{"start":{"line":186,"column":23},"end":{"line":186,"column":43}},"71":{"start":{"line":187,"column":22},"end":{"line":187,"column":38}},"72":{"start":{"line":188,"column":29},"end":{"line":193,"column":11}},"73":{"start":{"line":194,"column":10},"end":{"line":194,"column":49}},"74":{"start":{"line":197,"column":9},"end":{"line":197,"column":47}},"75":{"start":{"line":203,"column":5},"end":{"line":203,"column":59}},"76":{"start":{"line":205,"column":5},"end":{"line":205,"column":42}},"77":{"start":{"line":209,"column":3},"end":{"line":209,"column":40}}},"fnMap":{"0":{"name":"logInInit","decl":{"start":{"line":29,"column":16},"end":{"line":29,"column":25}},"loc":{"start":{"line":29,"column":28},"end":{"line":31,"column":1}},"line":29},"1":{"name":"setBiometric","decl":{"start":{"line":33,"column":16},"end":{"line":33,"column":28}},"loc":{"start":{"line":33,"column":38},"end":{"line":35,"column":1}},"line":33},"2":{"name":"logInSuccess","decl":{"start":{"line":37,"column":16},"end":{"line":37,"column":28}},"loc":{"start":{"line":37,"column":45},"end":{"line":43,"column":1}},"line":37},"3":{"name":"logInFailure","decl":{"start":{"line":45,"column":16},"end":{"line":45,"column":28}},"loc":{"start":{"line":45,"column":36},"end":{"line":47,"column":1}},"line":45},"4":{"name":"updateUsernameInit","decl":{"start":{"line":49,"column":16},"end":{"line":49,"column":34}},"loc":{"start":{"line":49,"column":37},"end":{"line":51,"column":1}},"line":49},"5":{"name":"updateUsernameSuccess","decl":{"start":{"line":53,"column":16},"end":{"line":53,"column":37}},"loc":{"start":{"line":53,"column":46},"end":{"line":55,"column":1}},"line":53},"6":{"name":"updateUsernameFailure","decl":{"start":{"line":57,"column":16},"end":{"line":57,"column":37}},"loc":{"start":{"line":57,"column":45},"end":{"line":59,"column":1}},"line":57},"7":{"name":"loadContactsInit","decl":{"start":{"line":61,"column":16},"end":{"line":61,"column":32}},"loc":{"start":{"line":61,"column":35},"end":{"line":63,"column":1}},"line":61},"8":{"name":"loadContactsSuccess","decl":{"start":{"line":65,"column":16},"end":{"line":65,"column":35}},"loc":{"start":{"line":65,"column":46},"end":{"line":67,"column":1}},"line":65},"9":{"name":"loadContactsFailure","decl":{"start":{"line":69,"column":16},"end":{"line":69,"column":35}},"loc":{"start":{"line":69,"column":43},"end":{"line":71,"column":1}},"line":69},"10":{"name":"toggleLockout","decl":{"start":{"line":73,"column":16},"end":{"line":73,"column":29}},"loc":{"start":{"line":73,"column":38},"end":{"line":75,"column":1}},"line":73},"11":{"name":"resetUser","decl":{"start":{"line":77,"column":16},"end":{"line":77,"column":25}},"loc":{"start":{"line":77,"column":28},"end":{"line":79,"column":1}},"line":77},"12":{"name":"startLockoutClock","decl":{"start":{"line":81,"column":16},"end":{"line":81,"column":33}},"loc":{"start":{"line":81,"column":36},"end":{"line":83,"column":1}},"line":81},"13":{"name":"resetLockoutClock","decl":{"start":{"line":85,"column":16},"end":{"line":85,"column":33}},"loc":{"start":{"line":85,"column":36},"end":{"line":87,"column":1}},"line":85},"14":{"name":"(anonymous_14)","decl":{"start":{"line":90,"column":21},"end":{"line":90,"column":22}},"loc":{"start":{"line":90,"column":31},"end":{"line":118,"column":1}},"line":90},"15":{"name":"(anonymous_15)","decl":{"start":{"line":91,"column":8},"end":{"line":91,"column":9}},"loc":{"start":{"line":91,"column":32},"end":{"line":117,"column":2}},"line":91},"16":{"name":"(anonymous_16)","decl":{"start":{"line":92,"column":21},"end":{"line":92,"column":22}},"loc":{"start":{"line":92,"column":42},"end":{"line":116,"column":3}},"line":92},"17":{"name":"(anonymous_17)","decl":{"start":{"line":101,"column":10},"end":{"line":101,"column":11}},"loc":{"start":{"line":101,"column":21},"end":{"line":110,"column":5}},"line":101},"18":{"name":"(anonymous_18)","decl":{"start":{"line":111,"column":11},"end":{"line":111,"column":12}},"loc":{"start":{"line":111,"column":20},"end":{"line":115,"column":5}},"line":111},"19":{"name":"(anonymous_19)","decl":{"start":{"line":121,"column":30},"end":{"line":121,"column":31}},"loc":{"start":{"line":121,"column":36},"end":{"line":143,"column":1}},"line":121},"20":{"name":"(anonymous_20)","decl":{"start":{"line":122,"column":8},"end":{"line":122,"column":9}},"loc":{"start":{"line":122,"column":32},"end":{"line":142,"column":2}},"line":122},"21":{"name":"(anonymous_21)","decl":{"start":{"line":123,"column":21},"end":{"line":123,"column":22}},"loc":{"start":{"line":123,"column":42},"end":{"line":141,"column":3}},"line":123},"22":{"name":"(anonymous_22)","decl":{"start":{"line":130,"column":10},"end":{"line":130,"column":11}},"loc":{"start":{"line":130,"column":22},"end":{"line":134,"column":5}},"line":130},"23":{"name":"(anonymous_23)","decl":{"start":{"line":135,"column":11},"end":{"line":135,"column":12}},"loc":{"start":{"line":135,"column":20},"end":{"line":140,"column":5}},"line":135},"24":{"name":"(anonymous_24)","decl":{"start":{"line":145,"column":28},"end":{"line":145,"column":29}},"loc":{"start":{"line":145,"column":34},"end":{"line":212,"column":1}},"line":145},"25":{"name":"(anonymous_25)","decl":{"start":{"line":146,"column":8},"end":{"line":146,"column":9}},"loc":{"start":{"line":146,"column":38},"end":{"line":211,"column":2}},"line":146},"26":{"name":"(anonymous_26)","decl":{"start":{"line":150,"column":47},"end":{"line":150,"column":48}},"loc":{"start":{"line":150,"column":61},"end":{"line":153,"column":3}},"line":150},"27":{"name":"(anonymous_27)","decl":{"start":{"line":159,"column":29},"end":{"line":159,"column":30}},"loc":{"start":{"line":159,"column":39},"end":{"line":168,"column":3}},"line":159},"28":{"name":"(anonymous_28)","decl":{"start":{"line":172,"column":19},"end":{"line":172,"column":20}},"loc":{"start":{"line":172,"column":46},"end":{"line":207,"column":4}},"line":172},"29":{"name":"(anonymous_29)","decl":{"start":{"line":175,"column":19},"end":{"line":175,"column":20}},"loc":{"start":{"line":175,"column":36},"end":{"line":200,"column":7}},"line":175}},"branchMap":{"0":{"loc":{"start":{"line":161,"column":3},"end":{"line":167,"column":4}},"type":"if","locations":[{"start":{"line":161,"column":3},"end":{"line":167,"column":4}},{"start":{"line":161,"column":3},"end":{"line":167,"column":4}}],"line":161},"1":{"loc":{"start":{"line":163,"column":10},"end":{"line":167,"column":4}},"type":"if","locations":[{"start":{"line":163,"column":10},"end":{"line":167,"column":4}},{"start":{"line":163,"column":10},"end":{"line":167,"column":4}}],"line":163},"2":{"loc":{"start":{"line":163,"column":14},"end":{"line":163,"column":73}},"type":"binary-expr","locations":[{"start":{"line":163,"column":14},"end":{"line":163,"column":33}},{"start":{"line":163,"column":37},"end":{"line":163,"column":73}}],"line":163},"3":{"loc":{"start":{"line":173,"column":4},"end":{"line":206,"column":5}},"type":"if","locations":[{"start":{"line":173,"column":4},"end":{"line":206,"column":5}},{"start":{"line":173,"column":4},"end":{"line":206,"column":5}}],"line":173},"4":{"loc":{"start":{"line":176,"column":7},"end":{"line":199,"column":8}},"type":"if","locations":[{"start":{"line":176,"column":7},"end":{"line":199,"column":8}},{"start":{"line":176,"column":7},"end":{"line":199,"column":8}}],"line":176},"5":{"loc":{"start":{"line":179,"column":8},"end":{"line":198,"column":9}},"type":"if","locations":[{"start":{"line":179,"column":8},"end":{"line":198,"column":9}},{"start":{"line":179,"column":8},"end":{"line":198,"column":9}}],"line":179},"6":{"loc":{"start":{"line":185,"column":9},"end":{"line":195,"column":10}},"type":"if","locations":[{"start":{"line":185,"column":9},"end":{"line":195,"column":10}},{"start":{"line":185,"column":9},"end":{"line":195,"column":10}}],"line":185},"7":{"loc":{"start":{"line":185,"column":13},"end":{"line":185,"column":44}},"type":"binary-expr","locations":[{"start":{"line":185,"column":13},"end":{"line":185,"column":25}},{"start":{"line":185,"column":29},"end":{"line":185,"column":44}}],"line":185}},"s":{"0":1,"1":1,"2":1,"3":1,"4":0,"5":0,"6":0,"7":0,"8":0,"9":0,"10":0,"11":0,"12":0,"13":0,"14":0,"15":0,"16":0,"17":0,"18":1,"19":0,"20":0,"21":0,"22":0,"23":0,"24":0,"25":0,"26":0,"27":0,"28":0,"29":0,"30":0,"31":1,"32":0,"33":0,"34":0,"35":0,"36":0,"37":0,"38":0,"39":0,"40":0,"41":0,"42":0,"43":0,"44":0,"45":0,"46":1,"47":0,"48":0,"49":0,"50":0,"51":0,"52":0,"53":0,"54":0,"55":0,"56":0,"57":0,"58":0,"59":0,"60":0,"61":0,"62":0,"63":0,"64":0,"65":0,"66":0,"67":0,"68":0,"69":0,"70":0,"71":0,"72":0,"73":0,"74":0,"75":0,"76":0,"77":0},"f":{"0":0,"1":0,"2":0,"3":0,"4":0,"5":0,"6":0,"7":0,"8":0,"9":0,"10":0,"11":0,"12":0,"13":0,"14":0,"15":0,"16":0,"17":0,"18":0,"19":0,"20":0,"21":0,"22":0,"23":0,"24":0,"25":0,"26":0,"27":0,"28":0,"29":0},"b":{"0":[0,0],"1":[0,0],"2":[0,0],"3":[0,0],"4":[0,0],"5":[0,0],"6":[0,0],"7":[0,0]},"_coverageSchema":"43e27e138ebf9cfc5966b082cf9a028302ed4184","hash":"d3b0e4212909761b45b8574cf1bf0a28f084d5bc"}
}
