{"/Users/brycedbjork/git/splash/src/api.js": {"path":"/Users/brycedbjork/git/splash/src/api.js","statementMap":{"0":{"start":{"line":4,"column":16},"end":{"line":4,"column":36}},"1":{"start":{"line":5,"column":14},"end":{"line":5,"column":38}},"2":{"start":{"line":6,"column":12},"end":{"line":6,"column":28}},"3":{"start":{"line":15,"column":22},"end":{"line":17,"column":1}},"4":{"start":{"line":19,"column":27},"end":{"line":19,"column":36}},"5":{"start":{"line":23,"column":2},"end":{"line":52,"column":5}},"6":{"start":{"line":24,"column":17},"end":{"line":27,"column":5}},"7":{"start":{"line":30,"column":4},"end":{"line":51,"column":5}},"8":{"start":{"line":31,"column":6},"end":{"line":31,"column":35}},"9":{"start":{"line":34,"column":6},"end":{"line":48,"column":11}},"10":{"start":{"line":39,"column":10},"end":{"line":44,"column":11}},"11":{"start":{"line":40,"column":12},"end":{"line":40,"column":36}},"12":{"start":{"line":41,"column":12},"end":{"line":41,"column":28}},"13":{"start":{"line":43,"column":12},"end":{"line":43,"column":28}},"14":{"start":{"line":47,"column":10},"end":{"line":47,"column":24}},"15":{"start":{"line":50,"column":6},"end":{"line":50,"column":22}},"16":{"start":{"line":57,"column":2},"end":{"line":68,"column":5}},"17":{"start":{"line":58,"column":4},"end":{"line":67,"column":9}},"18":{"start":{"line":63,"column":8},"end":{"line":63,"column":24}},"19":{"start":{"line":66,"column":8},"end":{"line":66,"column":22}},"20":{"start":{"line":72,"column":2},"end":{"line":91,"column":3}},"21":{"start":{"line":74,"column":4},"end":{"line":83,"column":5}},"22":{"start":{"line":75,"column":6},"end":{"line":78,"column":37}},"23":{"start":{"line":79,"column":6},"end":{"line":79,"column":55}},"24":{"start":{"line":80,"column":6},"end":{"line":80,"column":18}},"25":{"start":{"line":82,"column":6},"end":{"line":82,"column":19}},"26":{"start":{"line":84,"column":9},"end":{"line":91,"column":3}},"27":{"start":{"line":86,"column":6},"end":{"line":88,"column":41}},"28":{"start":{"line":89,"column":17},"end":{"line":89,"column":79}},"29":{"start":{"line":90,"column":4},"end":{"line":90,"column":41}},"30":{"start":{"line":95,"column":2},"end":{"line":108,"column":5}},"31":{"start":{"line":96,"column":4},"end":{"line":107,"column":37}},"32":{"start":{"line":101,"column":8},"end":{"line":105,"column":9}},"33":{"start":{"line":102,"column":10},"end":{"line":102,"column":20}},"34":{"start":{"line":104,"column":10},"end":{"line":104,"column":32}},"35":{"start":{"line":107,"column":22},"end":{"line":107,"column":35}},"36":{"start":{"line":111,"column":19},"end":{"line":129,"column":1}},"37":{"start":{"line":112,"column":2},"end":{"line":128,"column":5}},"38":{"start":{"line":113,"column":17},"end":{"line":116,"column":5}},"39":{"start":{"line":118,"column":4},"end":{"line":127,"column":9}},"40":{"start":{"line":123,"column":8},"end":{"line":123,"column":22}},"41":{"start":{"line":126,"column":8},"end":{"line":126,"column":22}},"42":{"start":{"line":131,"column":19},"end":{"line":153,"column":1}},"43":{"start":{"line":132,"column":2},"end":{"line":152,"column":5}},"44":{"start":{"line":133,"column":4},"end":{"line":151,"column":9}},"45":{"start":{"line":138,"column":8},"end":{"line":147,"column":13}},"46":{"start":{"line":143,"column":12},"end":{"line":143,"column":35}},"47":{"start":{"line":146,"column":12},"end":{"line":146,"column":26}},"48":{"start":{"line":150,"column":8},"end":{"line":150,"column":22}},"49":{"start":{"line":155,"column":26},"end":{"line":168,"column":1}},"50":{"start":{"line":156,"column":2},"end":{"line":167,"column":5}},"51":{"start":{"line":157,"column":4},"end":{"line":166,"column":9}},"52":{"start":{"line":162,"column":8},"end":{"line":162,"column":26}},"53":{"start":{"line":165,"column":8},"end":{"line":165,"column":22}},"54":{"start":{"line":171,"column":2},"end":{"line":198,"column":5}},"55":{"start":{"line":173,"column":6},"end":{"line":178,"column":22}},"56":{"start":{"line":179,"column":4},"end":{"line":197,"column":9}},"57":{"start":{"line":182,"column":21},"end":{"line":182,"column":39}},"58":{"start":{"line":183,"column":28},"end":{"line":183,"column":30}},"59":{"start":{"line":184,"column":8},"end":{"line":188,"column":11}},"60":{"start":{"line":185,"column":10},"end":{"line":187,"column":12}},"61":{"start":{"line":189,"column":8},"end":{"line":189,"column":31}},"62":{"start":{"line":192,"column":8},"end":{"line":196,"column":9}},"63":{"start":{"line":193,"column":10},"end":{"line":193,"column":39}},"64":{"start":{"line":195,"column":10},"end":{"line":195,"column":24}},"65":{"start":{"line":202,"column":2},"end":{"line":213,"column":5}},"66":{"start":{"line":203,"column":4},"end":{"line":212,"column":9}},"67":{"start":{"line":208,"column":8},"end":{"line":208,"column":26}},"68":{"start":{"line":211,"column":8},"end":{"line":211,"column":22}},"69":{"start":{"line":217,"column":2},"end":{"line":224,"column":3}},"70":{"start":{"line":218,"column":15},"end":{"line":218,"column":73}},"71":{"start":{"line":219,"column":4},"end":{"line":219,"column":22}},"72":{"start":{"line":220,"column":4},"end":{"line":220,"column":68}},"73":{"start":{"line":221,"column":4},"end":{"line":221,"column":22}},"74":{"start":{"line":223,"column":4},"end":{"line":223,"column":22}},"75":{"start":{"line":228,"column":2},"end":{"line":237,"column":3}},"76":{"start":{"line":229,"column":4},"end":{"line":229,"column":42}},"77":{"start":{"line":230,"column":4},"end":{"line":230,"column":37}},"78":{"start":{"line":231,"column":4},"end":{"line":234,"column":16}},"79":{"start":{"line":236,"column":4},"end":{"line":236,"column":19}},"80":{"start":{"line":241,"column":2},"end":{"line":266,"column":3}},"81":{"start":{"line":242,"column":19},"end":{"line":245,"column":12}},"82":{"start":{"line":246,"column":4},"end":{"line":252,"column":7}},"83":{"start":{"line":247,"column":6},"end":{"line":251,"column":7}},"84":{"start":{"line":248,"column":8},"end":{"line":248,"column":31}},"85":{"start":{"line":250,"column":8},"end":{"line":250,"column":23}},"86":{"start":{"line":253,"column":19},"end":{"line":256,"column":12}},"87":{"start":{"line":257,"column":4},"end":{"line":263,"column":7}},"88":{"start":{"line":258,"column":6},"end":{"line":262,"column":7}},"89":{"start":{"line":259,"column":8},"end":{"line":259,"column":31}},"90":{"start":{"line":261,"column":8},"end":{"line":261,"column":23}},"91":{"start":{"line":265,"column":4},"end":{"line":265,"column":19}}},"fnMap":{"0":{"name":"UsernameExists","decl":{"start":{"line":22,"column":9},"end":{"line":22,"column":23}},"loc":{"start":{"line":22,"column":35},"end":{"line":53,"column":1}},"line":22},"1":{"name":"(anonymous_1)","decl":{"start":{"line":23,"column":21},"end":{"line":23,"column":22}},"loc":{"start":{"line":23,"column":42},"end":{"line":52,"column":3}},"line":23},"2":{"name":"(anonymous_2)","decl":{"start":{"line":38,"column":14},"end":{"line":38,"column":15}},"loc":{"start":{"line":38,"column":23},"end":{"line":45,"column":9}},"line":38},"3":{"name":"(anonymous_3)","decl":{"start":{"line":46,"column":15},"end":{"line":46,"column":16}},"loc":{"start":{"line":46,"column":24},"end":{"line":48,"column":9}},"line":46},"4":{"name":"GetAccount","decl":{"start":{"line":56,"column":9},"end":{"line":56,"column":19}},"loc":{"start":{"line":56,"column":25},"end":{"line":69,"column":1}},"line":56},"5":{"name":"(anonymous_5)","decl":{"start":{"line":57,"column":21},"end":{"line":57,"column":22}},"loc":{"start":{"line":57,"column":42},"end":{"line":68,"column":3}},"line":57},"6":{"name":"(anonymous_6)","decl":{"start":{"line":62,"column":12},"end":{"line":62,"column":13}},"loc":{"start":{"line":62,"column":22},"end":{"line":64,"column":7}},"line":62},"7":{"name":"(anonymous_7)","decl":{"start":{"line":65,"column":13},"end":{"line":65,"column":14}},"loc":{"start":{"line":65,"column":22},"end":{"line":67,"column":7}},"line":65},"8":{"name":"IsValidAddress","decl":{"start":{"line":71,"column":9},"end":{"line":71,"column":23}},"loc":{"start":{"line":71,"column":72},"end":{"line":92,"column":1}},"line":71},"9":{"name":"GenerateCard","decl":{"start":{"line":94,"column":9},"end":{"line":94,"column":21}},"loc":{"start":{"line":94,"column":37},"end":{"line":109,"column":1}},"line":94},"10":{"name":"(anonymous_10)","decl":{"start":{"line":95,"column":21},"end":{"line":95,"column":22}},"loc":{"start":{"line":95,"column":42},"end":{"line":108,"column":3}},"line":95},"11":{"name":"(anonymous_11)","decl":{"start":{"line":100,"column":12},"end":{"line":100,"column":13}},"loc":{"start":{"line":100,"column":24},"end":{"line":106,"column":7}},"line":100},"12":{"name":"(anonymous_12)","decl":{"start":{"line":107,"column":13},"end":{"line":107,"column":14}},"loc":{"start":{"line":107,"column":22},"end":{"line":107,"column":35}},"line":107},"13":{"name":"(anonymous_13)","decl":{"start":{"line":111,"column":19},"end":{"line":111,"column":20}},"loc":{"start":{"line":111,"column":36},"end":{"line":129,"column":1}},"line":111},"14":{"name":"(anonymous_14)","decl":{"start":{"line":112,"column":21},"end":{"line":112,"column":22}},"loc":{"start":{"line":112,"column":42},"end":{"line":128,"column":3}},"line":112},"15":{"name":"(anonymous_15)","decl":{"start":{"line":122,"column":12},"end":{"line":122,"column":13}},"loc":{"start":{"line":122,"column":24},"end":{"line":124,"column":7}},"line":122},"16":{"name":"(anonymous_16)","decl":{"start":{"line":125,"column":13},"end":{"line":125,"column":14}},"loc":{"start":{"line":125,"column":22},"end":{"line":127,"column":7}},"line":125},"17":{"name":"(anonymous_17)","decl":{"start":{"line":131,"column":19},"end":{"line":131,"column":20}},"loc":{"start":{"line":131,"column":40},"end":{"line":153,"column":1}},"line":131},"18":{"name":"(anonymous_18)","decl":{"start":{"line":132,"column":21},"end":{"line":132,"column":22}},"loc":{"start":{"line":132,"column":42},"end":{"line":152,"column":3}},"line":132},"19":{"name":"(anonymous_19)","decl":{"start":{"line":137,"column":12},"end":{"line":137,"column":13}},"loc":{"start":{"line":137,"column":18},"end":{"line":148,"column":7}},"line":137},"20":{"name":"(anonymous_20)","decl":{"start":{"line":142,"column":16},"end":{"line":142,"column":17}},"loc":{"start":{"line":142,"column":26},"end":{"line":144,"column":11}},"line":142},"21":{"name":"(anonymous_21)","decl":{"start":{"line":145,"column":17},"end":{"line":145,"column":18}},"loc":{"start":{"line":145,"column":26},"end":{"line":147,"column":11}},"line":145},"22":{"name":"(anonymous_22)","decl":{"start":{"line":149,"column":13},"end":{"line":149,"column":14}},"loc":{"start":{"line":149,"column":22},"end":{"line":151,"column":7}},"line":149},"23":{"name":"(anonymous_23)","decl":{"start":{"line":155,"column":26},"end":{"line":155,"column":27}},"loc":{"start":{"line":155,"column":57},"end":{"line":168,"column":1}},"line":155},"24":{"name":"(anonymous_24)","decl":{"start":{"line":156,"column":21},"end":{"line":156,"column":22}},"loc":{"start":{"line":156,"column":42},"end":{"line":167,"column":3}},"line":156},"25":{"name":"(anonymous_25)","decl":{"start":{"line":161,"column":12},"end":{"line":161,"column":13}},"loc":{"start":{"line":161,"column":24},"end":{"line":163,"column":7}},"line":161},"26":{"name":"(anonymous_26)","decl":{"start":{"line":164,"column":13},"end":{"line":164,"column":14}},"loc":{"start":{"line":164,"column":22},"end":{"line":166,"column":7}},"line":164},"27":{"name":"GetExchangeRate","decl":{"start":{"line":170,"column":9},"end":{"line":170,"column":24}},"loc":{"start":{"line":170,"column":73},"end":{"line":199,"column":1}},"line":170},"28":{"name":"(anonymous_28)","decl":{"start":{"line":171,"column":21},"end":{"line":171,"column":22}},"loc":{"start":{"line":171,"column":42},"end":{"line":198,"column":3}},"line":171},"29":{"name":"(anonymous_29)","decl":{"start":{"line":181,"column":12},"end":{"line":181,"column":13}},"loc":{"start":{"line":181,"column":24},"end":{"line":190,"column":7}},"line":181},"30":{"name":"(anonymous_30)","decl":{"start":{"line":184,"column":30},"end":{"line":184,"column":31}},"loc":{"start":{"line":184,"column":46},"end":{"line":188,"column":9}},"line":184},"31":{"name":"(anonymous_31)","decl":{"start":{"line":191,"column":13},"end":{"line":191,"column":14}},"loc":{"start":{"line":191,"column":22},"end":{"line":197,"column":7}},"line":191},"32":{"name":"NewTransaction","decl":{"start":{"line":201,"column":9},"end":{"line":201,"column":23}},"loc":{"start":{"line":201,"column":40},"end":{"line":214,"column":1}},"line":201},"33":{"name":"(anonymous_33)","decl":{"start":{"line":202,"column":21},"end":{"line":202,"column":22}},"loc":{"start":{"line":202,"column":42},"end":{"line":213,"column":3}},"line":202},"34":{"name":"(anonymous_34)","decl":{"start":{"line":207,"column":12},"end":{"line":207,"column":13}},"loc":{"start":{"line":207,"column":24},"end":{"line":209,"column":7}},"line":207},"35":{"name":"(anonymous_35)","decl":{"start":{"line":210,"column":13},"end":{"line":210,"column":14}},"loc":{"start":{"line":210,"column":22},"end":{"line":212,"column":7}},"line":210},"36":{"name":"AddToKeychain","decl":{"start":{"line":216,"column":15},"end":{"line":216,"column":28}},"loc":{"start":{"line":216,"column":49},"end":{"line":225,"column":1}},"line":216},"37":{"name":"DeleteUser","decl":{"start":{"line":227,"column":15},"end":{"line":227,"column":25}},"loc":{"start":{"line":227,"column":34},"end":{"line":238,"column":1}},"line":227},"38":{"name":"DeleteTransactions","decl":{"start":{"line":240,"column":15},"end":{"line":240,"column":33}},"loc":{"start":{"line":240,"column":42},"end":{"line":267,"column":1}},"line":240},"39":{"name":"(anonymous_39)","decl":{"start":{"line":246,"column":19},"end":{"line":246,"column":20}},"loc":{"start":{"line":246,"column":32},"end":{"line":252,"column":5}},"line":246},"40":{"name":"(anonymous_40)","decl":{"start":{"line":257,"column":19},"end":{"line":257,"column":20}},"loc":{"start":{"line":257,"column":32},"end":{"line":263,"column":5}},"line":257}},"branchMap":{"0":{"loc":{"start":{"line":30,"column":4},"end":{"line":51,"column":5}},"type":"if","locations":[{"start":{"line":30,"column":4},"end":{"line":51,"column":5}},{"start":{"line":30,"column":4},"end":{"line":51,"column":5}}],"line":30},"1":{"loc":{"start":{"line":39,"column":10},"end":{"line":44,"column":11}},"type":"if","locations":[{"start":{"line":39,"column":10},"end":{"line":44,"column":11}},{"start":{"line":39,"column":10},"end":{"line":44,"column":11}}],"line":39},"2":{"loc":{"start":{"line":71,"column":33},"end":{"line":71,"column":49}},"type":"default-arg","locations":[{"start":{"line":71,"column":44},"end":{"line":71,"column":49}}],"line":71},"3":{"loc":{"start":{"line":71,"column":51},"end":{"line":71,"column":70}},"type":"default-arg","locations":[{"start":{"line":71,"column":61},"end":{"line":71,"column":70}}],"line":71},"4":{"loc":{"start":{"line":72,"column":2},"end":{"line":91,"column":3}},"type":"if","locations":[{"start":{"line":72,"column":2},"end":{"line":91,"column":3}},{"start":{"line":72,"column":2},"end":{"line":91,"column":3}}],"line":72},"5":{"loc":{"start":{"line":76,"column":8},"end":{"line":78,"column":36}},"type":"cond-expr","locations":[{"start":{"line":77,"column":12},"end":{"line":77,"column":36}},{"start":{"line":78,"column":12},"end":{"line":78,"column":36}}],"line":76},"6":{"loc":{"start":{"line":84,"column":9},"end":{"line":91,"column":3}},"type":"if","locations":[{"start":{"line":84,"column":9},"end":{"line":91,"column":3}},{"start":{"line":84,"column":9},"end":{"line":91,"column":3}}],"line":84},"7":{"loc":{"start":{"line":84,"column":13},"end":{"line":84,"column":67}},"type":"binary-expr","locations":[{"start":{"line":84,"column":13},"end":{"line":84,"column":30}},{"start":{"line":84,"column":34},"end":{"line":84,"column":67}}],"line":84},"8":{"loc":{"start":{"line":86,"column":6},"end":{"line":88,"column":41}},"type":"cond-expr","locations":[{"start":{"line":87,"column":10},"end":{"line":87,"column":41}},{"start":{"line":88,"column":10},"end":{"line":88,"column":41}}],"line":86},"9":{"loc":{"start":{"line":101,"column":8},"end":{"line":105,"column":9}},"type":"if","locations":[{"start":{"line":101,"column":8},"end":{"line":105,"column":9}},{"start":{"line":101,"column":8},"end":{"line":105,"column":9}}],"line":101},"10":{"loc":{"start":{"line":170,"column":25},"end":{"line":170,"column":45}},"type":"default-arg","locations":[{"start":{"line":170,"column":38},"end":{"line":170,"column":45}}],"line":170},"11":{"loc":{"start":{"line":170,"column":47},"end":{"line":170,"column":71}},"type":"default-arg","locations":[{"start":{"line":170,"column":66},"end":{"line":170,"column":71}}],"line":170},"12":{"loc":{"start":{"line":192,"column":8},"end":{"line":196,"column":9}},"type":"if","locations":[{"start":{"line":192,"column":8},"end":{"line":196,"column":9}},{"start":{"line":192,"column":8},"end":{"line":196,"column":9}}],"line":192}},"s":{"0":1,"1":1,"2":1,"3":1,"4":1,"5":0,"6":0,"7":0,"8":0,"9":0,"10":0,"11":0,"12":0,"13":0,"14":0,"15":0,"16":0,"17":0,"18":0,"19":0,"20":0,"21":0,"22":0,"23":0,"24":0,"25":0,"26":0,"27":0,"28":0,"29":0,"30":0,"31":0,"32":0,"33":0,"34":0,"35":0,"36":1,"37":0,"38":0,"39":0,"40":0,"41":0,"42":1,"43":0,"44":0,"45":0,"46":0,"47":0,"48":0,"49":1,"50":0,"51":0,"52":0,"53":0,"54":0,"55":0,"56":0,"57":0,"58":0,"59":0,"60":0,"61":0,"62":0,"63":0,"64":0,"65":0,"66":0,"67":0,"68":0,"69":0,"70":0,"71":0,"72":0,"73":0,"74":0,"75":0,"76":0,"77":0,"78":0,"79":0,"80":0,"81":0,"82":0,"83":0,"84":0,"85":0,"86":0,"87":0,"88":0,"89":0,"90":0,"91":0},"f":{"0":0,"1":0,"2":0,"3":0,"4":0,"5":0,"6":0,"7":0,"8":0,"9":0,"10":0,"11":0,"12":0,"13":0,"14":0,"15":0,"16":0,"17":0,"18":0,"19":0,"20":0,"21":0,"22":0,"23":0,"24":0,"25":0,"26":0,"27":0,"28":0,"29":0,"30":0,"31":0,"32":0,"33":0,"34":0,"35":0,"36":0,"37":0,"38":0,"39":0,"40":0},"b":{"0":[0,0],"1":[0,0],"2":[0],"3":[0],"4":[0,0],"5":[0,0],"6":[0,0],"7":[0,0],"8":[0,0],"9":[0,0],"10":[0],"11":[0],"12":[0,0]},"_coverageSchema":"43e27e138ebf9cfc5966b082cf9a028302ed4184","hash":"1e7c48634a623e088430c1bcc2ccea655dbe12e7"}
,"/Users/brycedbjork/git/splash/src/assets/icons/at.png": {"path":"/Users/brycedbjork/git/splash/src/assets/icons/at.png","statementMap":{"0":{"start":{"line":1,"column":0},"end":{"line":4,"column":6}}},"fnMap":{},"branchMap":{},"s":{"0":1},"f":{},"b":{},"_coverageSchema":"43e27e138ebf9cfc5966b082cf9a028302ed4184","hash":"6c1041d01c531b835ff97ac998c280e4660a96ca"}
,"/Users/brycedbjork/git/splash/src/assets/icons/bitcoin-letter-icon.png": {"path":"/Users/brycedbjork/git/splash/src/assets/icons/bitcoin-letter-icon.png","statementMap":{"0":{"start":{"line":1,"column":0},"end":{"line":4,"column":6}}},"fnMap":{},"branchMap":{},"s":{"0":1},"f":{},"b":{},"_coverageSchema":"43e27e138ebf9cfc5966b082cf9a028302ed4184","hash":"7696dbd5e72c26f95dd8e9a08635b135a4504b2b"}
,"/Users/brycedbjork/git/splash/src/assets/icons/copyPaste.png": {"path":"/Users/brycedbjork/git/splash/src/assets/icons/copyPaste.png","statementMap":{"0":{"start":{"line":1,"column":0},"end":{"line":4,"column":6}}},"fnMap":{},"branchMap":{},"s":{"0":1},"f":{},"b":{},"_coverageSchema":"43e27e138ebf9cfc5966b082cf9a028302ed4184","hash":"267d0a5c597e180a926279525fa002a8a5a9691e"}
,"/Users/brycedbjork/git/splash/src/assets/icons/crossDark.png": {"path":"/Users/brycedbjork/git/splash/src/assets/icons/crossDark.png","statementMap":{"0":{"start":{"line":1,"column":0},"end":{"line":4,"column":6}}},"fnMap":{},"branchMap":{},"s":{"0":1},"f":{},"b":{},"_coverageSchema":"43e27e138ebf9cfc5966b082cf9a028302ed4184","hash":"bb77b0903d2e4065bb00946dd5ce69c0168c9fec"}
,"/Users/brycedbjork/git/splash/src/assets/icons/crossGray.png": {"path":"/Users/brycedbjork/git/splash/src/assets/icons/crossGray.png","statementMap":{"0":{"start":{"line":1,"column":0},"end":{"line":4,"column":6}}},"fnMap":{},"branchMap":{},"s":{"0":1},"f":{},"b":{},"_coverageSchema":"43e27e138ebf9cfc5966b082cf9a028302ed4184","hash":"d6f9b71d83e344287f0d3271a7833bc52022192d"}
,"/Users/brycedbjork/git/splash/src/assets/icons/crossPrimary.png": {"path":"/Users/brycedbjork/git/splash/src/assets/icons/crossPrimary.png","statementMap":{"0":{"start":{"line":1,"column":0},"end":{"line":4,"column":6}}},"fnMap":{},"branchMap":{},"s":{"0":1},"f":{},"b":{},"_coverageSchema":"43e27e138ebf9cfc5966b082cf9a028302ed4184","hash":"798d169fbd84a20886c61284db7318bf9708350b"}
,"/Users/brycedbjork/git/splash/src/assets/icons/crossWhite.png": {"path":"/Users/brycedbjork/git/splash/src/assets/icons/crossWhite.png","statementMap":{"0":{"start":{"line":1,"column":0},"end":{"line":4,"column":6}}},"fnMap":{},"branchMap":{},"s":{"0":1},"f":{},"b":{},"_coverageSchema":"43e27e138ebf9cfc5966b082cf9a028302ed4184","hash":"0594ce35ffa410556663aa513d04a584d2a848b1"}
,"/Users/brycedbjork/git/splash/src/assets/icons/ethereum-letter-icon.png": {"path":"/Users/brycedbjork/git/splash/src/assets/icons/ethereum-letter-icon.png","statementMap":{"0":{"start":{"line":1,"column":0},"end":{"line":4,"column":6}}},"fnMap":{},"branchMap":{},"s":{"0":1},"f":{},"b":{},"_coverageSchema":"43e27e138ebf9cfc5966b082cf9a028302ed4184","hash":"45a2a35b8c679dc1fa5db4445a3d3b3bd6617143"}
,"/Users/brycedbjork/git/splash/src/assets/icons/gemini-letter-icon.png": {"path":"/Users/brycedbjork/git/splash/src/assets/icons/gemini-letter-icon.png","statementMap":{"0":{"start":{"line":1,"column":0},"end":{"line":4,"column":6}}},"fnMap":{},"branchMap":{},"s":{"0":1},"f":{},"b":{},"_coverageSchema":"43e27e138ebf9cfc5966b082cf9a028302ed4184","hash":"5e22e40265cd797bd8d1adc18889a0366a0ccb3d"}
,"/Users/brycedbjork/git/splash/src/assets/icons/greenLeftArrow.png": {"path":"/Users/brycedbjork/git/splash/src/assets/icons/greenLeftArrow.png","statementMap":{"0":{"start":{"line":1,"column":0},"end":{"line":4,"column":6}}},"fnMap":{},"branchMap":{},"s":{"0":1},"f":{},"b":{},"_coverageSchema":"43e27e138ebf9cfc5966b082cf9a028302ed4184","hash":"703867ddb11b66b672549e6ae00772127b781d3f"}
,"/Users/brycedbjork/git/splash/src/assets/icons/primaryRightArrow.png": {"path":"/Users/brycedbjork/git/splash/src/assets/icons/primaryRightArrow.png","statementMap":{"0":{"start":{"line":1,"column":0},"end":{"line":4,"column":6}}},"fnMap":{},"branchMap":{},"s":{"0":1},"f":{},"b":{},"_coverageSchema":"43e27e138ebf9cfc5966b082cf9a028302ed4184","hash":"ffba09c16df615e917aead1516313b680a273cf9"}
,"/Users/brycedbjork/git/splash/src/assets/icons/primarySplash.png": {"path":"/Users/brycedbjork/git/splash/src/assets/icons/primarySplash.png","statementMap":{"0":{"start":{"line":1,"column":0},"end":{"line":4,"column":6}}},"fnMap":{},"branchMap":{},"s":{"0":1},"f":{},"b":{},"_coverageSchema":"43e27e138ebf9cfc5966b082cf9a028302ed4184","hash":"88aa6982f34e123e4d8e792a37222a60937ae9ba"}
,"/Users/brycedbjork/git/splash/src/assets/icons/purpleArrow.png": {"path":"/Users/brycedbjork/git/splash/src/assets/icons/purpleArrow.png","statementMap":{"0":{"start":{"line":1,"column":0},"end":{"line":4,"column":6}}},"fnMap":{},"branchMap":{},"s":{"0":1},"f":{},"b":{},"_coverageSchema":"43e27e138ebf9cfc5966b082cf9a028302ed4184","hash":"83fe49d6c06e2c5e5efe59d0d79b5ebc44944b03"}
,"/Users/brycedbjork/git/splash/src/assets/icons/purpleDrop.png": {"path":"/Users/brycedbjork/git/splash/src/assets/icons/purpleDrop.png","statementMap":{"0":{"start":{"line":1,"column":0},"end":{"line":4,"column":6}}},"fnMap":{},"branchMap":{},"s":{"0":1},"f":{},"b":{},"_coverageSchema":"43e27e138ebf9cfc5966b082cf9a028302ed4184","hash":"acb5e4c3caadbb86215239d2453d48dcecca1edd"}
,"/Users/brycedbjork/git/splash/src/assets/icons/purpleSwitcher.png": {"path":"/Users/brycedbjork/git/splash/src/assets/icons/purpleSwitcher.png","statementMap":{"0":{"start":{"line":1,"column":0},"end":{"line":4,"column":6}}},"fnMap":{},"branchMap":{},"s":{"0":1},"f":{},"b":{},"_coverageSchema":"43e27e138ebf9cfc5966b082cf9a028302ed4184","hash":"67a708c2a5055fedef7ef8e9ee2fad23fced7529"}
,"/Users/brycedbjork/git/splash/src/assets/icons/purpleSwitcherVertical.png": {"path":"/Users/brycedbjork/git/splash/src/assets/icons/purpleSwitcherVertical.png","statementMap":{"0":{"start":{"line":1,"column":0},"end":{"line":4,"column":6}}},"fnMap":{},"branchMap":{},"s":{"0":1},"f":{},"b":{},"_coverageSchema":"43e27e138ebf9cfc5966b082cf9a028302ed4184","hash":"a997eb5342a3e4ccfe0da63eaa1ef977b5a878e1"}
,"/Users/brycedbjork/git/splash/src/assets/icons/qrIcon.png": {"path":"/Users/brycedbjork/git/splash/src/assets/icons/qrIcon.png","statementMap":{"0":{"start":{"line":1,"column":0},"end":{"line":4,"column":6}}},"fnMap":{},"branchMap":{},"s":{"0":1},"f":{},"b":{},"_coverageSchema":"43e27e138ebf9cfc5966b082cf9a028302ed4184","hash":"66b176560ac57993d9122b413ff2340fa1ac8b91"}
,"/Users/brycedbjork/git/splash/src/assets/icons/refreshCircle.png": {"path":"/Users/brycedbjork/git/splash/src/assets/icons/refreshCircle.png","statementMap":{"0":{"start":{"line":1,"column":0},"end":{"line":4,"column":6}}},"fnMap":{},"branchMap":{},"s":{"0":1},"f":{},"b":{},"_coverageSchema":"43e27e138ebf9cfc5966b082cf9a028302ed4184","hash":"cb0394903ba4d8023817b2b3d5f2cc29c2de69c3"}
,"/Users/brycedbjork/git/splash/src/assets/icons/rightCarrotWhite.png": {"path":"/Users/brycedbjork/git/splash/src/assets/icons/rightCarrotWhite.png","statementMap":{"0":{"start":{"line":1,"column":0},"end":{"line":4,"column":6}}},"fnMap":{},"branchMap":{},"s":{"0":1},"f":{},"b":{},"_coverageSchema":"43e27e138ebf9cfc5966b082cf9a028302ed4184","hash":"b1c53af2f707133483c7b6248c84e886b28222a0"}
,"/Users/brycedbjork/git/splash/src/assets/icons/send.png": {"path":"/Users/brycedbjork/git/splash/src/assets/icons/send.png","statementMap":{"0":{"start":{"line":1,"column":0},"end":{"line":4,"column":6}}},"fnMap":{},"branchMap":{},"s":{"0":1},"f":{},"b":{},"_coverageSchema":"43e27e138ebf9cfc5966b082cf9a028302ed4184","hash":"4e8a63c509254ec6ae1ed4ebccec60b26eb502ff"}
,"/Users/brycedbjork/git/splash/src/assets/icons/startPay.png": {"path":"/Users/brycedbjork/git/splash/src/assets/icons/startPay.png","statementMap":{"0":{"start":{"line":1,"column":0},"end":{"line":4,"column":6}}},"fnMap":{},"branchMap":{},"s":{"0":1},"f":{},"b":{},"_coverageSchema":"43e27e138ebf9cfc5966b082cf9a028302ed4184","hash":"f36e0075ccd5eb4bac5e6056161d2eb092817d37"}
,"/Users/brycedbjork/git/splash/src/assets/icons/whiteArrow.png": {"path":"/Users/brycedbjork/git/splash/src/assets/icons/whiteArrow.png","statementMap":{"0":{"start":{"line":1,"column":0},"end":{"line":4,"column":6}}},"fnMap":{},"branchMap":{},"s":{"0":1},"f":{},"b":{},"_coverageSchema":"43e27e138ebf9cfc5966b082cf9a028302ed4184","hash":"415800bb14670bb1ba70a88661cf7a6df0b52b30"}
,"/Users/brycedbjork/git/splash/src/assets/icons/whiteDrop.png": {"path":"/Users/brycedbjork/git/splash/src/assets/icons/whiteDrop.png","statementMap":{"0":{"start":{"line":1,"column":0},"end":{"line":4,"column":6}}},"fnMap":{},"branchMap":{},"s":{"0":1},"f":{},"b":{},"_coverageSchema":"43e27e138ebf9cfc5966b082cf9a028302ed4184","hash":"3f3478b5245ac1b70bea6c11bcf5210d7e74563d"}
,"/Users/brycedbjork/git/splash/src/assets/icons/whiteSplash.png": {"path":"/Users/brycedbjork/git/splash/src/assets/icons/whiteSplash.png","statementMap":{"0":{"start":{"line":1,"column":0},"end":{"line":4,"column":6}}},"fnMap":{},"branchMap":{},"s":{"0":1},"f":{},"b":{},"_coverageSchema":"43e27e138ebf9cfc5966b082cf9a028302ed4184","hash":"1addfd282ef26ad7127cb4d3c515c87770760b68"}
,"/Users/brycedbjork/git/splash/src/assets/icons/whiteSwitcher.png": {"path":"/Users/brycedbjork/git/splash/src/assets/icons/whiteSwitcher.png","statementMap":{"0":{"start":{"line":1,"column":0},"end":{"line":4,"column":6}}},"fnMap":{},"branchMap":{},"s":{"0":1},"f":{},"b":{},"_coverageSchema":"43e27e138ebf9cfc5966b082cf9a028302ed4184","hash":"b9014c547dcbd53c063b14918a6d8fe95f359094"}
,"/Users/brycedbjork/git/splash/src/assets/images/bitcoin-logo.png": {"path":"/Users/brycedbjork/git/splash/src/assets/images/bitcoin-logo.png","statementMap":{"0":{"start":{"line":1,"column":0},"end":{"line":4,"column":6}}},"fnMap":{},"branchMap":{},"s":{"0":1},"f":{},"b":{},"_coverageSchema":"43e27e138ebf9cfc5966b082cf9a028302ed4184","hash":"1b7f8ac6160f75dd56400e541304e63ab5ce6f9e"}
,"/Users/brycedbjork/git/splash/src/assets/images/ether-icon.png": {"path":"/Users/brycedbjork/git/splash/src/assets/images/ether-icon.png","statementMap":{"0":{"start":{"line":1,"column":0},"end":{"line":4,"column":6}}},"fnMap":{},"branchMap":{},"s":{"0":1},"f":{},"b":{},"_coverageSchema":"43e27e138ebf9cfc5966b082cf9a028302ed4184","hash":"c7c3f187749fb38188ce1cd3ab20d3186dc6064b"}
,"/Users/brycedbjork/git/splash/src/assets/images/gemini-icon.png": {"path":"/Users/brycedbjork/git/splash/src/assets/images/gemini-icon.png","statementMap":{"0":{"start":{"line":1,"column":0},"end":{"line":4,"column":6}}},"fnMap":{},"branchMap":{},"s":{"0":1},"f":{},"b":{},"_coverageSchema":"43e27e138ebf9cfc5966b082cf9a028302ed4184","hash":"1cad698aa86627ba362539a7618bb14985de0523"}
,"/Users/brycedbjork/git/splash/src/assets/images/placeholder-rectangle.png": {"path":"/Users/brycedbjork/git/splash/src/assets/images/placeholder-rectangle.png","statementMap":{"0":{"start":{"line":1,"column":0},"end":{"line":4,"column":6}}},"fnMap":{},"branchMap":{},"s":{"0":1},"f":{},"b":{},"_coverageSchema":"43e27e138ebf9cfc5966b082cf9a028302ed4184","hash":"afa71ef683af3c4f0d5673cbdb42a618f3b63b3b"}
,"/Users/brycedbjork/git/splash/src/components/Account/Account.js": {"path":"/Users/brycedbjork/git/splash/src/components/Account/Account.js","statementMap":{"0":{"start":{"line":26,"column":16},"end":{"line":154,"column":1}},"1":{"start":{"line":28,"column":30},"end":{"line":56,"column":3}},"2":{"start":{"line":29,"column":3},"end":{"line":55,"column":4}},"3":{"start":{"line":30,"column":4},"end":{"line":40,"column":6}},"4":{"start":{"line":32,"column":6},"end":{"line":38,"column":8}},"5":{"start":{"line":33,"column":7},"end":{"line":33,"column":38}},"6":{"start":{"line":34,"column":7},"end":{"line":34,"column":29}},"7":{"start":{"line":36,"column":7},"end":{"line":36,"column":33}},"8":{"start":{"line":37,"column":7},"end":{"line":37,"column":64}},"9":{"start":{"line":42,"column":4},"end":{"line":54,"column":6}},"10":{"start":{"line":45,"column":6},"end":{"line":52,"column":8}},"11":{"start":{"line":46,"column":7},"end":{"line":46,"column":26}},"12":{"start":{"line":47,"column":7},"end":{"line":47,"column":38}},"13":{"start":{"line":48,"column":7},"end":{"line":48,"column":29}},"14":{"start":{"line":50,"column":7},"end":{"line":50,"column":33}},"15":{"start":{"line":51,"column":7},"end":{"line":51,"column":64}},"16":{"start":{"line":58,"column":30},"end":{"line":70,"column":3}},"17":{"start":{"line":59,"column":3},"end":{"line":69,"column":4}},"18":{"start":{"line":60,"column":4},"end":{"line":64,"column":6}},"19":{"start":{"line":61,"column":5},"end":{"line":63,"column":7}},"20":{"start":{"line":62,"column":6},"end":{"line":62,"column":83}},"21":{"start":{"line":62,"column":55},"end":{"line":62,"column":82}},"22":{"start":{"line":66,"column":4},"end":{"line":68,"column":6}},"23":{"start":{"line":67,"column":5},"end":{"line":67,"column":82}},"24":{"start":{"line":67,"column":54},"end":{"line":67,"column":81}},"25":{"start":{"line":72,"column":32},"end":{"line":107,"column":3}},"26":{"start":{"line":73,"column":3},"end":{"line":106,"column":4}},"27":{"start":{"line":74,"column":4},"end":{"line":96,"column":5}},"28":{"start":{"line":75,"column":5},"end":{"line":91,"column":41}},"29":{"start":{"line":76,"column":6},"end":{"line":90,"column":7}},"30":{"start":{"line":77,"column":7},"end":{"line":86,"column":9}},"31":{"start":{"line":80,"column":9},"end":{"line":80,"column":27}},"32":{"start":{"line":81,"column":9},"end":{"line":81,"column":40}},"33":{"start":{"line":84,"column":9},"end":{"line":84,"column":28}},"34":{"start":{"line":89,"column":7},"end":{"line":89,"column":26}},"35":{"start":{"line":91,"column":20},"end":{"line":91,"column":39}},"36":{"start":{"line":94,"column":5},"end":{"line":94,"column":67}},"37":{"start":{"line":95,"column":5},"end":{"line":95,"column":24}},"38":{"start":{"line":99,"column":4},"end":{"line":105,"column":6}},"39":{"start":{"line":102,"column":6},"end":{"line":102,"column":37}},"40":{"start":{"line":103,"column":6},"end":{"line":103,"column":25}},"41":{"start":{"line":109,"column":23},"end":{"line":114,"column":3}},"42":{"start":{"line":110,"column":3},"end":{"line":113,"column":5}},"43":{"start":{"line":111,"column":4},"end":{"line":111,"column":34}},"44":{"start":{"line":112,"column":4},"end":{"line":112,"column":19}},"45":{"start":{"line":116,"column":23},"end":{"line":116,"column":59}},"46":{"start":{"line":118,"column":24},"end":{"line":118,"column":35}},"47":{"start":{"line":119,"column":30},"end":{"line":119,"column":87}},"48":{"start":{"line":120,"column":23},"end":{"line":120,"column":52}},"49":{"start":{"line":121,"column":29},"end":{"line":121,"column":121}},"50":{"start":{"line":122,"column":25},"end":{"line":122,"column":49}},"51":{"start":{"line":123,"column":31},"end":{"line":123,"column":78}},"52":{"start":{"line":125,"column":2},"end":{"line":153,"column":4}},"53":{"start":{"line":135,"column":40},"end":{"line":135,"column":77}},"54":{"start":{"line":156,"column":15},"end":{"line":206,"column":2}}},"fnMap":{"0":{"name":"(anonymous_0)","decl":{"start":{"line":26,"column":16},"end":{"line":26,"column":17}},"loc":{"start":{"line":26,"column":325},"end":{"line":154,"column":1}},"line":26},"1":{"name":"(anonymous_1)","decl":{"start":{"line":28,"column":30},"end":{"line":28,"column":31}},"loc":{"start":{"line":28,"column":43},"end":{"line":56,"column":3}},"line":28},"2":{"name":"(anonymous_2)","decl":{"start":{"line":31,"column":22},"end":{"line":31,"column":23}},"loc":{"start":{"line":31,"column":35},"end":{"line":39,"column":6}},"line":31},"3":{"name":"(anonymous_3)","decl":{"start":{"line":32,"column":58},"end":{"line":32,"column":59}},"loc":{"start":{"line":32,"column":64},"end":{"line":35,"column":7}},"line":32},"4":{"name":"(anonymous_4)","decl":{"start":{"line":35,"column":15},"end":{"line":35,"column":16}},"loc":{"start":{"line":35,"column":20},"end":{"line":38,"column":7}},"line":35},"5":{"name":"(anonymous_5)","decl":{"start":{"line":44,"column":22},"end":{"line":44,"column":23}},"loc":{"start":{"line":44,"column":28},"end":{"line":53,"column":6}},"line":44},"6":{"name":"(anonymous_6)","decl":{"start":{"line":45,"column":53},"end":{"line":45,"column":54}},"loc":{"start":{"line":45,"column":59},"end":{"line":49,"column":7}},"line":45},"7":{"name":"(anonymous_7)","decl":{"start":{"line":49,"column":15},"end":{"line":49,"column":16}},"loc":{"start":{"line":49,"column":20},"end":{"line":52,"column":7}},"line":49},"8":{"name":"(anonymous_8)","decl":{"start":{"line":58,"column":30},"end":{"line":58,"column":31}},"loc":{"start":{"line":58,"column":36},"end":{"line":70,"column":3}},"line":58},"9":{"name":"(anonymous_9)","decl":{"start":{"line":60,"column":20},"end":{"line":60,"column":21}},"loc":{"start":{"line":60,"column":26},"end":{"line":64,"column":5}},"line":60},"10":{"name":"(anonymous_10)","decl":{"start":{"line":61,"column":26},"end":{"line":61,"column":27}},"loc":{"start":{"line":61,"column":32},"end":{"line":63,"column":6}},"line":61},"11":{"name":"(anonymous_11)","decl":{"start":{"line":62,"column":48},"end":{"line":62,"column":49}},"loc":{"start":{"line":62,"column":55},"end":{"line":62,"column":82}},"line":62},"12":{"name":"(anonymous_12)","decl":{"start":{"line":66,"column":25},"end":{"line":66,"column":26}},"loc":{"start":{"line":66,"column":31},"end":{"line":68,"column":5}},"line":66},"13":{"name":"(anonymous_13)","decl":{"start":{"line":67,"column":47},"end":{"line":67,"column":48}},"loc":{"start":{"line":67,"column":54},"end":{"line":67,"column":81}},"line":67},"14":{"name":"(anonymous_14)","decl":{"start":{"line":72,"column":32},"end":{"line":72,"column":33}},"loc":{"start":{"line":72,"column":45},"end":{"line":107,"column":3}},"line":72},"15":{"name":"(anonymous_15)","decl":{"start":{"line":75,"column":64},"end":{"line":75,"column":65}},"loc":{"start":{"line":75,"column":75},"end":{"line":91,"column":6}},"line":75},"16":{"name":"(anonymous_16)","decl":{"start":{"line":79,"column":25},"end":{"line":79,"column":26}},"loc":{"start":{"line":79,"column":31},"end":{"line":82,"column":9}},"line":79},"17":{"name":"(anonymous_17)","decl":{"start":{"line":83,"column":24},"end":{"line":83,"column":25}},"loc":{"start":{"line":83,"column":30},"end":{"line":85,"column":9}},"line":83},"18":{"name":"(anonymous_18)","decl":{"start":{"line":91,"column":14},"end":{"line":91,"column":15}},"loc":{"start":{"line":91,"column":20},"end":{"line":91,"column":39}},"line":91},"19":{"name":"(anonymous_19)","decl":{"start":{"line":101,"column":22},"end":{"line":101,"column":23}},"loc":{"start":{"line":101,"column":28},"end":{"line":104,"column":6}},"line":101},"20":{"name":"(anonymous_20)","decl":{"start":{"line":109,"column":23},"end":{"line":109,"column":24}},"loc":{"start":{"line":109,"column":29},"end":{"line":114,"column":3}},"line":109},"21":{"name":"(anonymous_21)","decl":{"start":{"line":110,"column":19},"end":{"line":110,"column":20}},"loc":{"start":{"line":110,"column":25},"end":{"line":113,"column":4}},"line":110},"22":{"name":"(anonymous_22)","decl":{"start":{"line":135,"column":34},"end":{"line":135,"column":35}},"loc":{"start":{"line":135,"column":40},"end":{"line":135,"column":77}},"line":135}},"branchMap":{"0":{"loc":{"start":{"line":29,"column":3},"end":{"line":55,"column":4}},"type":"if","locations":[{"start":{"line":29,"column":3},"end":{"line":55,"column":4}},{"start":{"line":29,"column":3},"end":{"line":55,"column":4}}],"line":29},"1":{"loc":{"start":{"line":59,"column":3},"end":{"line":69,"column":4}},"type":"if","locations":[{"start":{"line":59,"column":3},"end":{"line":69,"column":4}},{"start":{"line":59,"column":3},"end":{"line":69,"column":4}}],"line":59},"2":{"loc":{"start":{"line":73,"column":3},"end":{"line":106,"column":4}},"type":"if","locations":[{"start":{"line":73,"column":3},"end":{"line":106,"column":4}},{"start":{"line":73,"column":3},"end":{"line":106,"column":4}}],"line":73},"3":{"loc":{"start":{"line":74,"column":4},"end":{"line":96,"column":5}},"type":"if","locations":[{"start":{"line":74,"column":4},"end":{"line":96,"column":5}},{"start":{"line":74,"column":4},"end":{"line":96,"column":5}}],"line":74},"4":{"loc":{"start":{"line":76,"column":6},"end":{"line":90,"column":7}},"type":"if","locations":[{"start":{"line":76,"column":6},"end":{"line":90,"column":7}},{"start":{"line":76,"column":6},"end":{"line":90,"column":7}}],"line":76}},"s":{"0":1,"1":1,"2":0,"3":0,"4":0,"5":0,"6":0,"7":0,"8":0,"9":0,"10":0,"11":0,"12":0,"13":0,"14":0,"15":0,"16":1,"17":0,"18":0,"19":0,"20":0,"21":0,"22":0,"23":0,"24":0,"25":1,"26":0,"27":0,"28":0,"29":0,"30":0,"31":0,"32":0,"33":0,"34":0,"35":0,"36":0,"37":0,"38":0,"39":0,"40":0,"41":1,"42":0,"43":0,"44":0,"45":1,"46":1,"47":1,"48":1,"49":1,"50":1,"51":1,"52":1,"53":0,"54":1},"f":{"0":1,"1":0,"2":0,"3":0,"4":0,"5":0,"6":0,"7":0,"8":0,"9":0,"10":0,"11":0,"12":0,"13":0,"14":0,"15":0,"16":0,"17":0,"18":0,"19":0,"20":0,"21":0,"22":0},"b":{"0":[0,0],"1":[0,0],"2":[0,0],"3":[0,0],"4":[0,0]},"_coverageSchema":"43e27e138ebf9cfc5966b082cf9a028302ed4184","hash":"f6990c2e3ca7313460e1ea6c67f7c0b38bfd338b"}
,"/Users/brycedbjork/git/splash/src/components/Account/Setting.js": {"path":"/Users/brycedbjork/git/splash/src/components/Account/Setting.js","statementMap":{"0":{"start":{"line":11,"column":16},"end":{"line":26,"column":1}},"1":{"start":{"line":12,"column":1},"end":{"line":25,"column":2}},"2":{"start":{"line":28,"column":15},"end":{"line":61,"column":2}}},"fnMap":{"0":{"name":"(anonymous_0)","decl":{"start":{"line":11,"column":16},"end":{"line":11,"column":17}},"loc":{"start":{"line":11,"column":91},"end":{"line":26,"column":1}},"line":11}},"branchMap":{"0":{"loc":{"start":{"line":17,"column":9},"end":{"line":19,"column":27}},"type":"binary-expr","locations":[{"start":{"line":17,"column":9},"end":{"line":17,"column":13}},{"start":{"line":17,"column":17},"end":{"line":19,"column":27}}],"line":17}},"s":{"0":1,"1":0,"2":1},"f":{"0":0},"b":{"0":[0,0]},"_coverageSchema":"43e27e138ebf9cfc5966b082cf9a028302ed4184","hash":"12691f5af189dfae27b996e654005d9a72a157de"}
,"/Users/brycedbjork/git/splash/src/components/universal/Button.js": {"path":"/Users/brycedbjork/git/splash/src/components/universal/Button.js","statementMap":{"0":{"start":{"line":19,"column":8},"end":{"line":19,"column":20}},"1":{"start":{"line":20,"column":8},"end":{"line":20,"column":58}},"2":{"start":{"line":21,"column":8},"end":{"line":21,"column":60}},"3":{"start":{"line":25,"column":8},"end":{"line":25,"column":50}},"4":{"start":{"line":29,"column":8},"end":{"line":29,"column":62}},"5":{"start":{"line":30,"column":8},"end":{"line":32,"column":18}},"6":{"start":{"line":36,"column":8},"end":{"line":36,"column":62}},"7":{"start":{"line":37,"column":8},"end":{"line":41,"column":18}},"8":{"start":{"line":58,"column":12},"end":{"line":58,"column":22}},"9":{"start":{"line":61,"column":12},"end":{"line":64,"column":14}},"10":{"start":{"line":68,"column":12},"end":{"line":73,"column":14}},"11":{"start":{"line":77,"column":12},"end":{"line":86,"column":19}},"12":{"start":{"line":89,"column":8},"end":{"line":119,"column":9}},"13":{"start":{"line":123,"column":0},"end":{"line":131,"column":1}},"14":{"start":{"line":133,"column":15},"end":{"line":192,"column":2}}},"fnMap":{"0":{"name":"(anonymous_0)","decl":{"start":{"line":18,"column":4},"end":{"line":18,"column":5}},"loc":{"start":{"line":18,"column":23},"end":{"line":22,"column":5}},"line":18},"1":{"name":"(anonymous_1)","decl":{"start":{"line":24,"column":4},"end":{"line":24,"column":5}},"loc":{"start":{"line":24,"column":25},"end":{"line":26,"column":5}},"line":24},"2":{"name":"(anonymous_2)","decl":{"start":{"line":28,"column":4},"end":{"line":28,"column":5}},"loc":{"start":{"line":28,"column":20},"end":{"line":33,"column":5}},"line":28},"3":{"name":"(anonymous_3)","decl":{"start":{"line":35,"column":4},"end":{"line":35,"column":5}},"loc":{"start":{"line":35,"column":21},"end":{"line":42,"column":5}},"line":35},"4":{"name":"(anonymous_4)","decl":{"start":{"line":44,"column":4},"end":{"line":44,"column":5}},"loc":{"start":{"line":44,"column":13},"end":{"line":120,"column":5}},"line":44},"5":{"name":"(anonymous_5)","decl":{"start":{"line":47,"column":22},"end":{"line":47,"column":23}},"loc":{"start":{"line":47,"column":28},"end":{"line":47,"column":30}},"line":47}},"branchMap":{"0":{"loc":{"start":{"line":47,"column":12},"end":{"line":47,"column":30}},"type":"default-arg","locations":[{"start":{"line":47,"column":22},"end":{"line":47,"column":30}}],"line":47},"1":{"loc":{"start":{"line":49,"column":12},"end":{"line":49,"column":28}},"type":"default-arg","locations":[{"start":{"line":49,"column":23},"end":{"line":49,"column":28}}],"line":49},"2":{"loc":{"start":{"line":50,"column":12},"end":{"line":50,"column":27}},"type":"default-arg","locations":[{"start":{"line":50,"column":22},"end":{"line":50,"column":27}}],"line":50},"3":{"loc":{"start":{"line":51,"column":12},"end":{"line":51,"column":29}},"type":"default-arg","locations":[{"start":{"line":51,"column":24},"end":{"line":51,"column":29}}],"line":51},"4":{"loc":{"start":{"line":52,"column":12},"end":{"line":52,"column":36}},"type":"default-arg","locations":[{"start":{"line":52,"column":31},"end":{"line":52,"column":36}}],"line":52},"5":{"loc":{"start":{"line":53,"column":12},"end":{"line":53,"column":36}},"type":"default-arg","locations":[{"start":{"line":53,"column":32},"end":{"line":53,"column":36}}],"line":53},"6":{"loc":{"start":{"line":54,"column":12},"end":{"line":54,"column":25}},"type":"default-arg","locations":[{"start":{"line":54,"column":20},"end":{"line":54,"column":25}}],"line":54},"7":{"loc":{"start":{"line":55,"column":12},"end":{"line":55,"column":25}},"type":"default-arg","locations":[{"start":{"line":55,"column":20},"end":{"line":55,"column":25}}],"line":55},"8":{"loc":{"start":{"line":56,"column":12},"end":{"line":56,"column":25}},"type":"default-arg","locations":[{"start":{"line":56,"column":20},"end":{"line":56,"column":25}}],"line":56},"9":{"loc":{"start":{"line":57,"column":12},"end":{"line":57,"column":22}},"type":"default-arg","locations":[{"start":{"line":57,"column":20},"end":{"line":57,"column":22}}],"line":57},"10":{"loc":{"start":{"line":62,"column":23},"end":{"line":62,"column":54}},"type":"cond-expr","locations":[{"start":{"line":62,"column":33},"end":{"line":62,"column":37}},{"start":{"line":62,"column":40},"end":{"line":62,"column":54}}],"line":62},"11":{"loc":{"start":{"line":63,"column":22},"end":{"line":63,"column":37}},"type":"cond-expr","locations":[{"start":{"line":63,"column":30},"end":{"line":63,"column":32}},{"start":{"line":63,"column":35},"end":{"line":63,"column":37}}],"line":63},"12":{"loc":{"start":{"line":69,"column":23},"end":{"line":69,"column":52}},"type":"cond-expr","locations":[{"start":{"line":69,"column":33},"end":{"line":69,"column":40}},{"start":{"line":69,"column":43},"end":{"line":69,"column":52}}],"line":69},"13":{"loc":{"start":{"line":80,"column":20},"end":{"line":80,"column":49}},"type":"cond-expr","locations":[{"start":{"line":80,"column":28},"end":{"line":80,"column":44}},{"start":{"line":80,"column":47},"end":{"line":80,"column":49}}],"line":80},"14":{"loc":{"start":{"line":81,"column":20},"end":{"line":81,"column":71}},"type":"cond-expr","locations":[{"start":{"line":81,"column":30},"end":{"line":81,"column":48}},{"start":{"line":81,"column":51},"end":{"line":81,"column":71}}],"line":81},"15":{"loc":{"start":{"line":82,"column":20},"end":{"line":82,"column":55}},"type":"cond-expr","locations":[{"start":{"line":82,"column":31},"end":{"line":82,"column":50}},{"start":{"line":82,"column":53},"end":{"line":82,"column":55}}],"line":82},"16":{"loc":{"start":{"line":91,"column":26},"end":{"line":91,"column":45}},"type":"binary-expr","locations":[{"start":{"line":91,"column":26},"end":{"line":91,"column":34}},{"start":{"line":91,"column":38},"end":{"line":91,"column":45}}],"line":91},"17":{"loc":{"start":{"line":99,"column":24},"end":{"line":99,"column":53}},"type":"cond-expr","locations":[{"start":{"line":99,"column":32},"end":{"line":99,"column":48}},{"start":{"line":99,"column":51},"end":{"line":99,"column":53}}],"line":99},"18":{"loc":{"start":{"line":100,"column":24},"end":{"line":100,"column":79}},"type":"cond-expr","locations":[{"start":{"line":100,"column":34},"end":{"line":100,"column":54}},{"start":{"line":100,"column":57},"end":{"line":100,"column":79}}],"line":100},"19":{"loc":{"start":{"line":101,"column":24},"end":{"line":101,"column":61}},"type":"cond-expr","locations":[{"start":{"line":101,"column":35},"end":{"line":101,"column":56}},{"start":{"line":101,"column":59},"end":{"line":101,"column":61}}],"line":101},"20":{"loc":{"start":{"line":102,"column":24},"end":{"line":102,"column":59}},"type":"cond-expr","locations":[{"start":{"line":102,"column":34},"end":{"line":102,"column":54}},{"start":{"line":102,"column":57},"end":{"line":102,"column":59}}],"line":102},"21":{"loc":{"start":{"line":103,"column":24},"end":{"line":103,"column":63}},"type":"cond-expr","locations":[{"start":{"line":103,"column":36},"end":{"line":103,"column":58}},{"start":{"line":103,"column":61},"end":{"line":103,"column":63}}],"line":103},"22":{"loc":{"start":{"line":104,"column":24},"end":{"line":104,"column":55}},"type":"cond-expr","locations":[{"start":{"line":104,"column":32},"end":{"line":104,"column":50}},{"start":{"line":104,"column":53},"end":{"line":104,"column":55}}],"line":104},"23":{"loc":{"start":{"line":105,"column":24},"end":{"line":105,"column":55}},"type":"cond-expr","locations":[{"start":{"line":105,"column":32},"end":{"line":105,"column":50}},{"start":{"line":105,"column":53},"end":{"line":105,"column":55}}],"line":105},"24":{"loc":{"start":{"line":113,"column":25},"end":{"line":113,"column":47}},"type":"binary-expr","locations":[{"start":{"line":113,"column":25},"end":{"line":113,"column":32}},{"start":{"line":113,"column":36},"end":{"line":113,"column":47}}],"line":113},"25":{"loc":{"start":{"line":114,"column":25},"end":{"line":114,"column":61}},"type":"binary-expr","locations":[{"start":{"line":114,"column":25},"end":{"line":114,"column":33}},{"start":{"line":114,"column":37},"end":{"line":114,"column":47}},{"start":{"line":114,"column":51},"end":{"line":114,"column":61}}],"line":114},"26":{"loc":{"start":{"line":115,"column":25},"end":{"line":115,"column":63}},"type":"binary-expr","locations":[{"start":{"line":115,"column":25},"end":{"line":115,"column":34}},{"start":{"line":115,"column":38},"end":{"line":115,"column":46}},{"start":{"line":115,"column":50},"end":{"line":115,"column":63}}],"line":115}},"s":{"0":0,"1":0,"2":0,"3":0,"4":0,"5":0,"6":0,"7":0,"8":0,"9":0,"10":0,"11":0,"12":0,"13":1,"14":1},"f":{"0":0,"1":0,"2":0,"3":0,"4":0,"5":0},"b":{"0":[0],"1":[0],"2":[0],"3":[0],"4":[0],"5":[0],"6":[0],"7":[0],"8":[0],"9":[0],"10":[0,0],"11":[0,0],"12":[0,0],"13":[0,0],"14":[0,0],"15":[0,0],"16":[0,0],"17":[0,0],"18":[0,0],"19":[0,0],"20":[0,0],"21":[0,0],"22":[0,0],"23":[0,0],"24":[0,0],"25":[0,0,0],"26":[0,0,0]},"_coverageSchema":"43e27e138ebf9cfc5966b082cf9a028302ed4184","hash":"43840a9d227a92f81d0727036ea99cf0f828ba54"}
,"/Users/brycedbjork/git/splash/src/components/universal/Checkmark.js": {"path":"/Users/brycedbjork/git/splash/src/components/universal/Checkmark.js","statementMap":{"0":{"start":{"line":12,"column":6},"end":{"line":12,"column":18}},"1":{"start":{"line":13,"column":6},"end":{"line":15,"column":7}},"2":{"start":{"line":19,"column":6},"end":{"line":40,"column":7}},"3":{"start":{"line":20,"column":8},"end":{"line":37,"column":10}},"4":{"start":{"line":25,"column":9},"end":{"line":36,"column":10}},"5":{"start":{"line":26,"column":10},"end":{"line":30,"column":11}},"6":{"start":{"line":27,"column":11},"end":{"line":29,"column":18}},"7":{"start":{"line":28,"column":12},"end":{"line":28,"column":33}},"8":{"start":{"line":33,"column":10},"end":{"line":35,"column":12}},"9":{"start":{"line":34,"column":13},"end":{"line":34,"column":34}},"10":{"start":{"line":39,"column":8},"end":{"line":39,"column":29}},"11":{"start":{"line":45,"column":28},"end":{"line":45,"column":49}},"12":{"start":{"line":46,"column":30},"end":{"line":46,"column":45}},"13":{"start":{"line":47,"column":32},"end":{"line":49,"column":69}},"14":{"start":{"line":51,"column":8},"end":{"line":81,"column":9}},"15":{"start":{"line":69,"column":28},"end":{"line":69,"column":54}},"16":{"start":{"line":85,"column":0},"end":{"line":87,"column":1}}},"fnMap":{"0":{"name":"(anonymous_0)","decl":{"start":{"line":11,"column":4},"end":{"line":11,"column":5}},"loc":{"start":{"line":11,"column":23},"end":{"line":16,"column":5}},"line":11},"1":{"name":"(anonymous_1)","decl":{"start":{"line":18,"column":4},"end":{"line":18,"column":5}},"loc":{"start":{"line":18,"column":24},"end":{"line":41,"column":5}},"line":18},"2":{"name":"(anonymous_2)","decl":{"start":{"line":24,"column":17},"end":{"line":24,"column":18}},"loc":{"start":{"line":24,"column":33},"end":{"line":37,"column":9}},"line":24},"3":{"name":"(anonymous_3)","decl":{"start":{"line":27,"column":22},"end":{"line":27,"column":23}},"loc":{"start":{"line":27,"column":28},"end":{"line":29,"column":12}},"line":27},"4":{"name":"(anonymous_4)","decl":{"start":{"line":43,"column":4},"end":{"line":43,"column":5}},"loc":{"start":{"line":43,"column":13},"end":{"line":82,"column":5}},"line":43},"5":{"name":"(anonymous_5)","decl":{"start":{"line":68,"column":29},"end":{"line":68,"column":30}},"loc":{"start":{"line":68,"column":42},"end":{"line":70,"column":25}},"line":68}},"branchMap":{"0":{"loc":{"start":{"line":19,"column":6},"end":{"line":40,"column":7}},"type":"if","locations":[{"start":{"line":19,"column":6},"end":{"line":40,"column":7}},{"start":{"line":19,"column":6},"end":{"line":40,"column":7}}],"line":19},"1":{"loc":{"start":{"line":25,"column":9},"end":{"line":36,"column":10}},"type":"if","locations":[{"start":{"line":25,"column":9},"end":{"line":36,"column":10}},{"start":{"line":25,"column":9},"end":{"line":36,"column":10}}],"line":25},"2":{"loc":{"start":{"line":26,"column":10},"end":{"line":30,"column":11}},"type":"if","locations":[{"start":{"line":26,"column":10},"end":{"line":30,"column":11}},{"start":{"line":26,"column":10},"end":{"line":30,"column":11}}],"line":26},"3":{"loc":{"start":{"line":33,"column":10},"end":{"line":35,"column":12}},"type":"if","locations":[{"start":{"line":33,"column":10},"end":{"line":35,"column":12}},{"start":{"line":33,"column":10},"end":{"line":35,"column":12}}],"line":33},"4":{"loc":{"start":{"line":45,"column":28},"end":{"line":45,"column":49}},"type":"binary-expr","locations":[{"start":{"line":45,"column":28},"end":{"line":45,"column":43}},{"start":{"line":45,"column":47},"end":{"line":45,"column":49}}],"line":45},"5":{"loc":{"start":{"line":47,"column":32},"end":{"line":49,"column":69}},"type":"cond-expr","locations":[{"start":{"line":48,"column":14},"end":{"line":48,"column":68}},{"start":{"line":49,"column":14},"end":{"line":49,"column":69}}],"line":47},"6":{"loc":{"start":{"line":58,"column":16},"end":{"line":58,"column":38}},"type":"binary-expr","locations":[{"start":{"line":58,"column":16},"end":{"line":58,"column":32}},{"start":{"line":58,"column":36},"end":{"line":58,"column":38}}],"line":58}},"s":{"0":0,"1":0,"2":0,"3":0,"4":0,"5":0,"6":0,"7":0,"8":0,"9":0,"10":0,"11":0,"12":0,"13":0,"14":0,"15":0,"16":1},"f":{"0":0,"1":0,"2":0,"3":0,"4":0,"5":0},"b":{"0":[0,0],"1":[0,0],"2":[0,0],"3":[0,0],"4":[0,0],"5":[0,0],"6":[0,0]},"_coverageSchema":"43e27e138ebf9cfc5966b082cf9a028302ed4184","hash":"18fa81c025d8dfb01355d0296cef359dc37150aa"}
,"/Users/brycedbjork/git/splash/src/components/universal/FlatBackButton.js": {"path":"/Users/brycedbjork/git/splash/src/components/universal/FlatBackButton.js","statementMap":{"0":{"start":{"line":12,"column":23},"end":{"line":45,"column":1}},"1":{"start":{"line":15,"column":4},"end":{"line":30,"column":5}},"2":{"start":{"line":16,"column":8},"end":{"line":29,"column":9}},"3":{"start":{"line":18,"column":16},"end":{"line":18,"column":73}},"4":{"start":{"line":19,"column":16},"end":{"line":19,"column":21}},"5":{"start":{"line":21,"column":16},"end":{"line":21,"column":73}},"6":{"start":{"line":22,"column":16},"end":{"line":22,"column":21}},"7":{"start":{"line":24,"column":16},"end":{"line":24,"column":74}},"8":{"start":{"line":25,"column":16},"end":{"line":25,"column":21}},"9":{"start":{"line":27,"column":16},"end":{"line":27,"column":74}},"10":{"start":{"line":28,"column":16},"end":{"line":28,"column":21}},"11":{"start":{"line":31,"column":4},"end":{"line":33,"column":5}},"12":{"start":{"line":32,"column":8},"end":{"line":32,"column":67}},"13":{"start":{"line":36,"column":1},"end":{"line":44,"column":2}},"14":{"start":{"line":47,"column":15},"end":{"line":68,"column":2}}},"fnMap":{"0":{"name":"(anonymous_0)","decl":{"start":{"line":12,"column":23},"end":{"line":12,"column":24}},"loc":{"start":{"line":12,"column":85},"end":{"line":45,"column":1}},"line":12}},"branchMap":{"0":{"loc":{"start":{"line":12,"column":34},"end":{"line":12,"column":46}},"type":"default-arg","locations":[{"start":{"line":12,"column":40},"end":{"line":12,"column":46}}],"line":12},"1":{"loc":{"start":{"line":12,"column":48},"end":{"line":12,"column":61}},"type":"default-arg","locations":[{"start":{"line":12,"column":57},"end":{"line":12,"column":61}}],"line":12},"2":{"loc":{"start":{"line":12,"column":63},"end":{"line":12,"column":79}},"type":"default-arg","locations":[{"start":{"line":12,"column":73},"end":{"line":12,"column":79}}],"line":12},"3":{"loc":{"start":{"line":15,"column":4},"end":{"line":30,"column":5}},"type":"if","locations":[{"start":{"line":15,"column":4},"end":{"line":30,"column":5}},{"start":{"line":15,"column":4},"end":{"line":30,"column":5}}],"line":15},"4":{"loc":{"start":{"line":16,"column":8},"end":{"line":29,"column":9}},"type":"switch","locations":[{"start":{"line":17,"column":12},"end":{"line":19,"column":21}},{"start":{"line":20,"column":12},"end":{"line":22,"column":21}},{"start":{"line":23,"column":12},"end":{"line":25,"column":21}},{"start":{"line":26,"column":12},"end":{"line":28,"column":21}}],"line":16},"5":{"loc":{"start":{"line":31,"column":4},"end":{"line":33,"column":5}},"type":"if","locations":[{"start":{"line":31,"column":4},"end":{"line":33,"column":5}},{"start":{"line":31,"column":4},"end":{"line":33,"column":5}}],"line":31},"6":{"loc":{"start":{"line":39,"column":12},"end":{"line":39,"column":72}},"type":"cond-expr","locations":[{"start":{"line":39,"column":48},"end":{"line":39,"column":67}},{"start":{"line":39,"column":70},"end":{"line":39,"column":72}}],"line":39},"7":{"loc":{"start":{"line":39,"column":13},"end":{"line":39,"column":44}},"type":"binary-expr","locations":[{"start":{"line":39,"column":13},"end":{"line":39,"column":21}},{"start":{"line":39,"column":25},"end":{"line":39,"column":44}}],"line":39},"8":{"loc":{"start":{"line":40,"column":12},"end":{"line":40,"column":74}},"type":"cond-expr","locations":[{"start":{"line":40,"column":49},"end":{"line":40,"column":69}},{"start":{"line":40,"column":72},"end":{"line":40,"column":74}}],"line":40},"9":{"loc":{"start":{"line":40,"column":13},"end":{"line":40,"column":45}},"type":"binary-expr","locations":[{"start":{"line":40,"column":13},"end":{"line":40,"column":21}},{"start":{"line":40,"column":25},"end":{"line":40,"column":45}}],"line":40},"10":{"loc":{"start":{"line":57,"column":13},"end":{"line":57,"column":36}},"type":"cond-expr","locations":[{"start":{"line":57,"column":29},"end":{"line":57,"column":31}},{"start":{"line":57,"column":34},"end":{"line":57,"column":36}}],"line":57}},"s":{"0":1,"1":0,"2":0,"3":0,"4":0,"5":0,"6":0,"7":0,"8":0,"9":0,"10":0,"11":0,"12":0,"13":0,"14":1},"f":{"0":0},"b":{"0":[0],"1":[0],"2":[0],"3":[0,0],"4":[0,0,0,0],"5":[0,0],"6":[0,0],"7":[0,0],"8":[0,0],"9":[0,0],"10":[1,0]},"_coverageSchema":"43e27e138ebf9cfc5966b082cf9a028302ed4184","hash":"bb3ae2de5ab648a46f35d7f844108f4f5c8baea0"}
,"/Users/brycedbjork/git/splash/src/components/universal/Input.js": {"path":"/Users/brycedbjork/git/splash/src/components/universal/Input.js","statementMap":{"0":{"start":{"line":13,"column":21},"end":{"line":33,"column":1}},"1":{"start":{"line":15,"column":1},"end":{"line":32,"column":3}},"2":{"start":{"line":35,"column":26},"end":{"line":58,"column":1}},"3":{"start":{"line":37,"column":20},"end":{"line":37,"column":39}},"4":{"start":{"line":38,"column":1},"end":{"line":42,"column":2}},"5":{"start":{"line":39,"column":2},"end":{"line":39,"column":36}},"6":{"start":{"line":40,"column":8},"end":{"line":42,"column":2}},"7":{"start":{"line":41,"column":2},"end":{"line":41,"column":35}},"8":{"start":{"line":44,"column":1},"end":{"line":57,"column":3}},"9":{"start":{"line":67,"column":31},"end":{"line":93,"column":1}},"10":{"start":{"line":68,"column":22},"end":{"line":87,"column":3}},"11":{"start":{"line":69,"column":22},"end":{"line":69,"column":26}},"12":{"start":{"line":70,"column":2},"end":{"line":76,"column":3}},"13":{"start":{"line":71,"column":3},"end":{"line":71,"column":31}},"14":{"start":{"line":72,"column":9},"end":{"line":76,"column":3}},"15":{"start":{"line":73,"column":3},"end":{"line":73,"column":30}},"16":{"start":{"line":75,"column":3},"end":{"line":75,"column":23}},"17":{"start":{"line":77,"column":2},"end":{"line":86,"column":9}},"18":{"start":{"line":88,"column":1},"end":{"line":92,"column":3}},"19":{"start":{"line":95,"column":0},"end":{"line":100,"column":1}},"20":{"start":{"line":102,"column":15},"end":{"line":132,"column":2}}},"fnMap":{"0":{"name":"(anonymous_0)","decl":{"start":{"line":13,"column":21},"end":{"line":13,"column":22}},"loc":{"start":{"line":13,"column":132},"end":{"line":33,"column":1}},"line":13},"1":{"name":"(anonymous_1)","decl":{"start":{"line":35,"column":26},"end":{"line":35,"column":27}},"loc":{"start":{"line":35,"column":122},"end":{"line":58,"column":1}},"line":35},"2":{"name":"(anonymous_2)","decl":{"start":{"line":67,"column":31},"end":{"line":67,"column":32}},"loc":{"start":{"line":67,"column":62},"end":{"line":93,"column":1}},"line":67},"3":{"name":"(anonymous_3)","decl":{"start":{"line":68,"column":33},"end":{"line":68,"column":34}},"loc":{"start":{"line":68,"column":51},"end":{"line":87,"column":2}},"line":68}},"branchMap":{"0":{"loc":{"start":{"line":13,"column":66},"end":{"line":13,"column":74}},"type":"default-arg","locations":[{"start":{"line":13,"column":72},"end":{"line":13,"column":74}}],"line":13},"1":{"loc":{"start":{"line":13,"column":76},"end":{"line":13,"column":84}},"type":"default-arg","locations":[{"start":{"line":13,"column":82},"end":{"line":13,"column":84}}],"line":13},"2":{"loc":{"start":{"line":13,"column":86},"end":{"line":13,"column":101}},"type":"default-arg","locations":[{"start":{"line":13,"column":96},"end":{"line":13,"column":101}}],"line":13},"3":{"loc":{"start":{"line":29,"column":9},"end":{"line":29,"column":71}},"type":"binary-expr","locations":[{"start":{"line":29,"column":9},"end":{"line":29,"column":18}},{"start":{"line":29,"column":22},"end":{"line":29,"column":71}}],"line":29},"4":{"loc":{"start":{"line":38,"column":1},"end":{"line":42,"column":2}},"type":"if","locations":[{"start":{"line":38,"column":1},"end":{"line":42,"column":2}},{"start":{"line":38,"column":1},"end":{"line":42,"column":2}}],"line":38},"5":{"loc":{"start":{"line":40,"column":8},"end":{"line":42,"column":2}},"type":"if","locations":[{"start":{"line":40,"column":8},"end":{"line":42,"column":2}},{"start":{"line":40,"column":8},"end":{"line":42,"column":2}}],"line":40},"6":{"loc":{"start":{"line":70,"column":2},"end":{"line":76,"column":3}},"type":"if","locations":[{"start":{"line":70,"column":2},"end":{"line":76,"column":3}},{"start":{"line":70,"column":2},"end":{"line":76,"column":3}}],"line":70},"7":{"loc":{"start":{"line":72,"column":9},"end":{"line":76,"column":3}},"type":"if","locations":[{"start":{"line":72,"column":9},"end":{"line":76,"column":3}},{"start":{"line":72,"column":9},"end":{"line":76,"column":3}}],"line":72}},"s":{"0":1,"1":0,"2":1,"3":0,"4":0,"5":0,"6":0,"7":0,"8":0,"9":1,"10":0,"11":0,"12":0,"13":0,"14":0,"15":0,"16":0,"17":0,"18":0,"19":1,"20":1},"f":{"0":0,"1":0,"2":0,"3":0},"b":{"0":[0],"1":[0],"2":[0],"3":[0,0],"4":[0,0],"5":[0,0],"6":[0,0],"7":[0,0]},"_coverageSchema":"43e27e138ebf9cfc5966b082cf9a028302ed4184","hash":"a958025b45d059e90119045fc3f6c222d69a61d6"}
,"/Users/brycedbjork/git/splash/src/components/universal/LoadingCircle.js": {"path":"/Users/brycedbjork/git/splash/src/components/universal/LoadingCircle.js","statementMap":{"0":{"start":{"line":26,"column":8},"end":{"line":28,"column":9}},"1":{"start":{"line":27,"column":12},"end":{"line":27,"column":33}},"2":{"start":{"line":32,"column":8},"end":{"line":32,"column":29}},"3":{"start":{"line":37,"column":28},"end":{"line":37,"column":49}},"4":{"start":{"line":38,"column":30},"end":{"line":38,"column":45}},"5":{"start":{"line":40,"column":22},"end":{"line":40,"column":49}},"6":{"start":{"line":41,"column":32},"end":{"line":43,"column":73}},"7":{"start":{"line":45,"column":8},"end":{"line":74,"column":9}},"8":{"start":{"line":63,"column":28},"end":{"line":63,"column":54}},"9":{"start":{"line":78,"column":0},"end":{"line":81,"column":1}}},"fnMap":{"0":{"name":"(anonymous_0)","decl":{"start":{"line":25,"column":4},"end":{"line":25,"column":5}},"loc":{"start":{"line":25,"column":41},"end":{"line":29,"column":5}},"line":25},"1":{"name":"(anonymous_1)","decl":{"start":{"line":31,"column":4},"end":{"line":31,"column":5}},"loc":{"start":{"line":31,"column":24},"end":{"line":33,"column":5}},"line":31},"2":{"name":"(anonymous_2)","decl":{"start":{"line":35,"column":4},"end":{"line":35,"column":5}},"loc":{"start":{"line":35,"column":13},"end":{"line":75,"column":5}},"line":35},"3":{"name":"(anonymous_3)","decl":{"start":{"line":62,"column":29},"end":{"line":62,"column":30}},"loc":{"start":{"line":62,"column":42},"end":{"line":64,"column":25}},"line":62}},"branchMap":{"0":{"loc":{"start":{"line":26,"column":8},"end":{"line":28,"column":9}},"type":"if","locations":[{"start":{"line":26,"column":8},"end":{"line":28,"column":9}},{"start":{"line":26,"column":8},"end":{"line":28,"column":9}}],"line":26},"1":{"loc":{"start":{"line":37,"column":28},"end":{"line":37,"column":49}},"type":"binary-expr","locations":[{"start":{"line":37,"column":28},"end":{"line":37,"column":43}},{"start":{"line":37,"column":47},"end":{"line":37,"column":49}}],"line":37},"2":{"loc":{"start":{"line":40,"column":22},"end":{"line":40,"column":49}},"type":"binary-expr","locations":[{"start":{"line":40,"column":22},"end":{"line":40,"column":38}},{"start":{"line":40,"column":42},"end":{"line":40,"column":49}}],"line":40},"3":{"loc":{"start":{"line":41,"column":32},"end":{"line":43,"column":73}},"type":"cond-expr","locations":[{"start":{"line":42,"column":14},"end":{"line":42,"column":72}},{"start":{"line":43,"column":14},"end":{"line":43,"column":73}}],"line":41},"4":{"loc":{"start":{"line":52,"column":16},"end":{"line":52,"column":38}},"type":"binary-expr","locations":[{"start":{"line":52,"column":16},"end":{"line":52,"column":32}},{"start":{"line":52,"column":36},"end":{"line":52,"column":38}}],"line":52}},"s":{"0":0,"1":0,"2":0,"3":0,"4":0,"5":0,"6":0,"7":0,"8":0,"9":1},"f":{"0":0,"1":0,"2":0,"3":0},"b":{"0":[0,0],"1":[0,0],"2":[0,0],"3":[0,0],"4":[0,0]},"_coverageSchema":"43e27e138ebf9cfc5966b082cf9a028302ed4184","hash":"1d221e2b3d54b143ce6173148573e97ad5cbf499"}
,"/Users/brycedbjork/git/splash/src/lib/colors.js": {"path":"/Users/brycedbjork/git/splash/src/lib/colors.js","statementMap":{"0":{"start":{"line":1,"column":22},"end":{"line":20,"column":1}}},"fnMap":{},"branchMap":{},"s":{"0":1},"f":{},"b":{},"_coverageSchema":"43e27e138ebf9cfc5966b082cf9a028302ed4184","hash":"c22d4fcf0e083fa0ec90ce6e038836471f7dd4c3"}
,"/Users/brycedbjork/git/splash/src/lib/cryptos.js": {"path":"/Users/brycedbjork/git/splash/src/lib/cryptos.js","statementMap":{"0":{"start":{"line":1,"column":30},"end":{"line":5,"column":1}},"1":{"start":{"line":7,"column":31},"end":{"line":14,"column":1}},"2":{"start":{"line":16,"column":28},"end":{"line":20,"column":1}},"3":{"start":{"line":22,"column":28},"end":{"line":26,"column":1}},"4":{"start":{"line":28,"column":27},"end":{"line":33,"column":1}},"5":{"start":{"line":35,"column":34},"end":{"line":37,"column":1}},"6":{"start":{"line":40,"column":27},"end":{"line":40,"column":49}},"7":{"start":{"line":42,"column":26},"end":{"line":42,"column":34}},"8":{"start":{"line":44,"column":30},"end":{"line":49,"column":1}},"9":{"start":{"line":51,"column":33},"end":{"line":62,"column":1}},"10":{"start":{"line":65,"column":24},"end":{"line":146,"column":1}},"11":{"start":{"line":149,"column":30},"end":{"line":171,"column":1}},"12":{"start":{"line":151,"column":18},"end":{"line":151,"column":39}},"13":{"start":{"line":152,"column":4},"end":{"line":152,"column":29}},"14":{"start":{"line":153,"column":25},"end":{"line":153,"column":43}},"15":{"start":{"line":154,"column":16},"end":{"line":154,"column":17}},"16":{"start":{"line":155,"column":4},"end":{"line":169,"column":5}},"17":{"start":{"line":156,"column":8},"end":{"line":157,"column":68}},"18":{"start":{"line":157,"column":12},"end":{"line":157,"column":68}},"19":{"start":{"line":158,"column":8},"end":{"line":166,"column":9}},"20":{"start":{"line":159,"column":20},"end":{"line":159,"column":21}},"21":{"start":{"line":159,"column":29},"end":{"line":159,"column":65}},"22":{"start":{"line":163,"column":31},"end":{"line":163,"column":62}},"23":{"start":{"line":164,"column":12},"end":{"line":165,"column":76}},"24":{"start":{"line":165,"column":16},"end":{"line":165,"column":76}},"25":{"start":{"line":168,"column":8},"end":{"line":168,"column":41}},"26":{"start":{"line":170,"column":4},"end":{"line":170,"column":17}},"27":{"start":{"line":174,"column":30},"end":{"line":202,"column":1}},"28":{"start":{"line":176,"column":26},"end":{"line":176,"column":50}},"29":{"start":{"line":177,"column":18},"end":{"line":177,"column":39}},"30":{"start":{"line":178,"column":18},"end":{"line":178,"column":50}},"31":{"start":{"line":179,"column":16},"end":{"line":179,"column":32}},"32":{"start":{"line":181,"column":16},"end":{"line":181,"column":18}},"33":{"start":{"line":182,"column":4},"end":{"line":184,"column":5}},"34":{"start":{"line":182,"column":17},"end":{"line":182,"column":27}},"35":{"start":{"line":182,"column":35},"end":{"line":182,"column":45}},"36":{"start":{"line":183,"column":8},"end":{"line":183,"column":34}},"37":{"start":{"line":185,"column":4},"end":{"line":201,"column":5}},"38":{"start":{"line":186,"column":8},"end":{"line":194,"column":9}},"39":{"start":{"line":187,"column":12},"end":{"line":189,"column":14}},"40":{"start":{"line":191,"column":12},"end":{"line":193,"column":37}},"41":{"start":{"line":196,"column":8},"end":{"line":200,"column":9}},"42":{"start":{"line":197,"column":12},"end":{"line":197,"column":67}},"43":{"start":{"line":199,"column":12},"end":{"line":199,"column":39}}},"fnMap":{"0":{"name":"(anonymous_0)","decl":{"start":{"line":149,"column":30},"end":{"line":149,"column":31}},"loc":{"start":{"line":149,"column":51},"end":{"line":171,"column":1}},"line":149},"1":{"name":"(anonymous_1)","decl":{"start":{"line":174,"column":30},"end":{"line":174,"column":31}},"loc":{"start":{"line":174,"column":51},"end":{"line":202,"column":1}},"line":174}},"branchMap":{"0":{"loc":{"start":{"line":155,"column":4},"end":{"line":169,"column":5}},"type":"if","locations":[{"start":{"line":155,"column":4},"end":{"line":169,"column":5}},{"start":{"line":155,"column":4},"end":{"line":169,"column":5}}],"line":155},"1":{"loc":{"start":{"line":156,"column":8},"end":{"line":157,"column":68}},"type":"if","locations":[{"start":{"line":156,"column":8},"end":{"line":157,"column":68}},{"start":{"line":156,"column":8},"end":{"line":157,"column":68}}],"line":156},"2":{"loc":{"start":{"line":164,"column":12},"end":{"line":165,"column":76}},"type":"if","locations":[{"start":{"line":164,"column":12},"end":{"line":165,"column":76}},{"start":{"line":164,"column":12},"end":{"line":165,"column":76}}],"line":164},"3":{"loc":{"start":{"line":185,"column":4},"end":{"line":201,"column":5}},"type":"if","locations":[{"start":{"line":185,"column":4},"end":{"line":201,"column":5}},{"start":{"line":185,"column":4},"end":{"line":201,"column":5}}],"line":185},"4":{"loc":{"start":{"line":186,"column":8},"end":{"line":194,"column":9}},"type":"if","locations":[{"start":{"line":186,"column":8},"end":{"line":194,"column":9}},{"start":{"line":186,"column":8},"end":{"line":194,"column":9}}],"line":186},"5":{"loc":{"start":{"line":196,"column":8},"end":{"line":200,"column":9}},"type":"if","locations":[{"start":{"line":196,"column":8},"end":{"line":200,"column":9}},{"start":{"line":196,"column":8},"end":{"line":200,"column":9}}],"line":196}},"s":{"0":1,"1":1,"2":1,"3":1,"4":1,"5":1,"6":1,"7":1,"8":1,"9":1,"10":1,"11":1,"12":0,"13":0,"14":0,"15":0,"16":0,"17":0,"18":0,"19":0,"20":0,"21":0,"22":0,"23":0,"24":0,"25":0,"26":0,"27":1,"28":0,"29":0,"30":0,"31":0,"32":0,"33":0,"34":0,"35":0,"36":0,"37":0,"38":0,"39":0,"40":0,"41":0,"42":0,"43":0},"f":{"0":0,"1":0},"b":{"0":[0,0],"1":[0,0],"2":[0,0],"3":[0,0],"4":[0,0],"5":[0,0]},"_coverageSchema":"43e27e138ebf9cfc5966b082cf9a028302ed4184","hash":"df9c388eddf18fe89dd4b265475097c7f333fc86"}
,"/Users/brycedbjork/git/splash/src/lib/styles.js": {"path":"/Users/brycedbjork/git/splash/src/lib/styles.js","statementMap":{"0":{"start":{"line":5,"column":24},"end":{"line":25,"column":1}},"1":{"start":{"line":27,"column":0},"end":{"line":31,"column":1}},"2":{"start":{"line":28,"column":1},"end":{"line":28,"column":39}},"3":{"start":{"line":29,"column":1},"end":{"line":29,"column":36}},"4":{"start":{"line":30,"column":1},"end":{"line":30,"column":36}},"5":{"start":{"line":33,"column":21},"end":{"line":63,"column":1}}},"fnMap":{},"branchMap":{"0":{"loc":{"start":{"line":27,"column":0},"end":{"line":31,"column":1}},"type":"if","locations":[{"start":{"line":27,"column":0},"end":{"line":31,"column":1}},{"start":{"line":27,"column":0},"end":{"line":31,"column":1}}],"line":27}},"s":{"0":1,"1":1,"2":1,"3":1,"4":1,"5":1},"f":{},"b":{"0":[1,0]},"_coverageSchema":"43e27e138ebf9cfc5966b082cf9a028302ed4184","hash":"32f446011c634155dcc1146bb2b65486bc55dbb2"}
}
