TN:
SF:/Users/brycedbjork/git/splash/src/api.js
FN:22,UsernameExists
FN:23,(anonymous_1)
FN:38,(anonymous_2)
FN:46,(anonymous_3)
FN:56,GetAccount
FN:57,(anonymous_5)
FN:62,(anonymous_6)
FN:65,(anonymous_7)
FN:71,IsValidAddress
FN:94,GenerateCard
FN:95,(anonymous_10)
FN:100,(anonymous_11)
FN:107,(anonymous_12)
FN:111,(anonymous_13)
FN:112,(anonymous_14)
FN:122,(anonymous_15)
FN:125,(anonymous_16)
FN:131,(anonymous_17)
FN:132,(anonymous_18)
FN:137,(anonymous_19)
FN:142,(anonymous_20)
FN:145,(anonymous_21)
FN:149,(anonymous_22)
FN:155,(anonymous_23)
FN:156,(anonymous_24)
FN:161,(anonymous_25)
FN:164,(anonymous_26)
FN:170,GetExchangeRate
FN:171,(anonymous_28)
FN:181,(anonymous_29)
FN:184,(anonymous_30)
FN:191,(anonymous_31)
FN:201,NewTransaction
FN:202,(anonymous_33)
FN:207,(anonymous_34)
FN:210,(anonymous_35)
FN:216,AddToKeychain
FN:227,DeleteUser
FN:240,DeleteTransactions
FN:246,(anonymous_39)
FN:257,(anonymous_40)
FNF:41
FNH:0
FNDA:0,UsernameExists
FNDA:0,(anonymous_1)
FNDA:0,(anonymous_2)
FNDA:0,(anonymous_3)
FNDA:0,GetAccount
FNDA:0,(anonymous_5)
FNDA:0,(anonymous_6)
FNDA:0,(anonymous_7)
FNDA:0,IsValidAddress
FNDA:0,GenerateCard
FNDA:0,(anonymous_10)
FNDA:0,(anonymous_11)
FNDA:0,(anonymous_12)
FNDA:0,(anonymous_13)
FNDA:0,(anonymous_14)
FNDA:0,(anonymous_15)
FNDA:0,(anonymous_16)
FNDA:0,(anonymous_17)
FNDA:0,(anonymous_18)
FNDA:0,(anonymous_19)
FNDA:0,(anonymous_20)
FNDA:0,(anonymous_21)
FNDA:0,(anonymous_22)
FNDA:0,(anonymous_23)
FNDA:0,(anonymous_24)
FNDA:0,(anonymous_25)
FNDA:0,(anonymous_26)
FNDA:0,GetExchangeRate
FNDA:0,(anonymous_28)
FNDA:0,(anonymous_29)
FNDA:0,(anonymous_30)
FNDA:0,(anonymous_31)
FNDA:0,NewTransaction
FNDA:0,(anonymous_33)
FNDA:0,(anonymous_34)
FNDA:0,(anonymous_35)
FNDA:0,AddToKeychain
FNDA:0,DeleteUser
FNDA:0,DeleteTransactions
FNDA:0,(anonymous_39)
FNDA:0,(anonymous_40)
DA:4,1
DA:5,1
DA:6,1
DA:15,1
DA:19,1
DA:23,0
DA:24,0
DA:30,0
DA:31,0
DA:34,0
DA:39,0
DA:40,0
DA:41,0
DA:43,0
DA:47,0
DA:50,0
DA:57,0
DA:58,0
DA:63,0
DA:66,0
DA:72,0
DA:74,0
DA:75,0
DA:79,0
DA:80,0
DA:82,0
DA:84,0
DA:86,0
DA:89,0
DA:90,0
DA:95,0
DA:96,0
DA:101,0
DA:102,0
DA:104,0
DA:107,0
DA:111,1
DA:112,0
DA:113,0
DA:118,0
DA:123,0
DA:126,0
DA:131,1
DA:132,0
DA:133,0
DA:138,0
DA:143,0
DA:146,0
DA:150,0
DA:155,1
DA:156,0
DA:157,0
DA:162,0
DA:165,0
DA:171,0
DA:173,0
DA:179,0
DA:182,0
DA:183,0
DA:184,0
DA:185,0
DA:189,0
DA:192,0
DA:193,0
DA:195,0
DA:202,0
DA:203,0
DA:208,0
DA:211,0
DA:217,0
DA:218,0
DA:219,0
DA:220,0
DA:221,0
DA:223,0
DA:228,0
DA:229,0
DA:230,0
DA:231,0
DA:236,0
DA:241,0
DA:242,0
DA:246,0
DA:247,0
DA:248,0
DA:250,0
DA:253,0
DA:257,0
DA:258,0
DA:259,0
DA:261,0
DA:265,0
LF:92
LH:8
BRDA:30,0,0,0
BRDA:30,0,1,0
BRDA:39,1,0,0
BRDA:39,1,1,0
BRDA:71,2,0,0
BRDA:71,3,0,0
BRDA:72,4,0,0
BRDA:72,4,1,0
BRDA:76,5,0,0
BRDA:76,5,1,0
BRDA:84,6,0,0
BRDA:84,6,1,0
BRDA:84,7,0,0
BRDA:84,7,1,0
BRDA:86,8,0,0
BRDA:86,8,1,0
BRDA:101,9,0,0
BRDA:101,9,1,0
BRDA:170,10,0,0
BRDA:170,11,0,0
BRDA:192,12,0,0
BRDA:192,12,1,0
BRF:22
BRH:0
end_of_record
TN:
SF:/Users/brycedbjork/git/splash/src/assets/icons/at.png
FNF:0
FNH:0
DA:1,1
LF:1
LH:1
BRF:0
BRH:0
end_of_record
TN:
SF:/Users/brycedbjork/git/splash/src/assets/icons/bitcoin-letter-icon.png
FNF:0
FNH:0
DA:1,1
LF:1
LH:1
BRF:0
BRH:0
end_of_record
TN:
SF:/Users/brycedbjork/git/splash/src/assets/icons/copyPaste.png
FNF:0
FNH:0
DA:1,1
LF:1
LH:1
BRF:0
BRH:0
end_of_record
TN:
SF:/Users/brycedbjork/git/splash/src/assets/icons/crossDark.png
FNF:0
FNH:0
DA:1,1
LF:1
LH:1
BRF:0
BRH:0
end_of_record
TN:
SF:/Users/brycedbjork/git/splash/src/assets/icons/crossGray.png
FNF:0
FNH:0
DA:1,1
LF:1
LH:1
BRF:0
BRH:0
end_of_record
TN:
SF:/Users/brycedbjork/git/splash/src/assets/icons/crossPrimary.png
FNF:0
FNH:0
DA:1,1
LF:1
LH:1
BRF:0
BRH:0
end_of_record
TN:
SF:/Users/brycedbjork/git/splash/src/assets/icons/crossWhite.png
FNF:0
FNH:0
DA:1,1
LF:1
LH:1
BRF:0
BRH:0
end_of_record
TN:
SF:/Users/brycedbjork/git/splash/src/assets/icons/ethereum-letter-icon.png
FNF:0
FNH:0
DA:1,1
LF:1
LH:1
BRF:0
BRH:0
end_of_record
TN:
SF:/Users/brycedbjork/git/splash/src/assets/icons/gemini-letter-icon.png
FNF:0
FNH:0
DA:1,1
LF:1
LH:1
BRF:0
BRH:0
end_of_record
TN:
SF:/Users/brycedbjork/git/splash/src/assets/icons/greenLeftArrow.png
FNF:0
FNH:0
DA:1,1
LF:1
LH:1
BRF:0
BRH:0
end_of_record
TN:
SF:/Users/brycedbjork/git/splash/src/assets/icons/primaryRightArrow.png
FNF:0
FNH:0
DA:1,1
LF:1
LH:1
BRF:0
BRH:0
end_of_record
TN:
SF:/Users/brycedbjork/git/splash/src/assets/icons/primarySplash.png
FNF:0
FNH:0
DA:1,1
LF:1
LH:1
BRF:0
BRH:0
end_of_record
TN:
SF:/Users/brycedbjork/git/splash/src/assets/icons/purpleArrow.png
FNF:0
FNH:0
DA:1,1
LF:1
LH:1
BRF:0
BRH:0
end_of_record
TN:
SF:/Users/brycedbjork/git/splash/src/assets/icons/purpleDrop.png
FNF:0
FNH:0
DA:1,1
LF:1
LH:1
BRF:0
BRH:0
end_of_record
TN:
SF:/Users/brycedbjork/git/splash/src/assets/icons/purpleSwitcher.png
FNF:0
FNH:0
DA:1,1
LF:1
LH:1
BRF:0
BRH:0
end_of_record
TN:
SF:/Users/brycedbjork/git/splash/src/assets/icons/purpleSwitcherVertical.png
FNF:0
FNH:0
DA:1,1
LF:1
LH:1
BRF:0
BRH:0
end_of_record
TN:
SF:/Users/brycedbjork/git/splash/src/assets/icons/qrIcon.png
FNF:0
FNH:0
DA:1,1
LF:1
LH:1
BRF:0
BRH:0
end_of_record
TN:
SF:/Users/brycedbjork/git/splash/src/assets/icons/refreshCircle.png
FNF:0
FNH:0
DA:1,1
LF:1
LH:1
BRF:0
BRH:0
end_of_record
TN:
SF:/Users/brycedbjork/git/splash/src/assets/icons/rightCarrotWhite.png
FNF:0
FNH:0
DA:1,1
LF:1
LH:1
BRF:0
BRH:0
end_of_record
TN:
SF:/Users/brycedbjork/git/splash/src/assets/icons/send.png
FNF:0
FNH:0
DA:1,1
LF:1
LH:1
BRF:0
BRH:0
end_of_record
TN:
SF:/Users/brycedbjork/git/splash/src/assets/icons/startPay.png
FNF:0
FNH:0
DA:1,1
LF:1
LH:1
BRF:0
BRH:0
end_of_record
TN:
SF:/Users/brycedbjork/git/splash/src/assets/icons/whiteArrow.png
FNF:0
FNH:0
DA:1,1
LF:1
LH:1
BRF:0
BRH:0
end_of_record
TN:
SF:/Users/brycedbjork/git/splash/src/assets/icons/whiteDrop.png
FNF:0
FNH:0
DA:1,1
LF:1
LH:1
BRF:0
BRH:0
end_of_record
TN:
SF:/Users/brycedbjork/git/splash/src/assets/icons/whiteSplash.png
FNF:0
FNH:0
DA:1,1
LF:1
LH:1
BRF:0
BRH:0
end_of_record
TN:
SF:/Users/brycedbjork/git/splash/src/assets/icons/whiteSwitcher.png
FNF:0
FNH:0
DA:1,1
LF:1
LH:1
BRF:0
BRH:0
end_of_record
TN:
SF:/Users/brycedbjork/git/splash/src/assets/images/bitcoin-logo.png
FNF:0
FNH:0
DA:1,1
LF:1
LH:1
BRF:0
BRH:0
end_of_record
TN:
SF:/Users/brycedbjork/git/splash/src/assets/images/ether-icon.png
FNF:0
FNH:0
DA:1,1
LF:1
LH:1
BRF:0
BRH:0
end_of_record
TN:
SF:/Users/brycedbjork/git/splash/src/assets/images/gemini-icon.png
FNF:0
FNH:0
DA:1,1
LF:1
LH:1
BRF:0
BRH:0
end_of_record
TN:
SF:/Users/brycedbjork/git/splash/src/assets/images/placeholder-rectangle.png
FNF:0
FNH:0
DA:1,1
LF:1
LH:1
BRF:0
BRH:0
end_of_record
TN:
SF:/Users/brycedbjork/git/splash/src/components/Account/Account.js
FN:26,(anonymous_0)
FN:28,(anonymous_1)
FN:31,(anonymous_2)
FN:32,(anonymous_3)
FN:35,(anonymous_4)
FN:44,(anonymous_5)
FN:45,(anonymous_6)
FN:49,(anonymous_7)
FN:58,(anonymous_8)
FN:60,(anonymous_9)
FN:61,(anonymous_10)
FN:62,(anonymous_11)
FN:66,(anonymous_12)
FN:67,(anonymous_13)
FN:72,(anonymous_14)
FN:75,(anonymous_15)
FN:79,(anonymous_16)
FN:83,(anonymous_17)
FN:91,(anonymous_18)
FN:101,(anonymous_19)
FN:109,(anonymous_20)
FN:110,(anonymous_21)
FN:135,(anonymous_22)
FNF:23
FNH:1
FNDA:1,(anonymous_0)
FNDA:0,(anonymous_1)
FNDA:0,(anonymous_2)
FNDA:0,(anonymous_3)
FNDA:0,(anonymous_4)
FNDA:0,(anonymous_5)
FNDA:0,(anonymous_6)
FNDA:0,(anonymous_7)
FNDA:0,(anonymous_8)
FNDA:0,(anonymous_9)
FNDA:0,(anonymous_10)
FNDA:0,(anonymous_11)
FNDA:0,(anonymous_12)
FNDA:0,(anonymous_13)
FNDA:0,(anonymous_14)
FNDA:0,(anonymous_15)
FNDA:0,(anonymous_16)
FNDA:0,(anonymous_17)
FNDA:0,(anonymous_18)
FNDA:0,(anonymous_19)
FNDA:0,(anonymous_20)
FNDA:0,(anonymous_21)
FNDA:0,(anonymous_22)
DA:26,1
DA:28,1
DA:29,0
DA:30,0
DA:32,0
DA:33,0
DA:34,0
DA:36,0
DA:37,0
DA:42,0
DA:45,0
DA:46,0
DA:47,0
DA:48,0
DA:50,0
DA:51,0
DA:58,1
DA:59,0
DA:60,0
DA:61,0
DA:62,0
DA:66,0
DA:67,0
DA:72,1
DA:73,0
DA:74,0
DA:75,0
DA:76,0
DA:77,0
DA:80,0
DA:81,0
DA:84,0
DA:89,0
DA:91,0
DA:94,0
DA:95,0
DA:99,0
DA:102,0
DA:103,0
DA:109,1
DA:110,0
DA:111,0
DA:112,0
DA:116,1
DA:118,1
DA:119,1
DA:120,1
DA:121,1
DA:122,1
DA:123,1
DA:125,1
DA:135,0
DA:156,1
LF:53
LH:14
BRDA:29,0,0,0
BRDA:29,0,1,0
BRDA:59,1,0,0
BRDA:59,1,1,0
BRDA:73,2,0,0
BRDA:73,2,1,0
BRDA:74,3,0,0
BRDA:74,3,1,0
BRDA:76,4,0,0
BRDA:76,4,1,0
BRF:10
BRH:0
end_of_record
TN:
SF:/Users/brycedbjork/git/splash/src/components/Account/Setting.js
FN:11,(anonymous_0)
FNF:1
FNH:0
FNDA:0,(anonymous_0)
DA:11,1
DA:12,0
DA:28,1
LF:3
LH:2
BRDA:17,0,0,0
BRDA:17,0,1,0
BRF:2
BRH:0
end_of_record
TN:
SF:/Users/brycedbjork/git/splash/src/components/universal/Button.js
FN:18,(anonymous_0)
FN:24,(anonymous_1)
FN:28,(anonymous_2)
FN:35,(anonymous_3)
FN:44,(anonymous_4)
FN:47,(anonymous_5)
FNF:6
FNH:0
FNDA:0,(anonymous_0)
FNDA:0,(anonymous_1)
FNDA:0,(anonymous_2)
FNDA:0,(anonymous_3)
FNDA:0,(anonymous_4)
FNDA:0,(anonymous_5)
DA:19,0
DA:20,0
DA:21,0
DA:25,0
DA:29,0
DA:30,0
DA:36,0
DA:37,0
DA:58,0
DA:61,0
DA:68,0
DA:77,0
DA:89,0
DA:123,1
DA:133,1
LF:15
LH:2
BRDA:47,0,0,0
BRDA:49,1,0,0
BRDA:50,2,0,0
BRDA:51,3,0,0
BRDA:52,4,0,0
BRDA:53,5,0,0
BRDA:54,6,0,0
BRDA:55,7,0,0
BRDA:56,8,0,0
BRDA:57,9,0,0
BRDA:62,10,0,0
BRDA:62,10,1,0
BRDA:63,11,0,0
BRDA:63,11,1,0
BRDA:69,12,0,0
BRDA:69,12,1,0
BRDA:80,13,0,0
BRDA:80,13,1,0
BRDA:81,14,0,0
BRDA:81,14,1,0
BRDA:82,15,0,0
BRDA:82,15,1,0
BRDA:91,16,0,0
BRDA:91,16,1,0
BRDA:99,17,0,0
BRDA:99,17,1,0
BRDA:100,18,0,0
BRDA:100,18,1,0
BRDA:101,19,0,0
BRDA:101,19,1,0
BRDA:102,20,0,0
BRDA:102,20,1,0
BRDA:103,21,0,0
BRDA:103,21,1,0
BRDA:104,22,0,0
BRDA:104,22,1,0
BRDA:105,23,0,0
BRDA:105,23,1,0
BRDA:113,24,0,0
BRDA:113,24,1,0
BRDA:114,25,0,0
BRDA:114,25,1,0
BRDA:114,25,2,0
BRDA:115,26,0,0
BRDA:115,26,1,0
BRDA:115,26,2,0
BRF:46
BRH:0
end_of_record
TN:
SF:/Users/brycedbjork/git/splash/src/components/universal/Checkmark.js
FN:11,(anonymous_0)
FN:18,(anonymous_1)
FN:24,(anonymous_2)
FN:27,(anonymous_3)
FN:43,(anonymous_4)
FN:68,(anonymous_5)
FNF:6
FNH:0
FNDA:0,(anonymous_0)
FNDA:0,(anonymous_1)
FNDA:0,(anonymous_2)
FNDA:0,(anonymous_3)
FNDA:0,(anonymous_4)
FNDA:0,(anonymous_5)
DA:12,0
DA:13,0
DA:19,0
DA:20,0
DA:25,0
DA:26,0
DA:27,0
DA:28,0
DA:33,0
DA:34,0
DA:39,0
DA:45,0
DA:46,0
DA:47,0
DA:51,0
DA:69,0
DA:85,1
LF:17
LH:1
BRDA:19,0,0,0
BRDA:19,0,1,0
BRDA:25,1,0,0
BRDA:25,1,1,0
BRDA:26,2,0,0
BRDA:26,2,1,0
BRDA:33,3,0,0
BRDA:33,3,1,0
BRDA:45,4,0,0
BRDA:45,4,1,0
BRDA:47,5,0,0
BRDA:47,5,1,0
BRDA:58,6,0,0
BRDA:58,6,1,0
BRF:14
BRH:0
end_of_record
TN:
SF:/Users/brycedbjork/git/splash/src/components/universal/FlatBackButton.js
FN:12,(anonymous_0)
FNF:1
FNH:0
FNDA:0,(anonymous_0)
DA:12,1
DA:15,0
DA:16,0
DA:18,0
DA:19,0
DA:21,0
DA:22,0
DA:24,0
DA:25,0
DA:27,0
DA:28,0
DA:31,0
DA:32,0
DA:36,0
DA:47,1
LF:15
LH:2
BRDA:12,0,0,0
BRDA:12,1,0,0
BRDA:12,2,0,0
BRDA:15,3,0,0
BRDA:15,3,1,0
BRDA:16,4,0,0
BRDA:16,4,1,0
BRDA:16,4,2,0
BRDA:16,4,3,0
BRDA:31,5,0,0
BRDA:31,5,1,0
BRDA:39,6,0,0
BRDA:39,6,1,0
BRDA:39,7,0,0
BRDA:39,7,1,0
BRDA:40,8,0,0
BRDA:40,8,1,0
BRDA:40,9,0,0
BRDA:40,9,1,0
BRDA:57,10,0,1
BRDA:57,10,1,0
BRF:21
BRH:1
end_of_record
TN:
SF:/Users/brycedbjork/git/splash/src/components/universal/Input.js
FN:13,(anonymous_0)
FN:35,(anonymous_1)
FN:67,(anonymous_2)
FN:68,(anonymous_3)
FNF:4
FNH:0
FNDA:0,(anonymous_0)
FNDA:0,(anonymous_1)
FNDA:0,(anonymous_2)
FNDA:0,(anonymous_3)
DA:13,1
DA:15,0
DA:35,1
DA:37,0
DA:38,0
DA:39,0
DA:40,0
DA:41,0
DA:44,0
DA:67,1
DA:68,0
DA:69,0
DA:70,0
DA:71,0
DA:72,0
DA:73,0
DA:75,0
DA:77,0
DA:88,0
DA:95,1
DA:102,1
LF:21
LH:5
BRDA:13,0,0,0
BRDA:13,1,0,0
BRDA:13,2,0,0
BRDA:29,3,0,0
BRDA:29,3,1,0
BRDA:38,4,0,0
BRDA:38,4,1,0
BRDA:40,5,0,0
BRDA:40,5,1,0
BRDA:70,6,0,0
BRDA:70,6,1,0
BRDA:72,7,0,0
BRDA:72,7,1,0
BRF:13
BRH:0
end_of_record
TN:
SF:/Users/brycedbjork/git/splash/src/components/universal/LoadingCircle.js
FN:25,(anonymous_0)
FN:31,(anonymous_1)
FN:35,(anonymous_2)
FN:62,(anonymous_3)
FNF:4
FNH:0
FNDA:0,(anonymous_0)
FNDA:0,(anonymous_1)
FNDA:0,(anonymous_2)
FNDA:0,(anonymous_3)
DA:26,0
DA:27,0
DA:32,0
DA:37,0
DA:38,0
DA:40,0
DA:41,0
DA:45,0
DA:63,0
DA:78,1
LF:10
LH:1
BRDA:26,0,0,0
BRDA:26,0,1,0
BRDA:37,1,0,0
BRDA:37,1,1,0
BRDA:40,2,0,0
BRDA:40,2,1,0
BRDA:41,3,0,0
BRDA:41,3,1,0
BRDA:52,4,0,0
BRDA:52,4,1,0
BRF:10
BRH:0
end_of_record
TN:
SF:/Users/brycedbjork/git/splash/src/lib/colors.js
FNF:0
FNH:0
DA:1,1
LF:1
LH:1
BRF:0
BRH:0
end_of_record
TN:
SF:/Users/brycedbjork/git/splash/src/lib/cryptos.js
FN:149,(anonymous_0)
FN:174,(anonymous_1)
FNF:2
FNH:0
FNDA:0,(anonymous_0)
FNDA:0,(anonymous_1)
DA:1,1
DA:7,1
DA:16,1
DA:22,1
DA:28,1
DA:35,1
DA:40,1
DA:42,1
DA:44,1
DA:51,1
DA:65,1
DA:149,1
DA:151,0
DA:152,0
DA:153,0
DA:154,0
DA:155,0
DA:156,0
DA:157,0
DA:158,0
DA:159,0
DA:163,0
DA:164,0
DA:165,0
DA:168,0
DA:170,0
DA:174,1
DA:176,0
DA:177,0
DA:178,0
DA:179,0
DA:181,0
DA:182,0
DA:183,0
DA:185,0
DA:186,0
DA:187,0
DA:191,0
DA:196,0
DA:197,0
DA:199,0
LF:41
LH:13
BRDA:155,0,0,0
BRDA:155,0,1,0
BRDA:156,1,0,0
BRDA:156,1,1,0
BRDA:164,2,0,0
BRDA:164,2,1,0
BRDA:185,3,0,0
BRDA:185,3,1,0
BRDA:186,4,0,0
BRDA:186,4,1,0
BRDA:196,5,0,0
BRDA:196,5,1,0
BRF:12
BRH:0
end_of_record
TN:
SF:/Users/brycedbjork/git/splash/src/lib/styles.js
FNF:0
FNH:0
DA:5,1
DA:27,1
DA:28,1
DA:29,1
DA:30,1
DA:33,1
LF:6
LH:6
BRDA:27,0,0,1
BRDA:27,0,1,0
BRF:2
BRH:1
end_of_record
