TN:
SF:/Users/brycedbjork/git/splash/src/api.js
FN:22,UsernameExists
FN:23,(anonymous_1)
FN:38,(anonymous_2)
FN:46,(anonymous_3)
FN:56,GetAccount
FN:57,(anonymous_5)
FN:62,(anonymous_6)
FN:65,(anonymous_7)
FN:71,IsValidAddress
FN:94,GenerateCard
FN:95,(anonymous_10)
FN:100,(anonymous_11)
FN:107,(anonymous_12)
FN:111,(anonymous_13)
FN:112,(anonymous_14)
FN:122,(anonymous_15)
FN:125,(anonymous_16)
FN:131,(anonymous_17)
FN:132,(anonymous_18)
FN:137,(anonymous_19)
FN:142,(anonymous_20)
FN:145,(anonymous_21)
FN:149,(anonymous_22)
FN:155,(anonymous_23)
FN:156,(anonymous_24)
FN:161,(anonymous_25)
FN:164,(anonymous_26)
FN:170,GetExchangeRate
FN:171,(anonymous_28)
FN:181,(anonymous_29)
FN:184,(anonymous_30)
FN:191,(anonymous_31)
FN:201,NewTransaction
FN:202,(anonymous_33)
FN:207,(anonymous_34)
FN:210,(anonymous_35)
FN:216,AddToKeychain
FN:227,DeleteUser
FN:240,DeleteTransactions
FN:246,(anonymous_39)
FN:257,(anonymous_40)
FNF:41
FNH:0
FNDA:0,UsernameExists
FNDA:0,(anonymous_1)
FNDA:0,(anonymous_2)
FNDA:0,(anonymous_3)
FNDA:0,GetAccount
FNDA:0,(anonymous_5)
FNDA:0,(anonymous_6)
FNDA:0,(anonymous_7)
FNDA:0,IsValidAddress
FNDA:0,GenerateCard
FNDA:0,(anonymous_10)
FNDA:0,(anonymous_11)
FNDA:0,(anonymous_12)
FNDA:0,(anonymous_13)
FNDA:0,(anonymous_14)
FNDA:0,(anonymous_15)
FNDA:0,(anonymous_16)
FNDA:0,(anonymous_17)
FNDA:0,(anonymous_18)
FNDA:0,(anonymous_19)
FNDA:0,(anonymous_20)
FNDA:0,(anonymous_21)
FNDA:0,(anonymous_22)
FNDA:0,(anonymous_23)
FNDA:0,(anonymous_24)
FNDA:0,(anonymous_25)
FNDA:0,(anonymous_26)
FNDA:0,GetExchangeRate
FNDA:0,(anonymous_28)
FNDA:0,(anonymous_29)
FNDA:0,(anonymous_30)
FNDA:0,(anonymous_31)
FNDA:0,NewTransaction
FNDA:0,(anonymous_33)
FNDA:0,(anonymous_34)
FNDA:0,(anonymous_35)
FNDA:0,AddToKeychain
FNDA:0,DeleteUser
FNDA:0,DeleteTransactions
FNDA:0,(anonymous_39)
FNDA:0,(anonymous_40)
DA:4,5
DA:5,5
DA:6,5
DA:15,5
DA:19,5
DA:23,0
DA:24,0
DA:30,0
DA:31,0
DA:34,0
DA:39,0
DA:40,0
DA:41,0
DA:43,0
DA:47,0
DA:50,0
DA:57,0
DA:58,0
DA:63,0
DA:66,0
DA:72,0
DA:74,0
DA:75,0
DA:79,0
DA:80,0
DA:82,0
DA:84,0
DA:86,0
DA:89,0
DA:90,0
DA:95,0
DA:96,0
DA:101,0
DA:102,0
DA:104,0
DA:107,0
DA:111,5
DA:112,0
DA:113,0
DA:118,0
DA:123,0
DA:126,0
DA:131,5
DA:132,0
DA:133,0
DA:138,0
DA:143,0
DA:146,0
DA:150,0
DA:155,5
DA:156,0
DA:157,0
DA:162,0
DA:165,0
DA:171,0
DA:173,0
DA:179,0
DA:182,0
DA:183,0
DA:184,0
DA:185,0
DA:189,0
DA:192,0
DA:193,0
DA:195,0
DA:202,0
DA:203,0
DA:208,0
DA:211,0
DA:217,0
DA:218,0
DA:219,0
DA:220,0
DA:221,0
DA:223,0
DA:228,0
DA:229,0
DA:230,0
DA:231,0
DA:236,0
DA:241,0
DA:242,0
DA:246,0
DA:247,0
DA:248,0
DA:250,0
DA:253,0
DA:257,0
DA:258,0
DA:259,0
DA:261,0
DA:265,0
LF:92
LH:8
BRDA:30,0,0,0
BRDA:30,0,1,0
BRDA:39,1,0,0
BRDA:39,1,1,0
BRDA:71,2,0,0
BRDA:71,3,0,0
BRDA:72,4,0,0
BRDA:72,4,1,0
BRDA:76,5,0,0
BRDA:76,5,1,0
BRDA:84,6,0,0
BRDA:84,6,1,0
BRDA:84,7,0,0
BRDA:84,7,1,0
BRDA:86,8,0,0
BRDA:86,8,1,0
BRDA:101,9,0,0
BRDA:101,9,1,0
BRDA:170,10,0,0
BRDA:170,11,0,0
BRDA:192,12,0,0
BRDA:192,12,1,0
BRF:22
BRH:0
end_of_record
TN:
SF:/Users/brycedbjork/git/splash/src/bitcoin-api.js
FN:27,(anonymous_0)
FN:35,(anonymous_1)
FN:41,(anonymous_2)
FN:49,(anonymous_3)
FN:61,(anonymous_4)
FN:64,(anonymous_5)
FN:70,(anonymous_6)
FN:73,(anonymous_7)
FN:85,(anonymous_8)
FN:93,(anonymous_9)
FN:94,(anonymous_10)
FN:106,(anonymous_11)
FN:114,(anonymous_12)
FN:115,(anonymous_13)
FN:133,(anonymous_14)
FN:143,(anonymous_15)
FN:172,getTransactionSize
FN:177,getFees
FN:186,NewBitcoinWallet
FN:204,GetBitcoinAddressBalance
FN:205,(anonymous_20)
FN:217,(anonymous_21)
FN:225,(anonymous_22)
FN:237,GetBitcoinFees
FN:243,(anonymous_24)
FN:245,(anonymous_25)
FN:251,(anonymous_26)
FN:279,(anonymous_27)
FN:286,(anonymous_28)
FN:292,publishTransaction
FN:320,(anonymous_30)
FN:327,(anonymous_31)
FN:379,(anonymous_32)
FN:382,(anonymous_33)
FN:387,(anonymous_34)
FN:393,LoadBTCTransactions
FN:439,(anonymous_36)
FN:443,(anonymous_37)
FN:539,BuildBitcoinTransaction
FN:547,(anonymous_39)
FN:549,(anonymous_40)
FN:560,(anonymous_41)
FN:563,(anonymous_42)
FN:570,(anonymous_43)
FNF:44
FNH:4
FNDA:0,(anonymous_0)
FNDA:0,(anonymous_1)
FNDA:0,(anonymous_2)
FNDA:0,(anonymous_3)
FNDA:1,(anonymous_4)
FNDA:0,(anonymous_5)
FNDA:0,(anonymous_6)
FNDA:0,(anonymous_7)
FNDA:0,(anonymous_8)
FNDA:0,(anonymous_9)
FNDA:0,(anonymous_10)
FNDA:0,(anonymous_11)
FNDA:0,(anonymous_12)
FNDA:0,(anonymous_13)
FNDA:0,(anonymous_14)
FNDA:0,(anonymous_15)
FNDA:0,getTransactionSize
FNDA:1,getFees
FNDA:0,NewBitcoinWallet
FNDA:0,GetBitcoinAddressBalance
FNDA:0,(anonymous_20)
FNDA:0,(anonymous_21)
FNDA:0,(anonymous_22)
FNDA:1,GetBitcoinFees
FNDA:1,(anonymous_24)
FNDA:0,(anonymous_25)
FNDA:0,(anonymous_26)
FNDA:0,(anonymous_27)
FNDA:0,(anonymous_28)
FNDA:0,publishTransaction
FNDA:0,(anonymous_30)
FNDA:0,(anonymous_31)
FNDA:0,(anonymous_32)
FNDA:0,(anonymous_33)
FNDA:0,(anonymous_34)
FNDA:0,LoadBTCTransactions
FNDA:0,(anonymous_36)
FNDA:0,(anonymous_37)
FNDA:0,BuildBitcoinTransaction
FNDA:0,(anonymous_39)
FNDA:0,(anonymous_40)
FNDA:0,(anonymous_41)
FNDA:0,(anonymous_42)
FNDA:0,(anonymous_43)
DA:1,3
DA:3,3
DA:6,3
DA:10,3
DA:12,3
DA:13,3
DA:14,3
DA:16,3
DA:20,3
DA:28,0
DA:36,0
DA:42,0
DA:50,0
DA:62,1
DA:65,0
DA:71,0
DA:74,0
DA:86,0
DA:94,0
DA:95,0
DA:107,0
DA:115,0
DA:116,0
DA:134,0
DA:144,0
DA:156,3
DA:157,3
DA:158,3
DA:159,3
DA:160,3
DA:161,3
DA:162,3
DA:163,3
DA:165,3
DA:173,0
DA:178,1
DA:179,0
DA:181,1
DA:187,0
DA:191,0
DA:195,0
DA:205,0
DA:207,0
DA:211,0
DA:218,0
DA:219,0
DA:223,0
DA:226,0
DA:227,0
DA:229,0
DA:243,1
DA:244,1
DA:248,0
DA:249,0
DA:253,0
DA:256,0
DA:259,0
DA:260,0
DA:261,0
DA:262,0
DA:263,0
DA:264,0
DA:265,0
DA:266,0
DA:268,0
DA:271,0
DA:273,0
DA:277,0
DA:280,0
DA:283,0
DA:287,0
DA:294,0
DA:295,0
DA:296,0
DA:297,0
DA:298,0
DA:299,0
DA:302,0
DA:303,0
DA:304,0
DA:305,0
DA:306,0
DA:307,0
DA:308,0
DA:309,0
DA:310,0
DA:312,0
DA:313,0
DA:314,0
DA:316,0
DA:320,0
DA:323,0
DA:328,0
DA:329,0
DA:332,0
DA:333,0
DA:334,0
DA:335,0
DA:336,0
DA:337,0
DA:338,0
DA:339,0
DA:340,0
DA:342,0
DA:346,0
DA:348,0
DA:349,0
DA:350,0
DA:351,0
DA:354,0
DA:357,0
DA:358,0
DA:361,0
DA:365,0
DA:366,0
DA:370,0
DA:371,0
DA:372,0
DA:373,0
DA:377,0
DA:380,0
DA:383,0
DA:388,0
DA:399,0
DA:400,0
DA:403,0
DA:405,0
DA:409,0
DA:413,0
DA:417,0
DA:422,0
DA:428,0
DA:436,0
DA:437,0
DA:438,0
DA:439,0
DA:440,0
DA:441,0
DA:443,0
DA:444,0
DA:445,0
DA:450,0
DA:451,0
DA:452,0
DA:453,0
DA:454,0
DA:456,0
DA:458,0
DA:460,0
DA:463,0
DA:464,0
DA:467,0
DA:468,0
DA:469,0
DA:470,0
DA:471,0
DA:473,0
DA:482,0
DA:485,0
DA:488,0
DA:489,0
DA:490,0
DA:491,0
DA:492,0
DA:493,0
DA:495,0
DA:496,0
DA:497,0
DA:498,0
DA:499,0
DA:503,0
DA:506,0
DA:509,0
DA:510,0
DA:516,0
DA:521,0
DA:522,0
DA:523,0
DA:527,0
DA:529,0
DA:530,0
DA:531,0
DA:533,0
DA:547,0
DA:548,0
DA:550,0
DA:551,0
DA:561,0
DA:564,0
DA:567,0
DA:571,0
LF:191
LH:23
BRDA:177,0,0,1
BRDA:178,1,0,0
BRDA:178,1,1,1
BRDA:186,2,0,0
BRDA:188,3,0,0
BRDA:188,3,1,0
BRDA:204,4,0,0
BRDA:207,5,0,0
BRDA:207,5,1,0
BRDA:218,6,0,0
BRDA:218,6,1,0
BRDA:226,7,0,0
BRDA:226,7,1,0
BRDA:238,8,0,1
BRDA:239,9,0,1
BRDA:240,10,0,1
BRDA:241,11,0,0
BRDA:248,12,0,0
BRDA:248,12,1,0
BRDA:248,13,0,0
BRDA:248,13,1,0
BRDA:253,14,0,0
BRDA:253,14,1,0
BRDA:263,15,0,0
BRDA:263,15,1,0
BRDA:268,16,0,0
BRDA:268,16,1,0
BRDA:275,17,0,0
BRDA:275,17,1,0
BRDA:294,18,0,0
BRDA:294,18,1,0
BRDA:294,19,0,0
BRDA:294,19,1,0
BRDA:296,20,0,0
BRDA:296,20,1,0
BRDA:297,21,0,0
BRDA:297,21,1,0
BRDA:298,22,0,0
BRDA:298,22,1,0
BRDA:299,23,0,0
BRDA:299,23,1,0
BRDA:302,24,0,0
BRDA:302,24,1,0
BRDA:303,25,0,0
BRDA:303,25,1,0
BRDA:304,26,0,0
BRDA:304,26,1,0
BRDA:306,27,0,0
BRDA:306,27,1,0
BRDA:308,28,0,0
BRDA:308,28,1,0
BRDA:310,29,0,0
BRDA:310,29,1,0
BRDA:316,30,0,0
BRDA:316,30,1,0
BRDA:337,31,0,0
BRDA:337,31,1,0
BRDA:342,32,0,0
BRDA:342,32,1,0
BRDA:346,33,0,0
BRDA:346,33,1,0
BRDA:349,34,0,0
BRDA:349,34,1,0
BRDA:350,35,0,0
BRDA:350,35,1,0
BRDA:354,36,0,0
BRDA:354,36,1,0
BRDA:358,37,0,0
BRDA:358,37,1,0
BRDA:372,38,0,0
BRDA:372,38,1,0
BRDA:397,39,0,0
BRDA:405,40,0,0
BRDA:405,40,1,0
BRDA:409,41,0,0
BRDA:409,41,1,0
BRDA:413,42,0,0
BRDA:413,42,1,0
BRDA:417,43,0,0
BRDA:417,43,1,0
BRDA:438,44,0,0
BRDA:438,44,1,0
BRDA:438,45,0,0
BRDA:438,45,1,0
BRDA:456,46,0,0
BRDA:456,46,1,0
BRDA:460,47,0,0
BRDA:460,47,1,0
BRDA:463,48,0,0
BRDA:463,48,1,0
BRDA:463,49,0,0
BRDA:463,49,1,0
BRDA:468,50,0,0
BRDA:468,50,1,0
BRDA:488,51,0,0
BRDA:488,51,1,0
BRDA:509,52,0,0
BRDA:509,52,1,0
BRDA:510,53,0,0
BRDA:510,53,1,0
BRDA:511,54,0,0
BRDA:511,54,1,0
BRDA:511,54,2,0
BRDA:530,55,0,0
BRDA:530,55,1,0
BRDA:544,56,0,0
BRDA:545,57,0,0
BRDA:550,58,0,0
BRDA:550,58,1,0
BRF:109
BRH:5
end_of_record
TN:
SF:/Users/brycedbjork/git/splash/src/ethereum-api.js
FN:24,(anonymous_0)
FN:56,(anonymous_1)
FN:86,(anonymous_2)
FN:95,(anonymous_3)
FN:154,(anonymous_4)
FN:157,(anonymous_5)
FN:172,NewEthereumWallet
FN:186,(anonymous_7)
FN:246,(anonymous_8)
FN:250,(anonymous_9)
FNF:10
FNH:0
FNDA:0,(anonymous_0)
FNDA:0,(anonymous_1)
FNDA:0,(anonymous_2)
FNDA:0,(anonymous_3)
FNDA:0,(anonymous_4)
FNDA:0,(anonymous_5)
FNDA:0,NewEthereumWallet
FNDA:0,(anonymous_7)
FNDA:0,(anonymous_8)
FNDA:0,(anonymous_9)
DA:1,3
DA:2,3
DA:3,3
DA:4,3
DA:5,3
DA:13,3
DA:15,3
DA:24,3
DA:32,0
DA:35,0
DA:38,0
DA:39,0
DA:40,0
DA:44,0
DA:48,0
DA:49,0
DA:50,0
DA:53,0
DA:56,3
DA:63,0
DA:64,0
DA:69,0
DA:72,0
DA:73,0
DA:79,0
DA:82,0
DA:86,3
DA:88,0
DA:91,0
DA:92,0
DA:95,3
DA:102,0
DA:104,0
DA:107,0
DA:108,0
DA:115,0
DA:117,0
DA:120,0
DA:129,0
DA:131,0
DA:135,0
DA:138,0
DA:139,0
DA:140,0
DA:143,0
DA:146,0
DA:147,0
DA:148,0
DA:150,0
DA:152,0
DA:154,0
DA:155,0
DA:158,0
DA:162,0
DA:165,0
DA:167,0
DA:173,0
DA:176,0
DA:177,0
DA:179,0
DA:186,3
DA:193,0
DA:195,0
DA:198,0
DA:200,0
DA:201,0
DA:216,0
DA:229,0
DA:235,0
DA:243,0
DA:244,0
DA:245,0
DA:246,0
DA:247,0
DA:248,0
DA:250,0
DA:251,0
DA:252,0
DA:257,0
DA:258,0
DA:259,0
DA:260,0
DA:262,0
DA:264,0
DA:267,0
DA:269,0
DA:270,0
DA:271,0
DA:272,0
DA:275,0
DA:277,0
DA:284,0
DA:285,0
DA:286,0
DA:287,0
DA:289,0
DA:302,0
DA:303,0
DA:304,0
DA:305,0
DA:306,0
DA:307,0
DA:311,0
DA:312,0
DA:318,0
DA:323,0
DA:324,0
DA:325,0
DA:330,0
DA:332,0
DA:333,0
DA:335,0
LF:112
LH:12
BRDA:25,0,0,0
BRDA:27,1,0,0
BRDA:32,2,0,0
BRDA:32,2,1,0
BRDA:38,3,0,0
BRDA:38,3,1,0
BRDA:60,4,0,0
BRDA:61,5,0,0
BRDA:63,6,0,0
BRDA:63,6,1,0
BRDA:69,7,0,0
BRDA:69,7,1,0
BRDA:86,8,0,0
BRDA:88,9,0,0
BRDA:88,9,1,0
BRDA:99,10,0,0
BRDA:100,11,0,0
BRDA:104,12,0,0
BRDA:104,12,1,0
BRDA:126,13,0,0
BRDA:126,13,1,0
BRDA:129,14,0,0
BRDA:129,14,1,0
BRDA:162,15,0,0
BRDA:162,15,1,0
BRDA:190,16,0,0
BRDA:191,17,0,0
BRDA:200,18,0,0
BRDA:200,18,1,0
BRDA:202,19,0,0
BRDA:202,19,1,0
BRDA:217,20,0,0
BRDA:217,20,1,0
BRDA:245,21,0,0
BRDA:245,21,1,0
BRDA:245,22,0,0
BRDA:245,22,1,0
BRDA:258,23,0,0
BRDA:258,23,1,0
BRDA:267,24,0,0
BRDA:267,24,1,0
BRDA:271,25,0,0
BRDA:271,25,1,0
BRDA:284,26,0,0
BRDA:284,26,1,0
BRDA:302,27,0,0
BRDA:302,27,1,0
BRDA:305,28,0,0
BRDA:305,28,1,0
BRDA:311,29,0,0
BRDA:311,29,1,0
BRDA:312,30,0,0
BRDA:312,30,1,0
BRDA:313,31,0,0
BRDA:313,31,1,0
BRDA:313,31,2,0
BRDA:332,32,0,0
BRDA:332,32,1,0
BRF:58
BRH:0
end_of_record
TN:
SF:/Users/brycedbjork/git/splash/src/assets/icons/Xbutton.png
FNF:0
FNH:0
DA:1,3
LF:1
LH:1
BRF:0
BRH:0
end_of_record
TN:
SF:/Users/brycedbjork/git/splash/src/assets/icons/at.png
FNF:0
FNH:0
DA:1,10
LF:1
LH:1
BRF:0
BRH:0
end_of_record
TN:
SF:/Users/brycedbjork/git/splash/src/assets/icons/bitcoin-letter-icon.png
FNF:0
FNH:0
DA:1,10
LF:1
LH:1
BRF:0
BRH:0
end_of_record
TN:
SF:/Users/brycedbjork/git/splash/src/assets/icons/copyPaste.png
FNF:0
FNH:0
DA:1,10
LF:1
LH:1
BRF:0
BRH:0
end_of_record
TN:
SF:/Users/brycedbjork/git/splash/src/assets/icons/crossDark.png
FNF:0
FNH:0
DA:1,10
LF:1
LH:1
BRF:0
BRH:0
end_of_record
TN:
SF:/Users/brycedbjork/git/splash/src/assets/icons/crossGray.png
FNF:0
FNH:0
DA:1,10
LF:1
LH:1
BRF:0
BRH:0
end_of_record
TN:
SF:/Users/brycedbjork/git/splash/src/assets/icons/crossPrimary.png
FNF:0
FNH:0
DA:1,10
LF:1
LH:1
BRF:0
BRH:0
end_of_record
TN:
SF:/Users/brycedbjork/git/splash/src/assets/icons/crossWhite.png
FNF:0
FNH:0
DA:1,10
LF:1
LH:1
BRF:0
BRH:0
end_of_record
TN:
SF:/Users/brycedbjork/git/splash/src/assets/icons/ethereum-letter-icon.png
FNF:0
FNH:0
DA:1,10
LF:1
LH:1
BRF:0
BRH:0
end_of_record
TN:
SF:/Users/brycedbjork/git/splash/src/assets/icons/gemini-letter-icon.png
FNF:0
FNH:0
DA:1,10
LF:1
LH:1
BRF:0
BRH:0
end_of_record
TN:
SF:/Users/brycedbjork/git/splash/src/assets/icons/greenLeftArrow.png
FNF:0
FNH:0
DA:1,10
LF:1
LH:1
BRF:0
BRH:0
end_of_record
TN:
SF:/Users/brycedbjork/git/splash/src/assets/icons/lockIcon.png
FNF:0
FNH:0
DA:1,1
LF:1
LH:1
BRF:0
BRH:0
end_of_record
TN:
SF:/Users/brycedbjork/git/splash/src/assets/icons/primaryRightArrow.png
FNF:0
FNH:0
DA:1,10
LF:1
LH:1
BRF:0
BRH:0
end_of_record
TN:
SF:/Users/brycedbjork/git/splash/src/assets/icons/primarySplash.png
FNF:0
FNH:0
DA:1,10
LF:1
LH:1
BRF:0
BRH:0
end_of_record
TN:
SF:/Users/brycedbjork/git/splash/src/assets/icons/purpleArrow.png
FNF:0
FNH:0
DA:1,10
LF:1
LH:1
BRF:0
BRH:0
end_of_record
TN:
SF:/Users/brycedbjork/git/splash/src/assets/icons/purpleDrop.png
FNF:0
FNH:0
DA:1,10
LF:1
LH:1
BRF:0
BRH:0
end_of_record
TN:
SF:/Users/brycedbjork/git/splash/src/assets/icons/purpleSwitcher.png
FNF:0
FNH:0
DA:1,10
LF:1
LH:1
BRF:0
BRH:0
end_of_record
TN:
SF:/Users/brycedbjork/git/splash/src/assets/icons/purpleSwitcherVertical.png
FNF:0
FNH:0
DA:1,10
LF:1
LH:1
BRF:0
BRH:0
end_of_record
TN:
SF:/Users/brycedbjork/git/splash/src/assets/icons/qrIcon.png
FNF:0
FNH:0
DA:1,10
LF:1
LH:1
BRF:0
BRH:0
end_of_record
TN:
SF:/Users/brycedbjork/git/splash/src/assets/icons/refreshCircle.png
FNF:0
FNH:0
DA:1,10
LF:1
LH:1
BRF:0
BRH:0
end_of_record
TN:
SF:/Users/brycedbjork/git/splash/src/assets/icons/rightCarrotWhite.png
FNF:0
FNH:0
DA:1,10
LF:1
LH:1
BRF:0
BRH:0
end_of_record
TN:
SF:/Users/brycedbjork/git/splash/src/assets/icons/send.png
FNF:0
FNH:0
DA:1,10
LF:1
LH:1
BRF:0
BRH:0
end_of_record
TN:
SF:/Users/brycedbjork/git/splash/src/assets/icons/startPay.png
FNF:0
FNH:0
DA:1,10
LF:1
LH:1
BRF:0
BRH:0
end_of_record
TN:
SF:/Users/brycedbjork/git/splash/src/assets/icons/whiteArrow.png
FNF:0
FNH:0
DA:1,10
LF:1
LH:1
BRF:0
BRH:0
end_of_record
TN:
SF:/Users/brycedbjork/git/splash/src/assets/icons/whiteDrop.png
FNF:0
FNH:0
DA:1,10
LF:1
LH:1
BRF:0
BRH:0
end_of_record
TN:
SF:/Users/brycedbjork/git/splash/src/assets/icons/whiteSplash.png
FNF:0
FNH:0
DA:1,10
LF:1
LH:1
BRF:0
BRH:0
end_of_record
TN:
SF:/Users/brycedbjork/git/splash/src/assets/icons/whiteSwitcher.png
FNF:0
FNH:0
DA:1,10
LF:1
LH:1
BRF:0
BRH:0
end_of_record
TN:
SF:/Users/brycedbjork/git/splash/src/assets/images/bitcoin-logo.png
FNF:0
FNH:0
DA:1,10
LF:1
LH:1
BRF:0
BRH:0
end_of_record
TN:
SF:/Users/brycedbjork/git/splash/src/assets/images/empty_state.png
FNF:0
FNH:0
DA:1,1
LF:1
LH:1
BRF:0
BRH:0
end_of_record
TN:
SF:/Users/brycedbjork/git/splash/src/assets/images/ether-icon.png
FNF:0
FNH:0
DA:1,7
LF:1
LH:1
BRF:0
BRH:0
end_of_record
TN:
SF:/Users/brycedbjork/git/splash/src/assets/images/gemini-icon.png
FNF:0
FNH:0
DA:1,7
LF:1
LH:1
BRF:0
BRH:0
end_of_record
TN:
SF:/Users/brycedbjork/git/splash/src/assets/images/placeholder-rectangle.png
FNF:0
FNH:0
DA:1,10
LF:1
LH:1
BRF:0
BRH:0
end_of_record
TN:
SF:/Users/brycedbjork/git/splash/src/assets/images/screen-view1.png
FNF:0
FNH:0
DA:1,1
LF:1
LH:1
BRF:0
BRH:0
end_of_record
TN:
SF:/Users/brycedbjork/git/splash/src/assets/images/screen-view2.png
FNF:0
FNH:0
DA:1,1
LF:1
LH:1
BRF:0
BRH:0
end_of_record
TN:
SF:/Users/brycedbjork/git/splash/src/assets/images/screen-view3.png
FNF:0
FNH:0
DA:1,1
LF:1
LH:1
BRF:0
BRH:0
end_of_record
TN:
SF:/Users/brycedbjork/git/splash/src/assets/images/splash-logo.png
FNF:0
FNH:0
DA:1,1
LF:1
LH:1
BRF:0
BRH:0
end_of_record
TN:
SF:/Users/brycedbjork/git/splash/src/components/Account/Account.js
FN:26,(anonymous_0)
FN:28,(anonymous_1)
FN:31,(anonymous_2)
FN:32,(anonymous_3)
FN:35,(anonymous_4)
FN:44,(anonymous_5)
FN:45,(anonymous_6)
FN:49,(anonymous_7)
FN:58,(anonymous_8)
FN:60,(anonymous_9)
FN:61,(anonymous_10)
FN:62,(anonymous_11)
FN:66,(anonymous_12)
FN:67,(anonymous_13)
FN:72,(anonymous_14)
FN:75,(anonymous_15)
FN:79,(anonymous_16)
FN:83,(anonymous_17)
FN:91,(anonymous_18)
FN:101,(anonymous_19)
FN:109,(anonymous_20)
FN:110,(anonymous_21)
FN:135,(anonymous_22)
FNF:23
FNH:1
FNDA:1,(anonymous_0)
FNDA:0,(anonymous_1)
FNDA:0,(anonymous_2)
FNDA:0,(anonymous_3)
FNDA:0,(anonymous_4)
FNDA:0,(anonymous_5)
FNDA:0,(anonymous_6)
FNDA:0,(anonymous_7)
FNDA:0,(anonymous_8)
FNDA:0,(anonymous_9)
FNDA:0,(anonymous_10)
FNDA:0,(anonymous_11)
FNDA:0,(anonymous_12)
FNDA:0,(anonymous_13)
FNDA:0,(anonymous_14)
FNDA:0,(anonymous_15)
FNDA:0,(anonymous_16)
FNDA:0,(anonymous_17)
FNDA:0,(anonymous_18)
FNDA:0,(anonymous_19)
FNDA:0,(anonymous_20)
FNDA:0,(anonymous_21)
FNDA:0,(anonymous_22)
DA:26,2
DA:28,1
DA:29,0
DA:30,0
DA:32,0
DA:33,0
DA:34,0
DA:36,0
DA:37,0
DA:42,0
DA:45,0
DA:46,0
DA:47,0
DA:48,0
DA:50,0
DA:51,0
DA:58,1
DA:59,0
DA:60,0
DA:61,0
DA:62,0
DA:66,0
DA:67,0
DA:72,1
DA:73,0
DA:74,0
DA:75,0
DA:76,0
DA:77,0
DA:80,0
DA:81,0
DA:84,0
DA:89,0
DA:91,0
DA:94,0
DA:95,0
DA:99,0
DA:102,0
DA:103,0
DA:109,1
DA:110,0
DA:111,0
DA:112,0
DA:116,1
DA:118,1
DA:119,1
DA:120,1
DA:121,1
DA:122,1
DA:123,1
DA:125,1
DA:135,0
DA:156,2
LF:53
LH:14
BRDA:29,0,0,0
BRDA:29,0,1,0
BRDA:59,1,0,0
BRDA:59,1,1,0
BRDA:73,2,0,0
BRDA:73,2,1,0
BRDA:74,3,0,0
BRDA:74,3,1,0
BRDA:76,4,0,0
BRDA:76,4,1,0
BRF:10
BRH:0
end_of_record
TN:
SF:/Users/brycedbjork/git/splash/src/components/Account/Setting.js
FN:11,(anonymous_0)
FNF:1
FNH:1
FNDA:1,(anonymous_0)
DA:11,2
DA:12,1
DA:28,2
LF:3
LH:3
BRDA:17,0,0,1
BRDA:17,0,1,0
BRF:2
BRH:1
end_of_record
TN:
SF:/Users/brycedbjork/git/splash/src/components/Account/index.js
FN:12,(anonymous_0)
FN:13,(anonymous_1)
FN:30,(anonymous_2)
FN:41,(anonymous_3)
FN:54,(anonymous_4)
FN:65,(anonymous_5)
FN:76,(anonymous_6)
FNF:7
FNH:0
FNDA:0,(anonymous_0)
FNDA:0,(anonymous_1)
FNDA:0,(anonymous_2)
FNDA:0,(anonymous_3)
FNDA:0,(anonymous_4)
FNDA:0,(anonymous_5)
FNDA:0,(anonymous_6)
DA:12,1
DA:13,0
DA:14,0
DA:15,0
DA:16,0
DA:17,0
DA:18,0
DA:19,0
DA:20,0
DA:24,1
DA:30,1
DA:31,0
DA:41,1
DA:42,0
DA:54,1
DA:55,0
DA:65,1
DA:66,0
DA:76,1
DA:77,0
LF:20
LH:7
BRDA:72,0,0,0
BRDA:72,0,1,0
BRF:2
BRH:0
end_of_record
TN:
SF:/Users/brycedbjork/git/splash/src/components/ApproveCardModal/ApproveCardModal.js
FN:12,(anonymous_0)
FN:20,(anonymous_1)
FN:24,(anonymous_2)
FN:35,(anonymous_3)
FN:37,(anonymous_4)
FN:46,(anonymous_5)
FN:56,(anonymous_6)
FN:71,(anonymous_7)
FN:73,(anonymous_8)
FN:78,(anonymous_9)
FN:83,(anonymous_10)
FN:88,(anonymous_11)
FN:102,(anonymous_12)
FN:108,(anonymous_13)
FN:114,(anonymous_14)
FN:136,(anonymous_15)
FN:141,(anonymous_16)
FN:156,(anonymous_17)
FNF:18
FNH:4
FNDA:1,(anonymous_0)
FNDA:1,(anonymous_1)
FNDA:1,(anonymous_2)
FNDA:0,(anonymous_3)
FNDA:0,(anonymous_4)
FNDA:0,(anonymous_5)
FNDA:1,(anonymous_6)
FNDA:0,(anonymous_7)
FNDA:0,(anonymous_8)
FNDA:0,(anonymous_9)
FNDA:0,(anonymous_10)
FNDA:0,(anonymous_11)
FNDA:0,(anonymous_12)
FNDA:0,(anonymous_13)
FNDA:0,(anonymous_14)
FNDA:0,(anonymous_15)
FNDA:0,(anonymous_16)
FNDA:0,(anonymous_17)
DA:13,1
DA:14,1
DA:21,1
DA:25,1
DA:36,0
DA:37,0
DA:38,0
DA:45,0
DA:46,0
DA:47,0
DA:63,1
DA:64,1
DA:71,1
DA:72,0
DA:74,0
DA:75,0
DA:79,0
DA:83,1
DA:84,0
DA:89,0
DA:90,0
DA:91,0
DA:96,1
DA:97,1
DA:98,1
DA:99,1
DA:101,1
DA:102,0
DA:114,0
DA:136,0
DA:141,0
DA:156,0
DA:177,1
LF:33
LH:14
BRDA:36,0,0,0
BRDA:36,0,1,0
BRDA:45,1,0,0
BRDA:45,1,1,0
BRDA:45,2,0,0
BRDA:45,2,1,0
BRDA:74,3,0,0
BRDA:74,3,1,0
BRDA:89,4,0,0
BRDA:89,4,1,0
BRDA:110,5,0,1
BRDA:110,5,1,1
BRDA:138,6,0,1
BRDA:138,6,1,0
BRDA:139,7,0,1
BRDA:139,7,1,0
BRDA:152,8,0,1
BRDA:152,8,1,0
BRF:18
BRH:5
end_of_record
TN:
SF:/Users/brycedbjork/git/splash/src/components/ApproveTransactionModal/ApproveTransactionModal.js
FN:14,(anonymous_0)
FN:23,(anonymous_1)
FN:40,(anonymous_2)
FN:41,(anonymous_3)
FN:50,(anonymous_4)
FN:52,(anonymous_5)
FN:61,(anonymous_6)
FN:71,(anonymous_7)
FN:103,(anonymous_8)
FN:105,(anonymous_9)
FN:106,(anonymous_10)
FN:109,(anonymous_11)
FN:115,(anonymous_12)
FN:121,(anonymous_13)
FN:129,(anonymous_14)
FN:136,(anonymous_15)
FN:139,(anonymous_16)
FN:141,(anonymous_17)
FN:157,(anonymous_18)
FN:179,(anonymous_19)
FNF:20
FNH:3
FNDA:1,(anonymous_0)
FNDA:1,(anonymous_1)
FNDA:0,(anonymous_2)
FNDA:0,(anonymous_3)
FNDA:0,(anonymous_4)
FNDA:0,(anonymous_5)
FNDA:0,(anonymous_6)
FNDA:1,(anonymous_7)
FNDA:0,(anonymous_8)
FNDA:0,(anonymous_9)
FNDA:0,(anonymous_10)
FNDA:0,(anonymous_11)
FNDA:0,(anonymous_12)
FNDA:0,(anonymous_13)
FNDA:0,(anonymous_14)
FNDA:0,(anonymous_15)
FNDA:0,(anonymous_16)
FNDA:0,(anonymous_17)
FNDA:0,(anonymous_18)
FNDA:0,(anonymous_19)
DA:15,1
DA:16,1
DA:32,1
DA:34,1
DA:35,1
DA:36,1
DA:40,1
DA:41,0
DA:42,0
DA:51,0
DA:52,0
DA:53,0
DA:60,0
DA:61,0
DA:62,0
DA:82,1
DA:84,1
DA:85,1
DA:86,1
DA:88,1
DA:89,1
DA:90,1
DA:91,1
DA:92,0
DA:93,0
DA:94,0
DA:96,0
DA:97,0
DA:98,0
DA:101,1
DA:103,1
DA:104,0
DA:105,0
DA:107,0
DA:108,0
DA:110,0
DA:113,0
DA:114,0
DA:116,0
DA:119,0
DA:120,0
DA:122,0
DA:129,0
DA:130,0
DA:131,0
DA:136,1
DA:137,0
DA:138,0
DA:139,0
DA:140,0
DA:142,0
DA:146,0
DA:149,0
DA:153,1
DA:157,0
DA:180,0
DA:191,3
LF:57
LH:20
BRDA:35,0,0,0
BRDA:35,0,1,1
BRDA:36,1,0,1
BRDA:36,1,1,0
BRDA:51,2,0,0
BRDA:51,2,1,0
BRDA:60,3,0,0
BRDA:60,3,1,0
BRDA:60,4,0,0
BRDA:60,4,1,0
BRDA:60,4,2,0
BRDA:85,5,0,0
BRDA:85,5,1,1
BRDA:86,6,0,0
BRDA:86,6,1,1
BRDA:91,7,0,0
BRDA:91,7,1,1
BRDA:92,8,0,0
BRDA:92,8,1,0
BRDA:107,9,0,0
BRDA:107,9,1,0
BRDA:107,10,0,0
BRDA:107,10,1,0
BRDA:113,11,0,0
BRDA:113,11,1,0
BRDA:119,12,0,0
BRDA:119,12,1,0
BRDA:130,13,0,0
BRDA:130,13,1,0
BRDA:137,14,0,0
BRDA:137,14,1,0
BRDA:138,15,0,0
BRDA:138,15,1,0
BRDA:176,16,0,1
BRDA:176,16,1,0
BRDA:177,17,0,1
BRDA:177,17,1,0
BRDA:182,18,0,0
BRDA:182,18,1,1
BRF:39
BRH:8
end_of_record
TN:
SF:/Users/brycedbjork/git/splash/src/components/ApproveTransactionModal/index.js
FN:7,(anonymous_0)
FN:18,(anonymous_1)
FN:31,(anonymous_2)
FNF:3
FNH:0
FNDA:0,(anonymous_0)
FNDA:0,(anonymous_1)
FNDA:0,(anonymous_2)
DA:7,2
DA:8,0
DA:18,2
DA:19,0
DA:20,0
DA:31,2
DA:32,0
LF:7
LH:3
BRDA:24,0,0,0
BRDA:24,0,1,0
BRDA:25,1,0,0
BRDA:25,1,1,0
BRF:4
BRH:0
end_of_record
TN:
SF:/Users/brycedbjork/git/splash/src/components/ChooseSplashtag/ChooseSplashtag.js
FN:23,(anonymous_0)
FN:27,(anonymous_1)
FN:39,(anonymous_2)
FN:40,(anonymous_3)
FN:46,(anonymous_4)
FN:47,(anonymous_5)
FN:55,(anonymous_6)
FN:56,(anonymous_7)
FN:66,(anonymous_8)
FN:70,(anonymous_9)
FN:122,(anonymous_10)
FN:144,(anonymous_11)
FNF:12
FNH:0
FNDA:0,(anonymous_0)
FNDA:0,(anonymous_1)
FNDA:0,(anonymous_2)
FNDA:0,(anonymous_3)
FNDA:0,(anonymous_4)
FNDA:0,(anonymous_5)
FNDA:0,(anonymous_6)
FNDA:0,(anonymous_7)
FNDA:0,(anonymous_8)
FNDA:0,(anonymous_9)
FNDA:0,(anonymous_10)
FNDA:0,(anonymous_11)
DA:23,1
DA:28,0
DA:29,0
DA:34,0
DA:35,0
DA:36,0
DA:40,0
DA:41,0
DA:46,0
DA:47,0
DA:48,0
DA:56,0
DA:57,0
DA:67,0
DA:72,0
DA:74,0
DA:76,0
DA:77,0
DA:78,0
DA:80,0
DA:81,0
DA:83,0
DA:84,0
DA:85,0
DA:87,0
DA:88,0
DA:90,0
DA:91,0
DA:93,0
DA:94,0
DA:98,0
DA:123,0
DA:124,0
DA:125,0
DA:126,0
DA:145,0
DA:146,0
DA:147,0
DA:148,0
DA:157,1
LF:40
LH:2
BRDA:23,0,0,0
BRDA:23,0,1,0
BRDA:74,1,0,0
BRDA:74,1,1,0
BRDA:77,2,0,0
BRDA:77,2,1,0
BRDA:77,3,0,0
BRDA:77,3,1,0
BRDA:80,4,0,0
BRDA:80,4,1,0
BRDA:83,5,0,0
BRDA:83,5,1,0
BRDA:84,6,0,0
BRDA:84,6,1,0
BRDA:87,7,0,0
BRDA:87,7,1,0
BRDA:90,8,0,0
BRDA:90,8,1,0
BRDA:93,9,0,0
BRDA:93,9,1,0
BRDA:117,10,0,0
BRDA:117,10,1,0
BRDA:117,10,2,0
BRDA:124,11,0,0
BRDA:124,11,1,0
BRDA:131,12,0,0
BRDA:131,12,1,0
BRDA:135,13,0,0
BRDA:135,13,1,0
BRDA:136,14,0,0
BRDA:136,14,1,0
BRDA:136,14,2,0
BRF:32
BRH:0
end_of_record
TN:
SF:/Users/brycedbjork/git/splash/src/components/EnterAmount/EnterAmount.js
FN:27,(anonymous_0)
FN:37,(anonymous_1)
FN:41,(anonymous_2)
FN:86,(anonymous_3)
FN:111,(anonymous_4)
FN:156,(anonymous_5)
FN:158,(anonymous_6)
FN:173,(anonymous_7)
FN:184,(anonymous_8)
FN:210,(anonymous_9)
FN:217,(anonymous_10)
FNF:11
FNH:3
FNDA:1,(anonymous_0)
FNDA:1,(anonymous_1)
FNDA:0,(anonymous_2)
FNDA:1,(anonymous_3)
FNDA:0,(anonymous_4)
FNDA:0,(anonymous_5)
FNDA:0,(anonymous_6)
FNDA:0,(anonymous_7)
FNDA:0,(anonymous_8)
FNDA:0,(anonymous_9)
FNDA:0,(anonymous_10)
DA:23,1
DA:24,1
DA:28,1
DA:29,1
DA:38,1
DA:43,0
DA:44,0
DA:49,0
DA:50,0
DA:56,0
DA:60,0
DA:61,0
DA:62,0
DA:65,0
DA:69,0
DA:70,0
DA:72,0
DA:73,0
DA:75,0
DA:76,0
DA:78,0
DA:79,0
DA:82,0
DA:87,1
DA:88,1
DA:89,1
DA:93,1
DA:96,1
DA:112,0
DA:157,0
DA:158,0
DA:159,0
DA:160,0
DA:161,0
DA:169,0
DA:170,0
DA:172,0
DA:173,0
DA:174,0
DA:175,0
DA:184,0
DA:185,0
DA:187,0
DA:211,0
DA:212,0
DA:218,0
DA:226,1
LF:47
LH:11
BRDA:43,0,0,0
BRDA:43,0,1,0
BRDA:49,1,0,0
BRDA:49,1,1,0
BRDA:49,2,0,0
BRDA:49,2,1,0
BRDA:56,3,0,0
BRDA:56,3,1,0
BRDA:60,4,0,0
BRDA:60,4,1,0
BRDA:60,5,0,0
BRDA:60,5,1,0
BRDA:62,6,0,0
BRDA:62,6,1,0
BRDA:75,7,0,0
BRDA:75,7,1,0
BRDA:78,8,0,0
BRDA:78,8,1,0
BRDA:91,9,0,1
BRDA:91,9,1,0
BRDA:93,10,0,1
BRDA:93,10,1,0
BRDA:120,11,0,1
BRDA:120,11,1,1
BRDA:124,12,0,0
BRDA:124,12,1,1
BRDA:130,13,0,1
BRDA:130,13,1,0
BRDA:131,14,0,0
BRDA:131,14,1,1
BRDA:133,15,0,1
BRDA:133,15,1,0
BRDA:136,16,0,1
BRDA:136,16,1,0
BRDA:140,17,0,0
BRDA:140,17,1,0
BRDA:144,18,0,0
BRDA:144,18,1,1
BRDA:146,19,0,1
BRDA:146,19,1,1
BRDA:147,20,0,1
BRDA:147,20,1,0
BRDA:157,21,0,0
BRDA:157,21,1,0
BRDA:160,22,0,0
BRDA:160,22,1,0
BRDA:164,23,0,0
BRDA:164,23,1,0
BRDA:169,24,0,0
BRDA:169,24,1,0
BRDA:172,25,0,0
BRDA:172,25,1,0
BRDA:174,26,0,0
BRDA:174,26,1,0
BRDA:185,27,0,0
BRDA:185,27,1,0
BRDA:185,28,0,0
BRDA:185,28,1,0
BRDA:204,29,0,1
BRDA:204,29,1,0
BRDA:204,29,2,0
BRDA:204,29,3,0
BRDA:204,29,4,0
BRDA:229,30,0,1
BRDA:229,30,1,0
BRDA:233,31,0,1
BRDA:233,31,1,0
BRF:67
BRH:16
end_of_record
TN:
SF:/Users/brycedbjork/git/splash/src/components/EnterPhoneNumber/EnterPhoneNumber.js
FN:22,(anonymous_0)
FN:36,(anonymous_1)
FN:41,(anonymous_2)
FN:45,(anonymous_3)
FN:51,(anonymous_4)
FN:66,(anonymous_5)
FN:67,(anonymous_6)
FN:80,(anonymous_7)
FN:87,(anonymous_8)
FN:95,(anonymous_9)
FN:98,(anonymous_10)
FN:112,(anonymous_11)
FNF:12
FNH:2
FNDA:1,(anonymous_0)
FNDA:0,(anonymous_1)
FNDA:0,(anonymous_2)
FNDA:0,(anonymous_3)
FNDA:1,(anonymous_4)
FNDA:0,(anonymous_5)
FNDA:0,(anonymous_6)
FNDA:0,(anonymous_7)
FNDA:0,(anonymous_8)
FNDA:0,(anonymous_9)
FNDA:0,(anonymous_10)
FNDA:0,(anonymous_11)
DA:23,1
DA:24,1
DA:33,1
DA:37,0
DA:38,0
DA:41,0
DA:45,0
DA:52,1
DA:67,0
DA:68,0
DA:83,0
DA:84,0
DA:87,0
DA:88,0
DA:95,0
DA:96,0
DA:97,0
DA:99,0
DA:100,0
DA:102,0
DA:114,0
DA:115,0
DA:116,0
DA:124,1
DA:126,1
LF:25
LH:6
BRDA:37,0,0,0
BRDA:37,0,1,0
BRDA:37,1,0,0
BRDA:37,1,1,0
BRDA:58,2,0,1
BRDA:58,2,1,0
BRDA:62,3,0,0
BRDA:62,3,1,1
BRDA:124,4,0,1
BRDA:124,4,1,0
BRF:10
BRH:3
end_of_record
TN:
SF:/Users/brycedbjork/git/splash/src/components/Home/ColoredPayButton.js
FN:20,(anonymous_0)
FN:23,(anonymous_1)
FN:24,(anonymous_2)
FN:28,(anonymous_3)
FN:41,(anonymous_4)
FN:47,(anonymous_5)
FN:65,(anonymous_6)
FNF:7
FNH:3
FNDA:1,(anonymous_0)
FNDA:1,(anonymous_1)
FNDA:0,(anonymous_2)
FNDA:1,(anonymous_3)
FNDA:0,(anonymous_4)
FNDA:0,(anonymous_5)
FNDA:0,(anonymous_6)
DA:12,2
DA:13,2
DA:17,2
DA:21,1
DA:24,1
DA:25,0
DA:30,1
DA:42,0
DA:48,0
DA:65,0
LF:10
LH:6
BRDA:25,0,0,0
BRDA:25,0,1,0
BRDA:34,1,0,1
BRDA:34,1,1,0
BRF:4
BRH:1
end_of_record
TN:
SF:/Users/brycedbjork/git/splash/src/components/Home/History.js
FN:33,(anonymous_0)
FN:41,(anonymous_1)
FN:49,(anonymous_2)
FN:79,(anonymous_3)
FN:83,(anonymous_4)
FN:101,(anonymous_5)
FN:111,(anonymous_6)
FN:155,(anonymous_7)
FN:240,(anonymous_8)
FN:264,(anonymous_9)
FNF:10
FNH:2
FNDA:1,(anonymous_0)
FNDA:0,(anonymous_1)
FNDA:0,(anonymous_2)
FNDA:0,(anonymous_3)
FNDA:1,(anonymous_4)
FNDA:0,(anonymous_5)
FNDA:0,(anonymous_6)
FNDA:0,(anonymous_7)
FNDA:0,(anonymous_8)
FNDA:0,(anonymous_9)
DA:29,2
DA:30,2
DA:34,1
DA:35,1
DA:42,0
DA:43,0
DA:45,0
DA:50,0
DA:51,0
DA:58,0
DA:59,0
DA:60,0
DA:61,0
DA:62,0
DA:63,0
DA:67,0
DA:68,0
DA:71,0
DA:72,0
DA:73,0
DA:75,0
DA:80,0
DA:84,1
DA:91,1
DA:101,0
DA:113,0
DA:117,0
DA:118,0
DA:122,0
DA:134,0
DA:138,0
DA:143,0
DA:145,0
DA:148,0
DA:156,0
DA:190,2
DA:240,2
DA:242,0
DA:243,0
DA:245,0
DA:248,0
DA:264,2
DA:265,0
LF:43
LH:9
BRDA:42,0,0,0
BRDA:42,0,1,0
BRDA:42,1,0,0
BRDA:42,1,1,0
BRDA:51,2,0,0
BRDA:51,2,1,0
BRDA:52,3,0,0
BRDA:52,3,1,0
BRDA:52,3,2,0
BRDA:52,3,3,0
BRDA:59,4,0,0
BRDA:59,4,1,0
BRDA:61,5,0,0
BRDA:61,5,1,0
BRDA:63,6,0,0
BRDA:63,6,1,0
BRDA:64,7,0,0
BRDA:64,7,1,0
BRDA:68,8,0,0
BRDA:68,8,1,0
BRDA:72,9,0,0
BRDA:72,9,1,0
BRDA:98,10,0,1
BRDA:98,10,1,0
BRDA:98,11,0,0
BRDA:98,11,1,0
BRDA:105,12,0,1
BRDA:105,12,1,0
BRDA:113,13,0,0
BRDA:113,13,1,0
BRDA:117,14,0,0
BRDA:117,14,1,0
BRDA:123,15,0,0
BRDA:123,15,1,0
BRDA:138,16,0,0
BRDA:138,16,1,0
BRDA:139,17,0,0
BRDA:139,17,1,0
BRDA:139,17,2,0
BRDA:160,18,0,0
BRDA:160,18,1,0
BRDA:171,19,0,1
BRDA:171,19,1,1
BRDA:242,20,0,0
BRDA:242,20,1,0
BRDA:252,21,0,0
BRDA:252,21,1,0
BRF:47
BRH:4
end_of_record
TN:
SF:/Users/brycedbjork/git/splash/src/components/Home/Home.js
FN:29,(anonymous_0)
FN:37,(anonymous_1)
FN:67,(anonymous_2)
FN:75,(anonymous_3)
FN:79,(anonymous_4)
FN:80,(anonymous_5)
FN:94,(anonymous_6)
FN:98,(anonymous_7)
FN:121,(anonymous_8)
FNF:9
FNH:4
FNDA:1,(anonymous_0)
FNDA:0,(anonymous_1)
FNDA:0,(anonymous_2)
FNDA:1,(anonymous_3)
FNDA:1,(anonymous_4)
FNDA:0,(anonymous_5)
FNDA:0,(anonymous_6)
FNDA:1,(anonymous_7)
FNDA:0,(anonymous_8)
DA:25,2
DA:26,2
DA:30,1
DA:31,1
DA:38,0
DA:44,0
DA:45,0
DA:50,0
DA:53,0
DA:63,0
DA:68,0
DA:69,0
DA:71,0
DA:76,1
DA:80,1
DA:81,0
DA:84,0
DA:85,0
DA:86,0
DA:87,0
DA:88,0
DA:89,0
DA:95,0
DA:99,1
DA:103,1
DA:122,0
DA:123,0
DA:131,2
LF:28
LH:9
BRDA:38,0,0,0
BRDA:38,0,1,0
BRDA:39,1,0,0
BRDA:39,1,1,0
BRDA:39,1,2,0
BRDA:39,1,3,0
BRDA:45,2,0,0
BRDA:45,2,1,0
BRDA:46,3,0,0
BRDA:46,3,1,0
BRDA:46,3,2,0
BRDA:53,4,0,0
BRDA:53,4,1,0
BRDA:54,5,0,0
BRDA:54,5,1,0
BRDA:54,5,2,0
BRDA:54,5,3,0
BRDA:54,5,4,0
BRDA:54,5,5,0
BRDA:68,6,0,0
BRDA:68,6,1,0
BRDA:84,7,0,0
BRDA:84,7,1,0
BRDA:84,8,0,0
BRDA:84,8,1,0
BRDA:84,8,2,0
BRDA:88,9,0,0
BRDA:88,9,1,0
BRDA:88,10,0,0
BRDA:88,10,1,0
BRDA:140,11,0,2
BRDA:140,11,1,0
BRF:32
BRH:1
end_of_record
TN:
SF:/Users/brycedbjork/git/splash/src/components/Home/index.js
FN:8,(anonymous_0)
FN:19,(anonymous_1)
FN:31,(anonymous_2)
FNF:3
FNH:0
FNDA:0,(anonymous_0)
FNDA:0,(anonymous_1)
FNDA:0,(anonymous_2)
DA:8,1
DA:9,0
DA:19,1
DA:20,0
DA:31,1
DA:32,0
LF:6
LH:3
BRF:0
BRH:0
end_of_record
TN:
SF:/Users/brycedbjork/git/splash/src/components/Landing/Landing.js
FN:23,(anonymous_0)
FN:28,(anonymous_1)
FN:34,(anonymous_2)
FN:39,(anonymous_3)
FN:46,(anonymous_4)
FN:63,(anonymous_5)
FN:73,(anonymous_6)
FN:127,(anonymous_7)
FNF:8
FNH:4
FNDA:1,(anonymous_0)
FNDA:1,(anonymous_1)
FNDA:1,(anonymous_2)
FNDA:0,(anonymous_3)
FNDA:0,(anonymous_4)
FNDA:0,(anonymous_5)
FNDA:1,(anonymous_6)
FNDA:0,(anonymous_7)
DA:19,1
DA:24,1
DA:25,1
DA:29,1
DA:30,0
DA:36,1
DA:40,0
DA:41,0
DA:47,0
DA:48,0
DA:49,0
DA:50,0
DA:52,0
DA:58,0
DA:64,0
DA:65,0
DA:66,0
DA:67,0
DA:69,0
DA:74,1
DA:128,0
DA:141,1
LF:22
LH:7
BRDA:29,0,0,0
BRDA:29,0,1,1
BRDA:40,1,0,0
BRDA:40,1,1,0
BRDA:47,2,0,0
BRDA:47,2,1,0
BRDA:52,3,0,0
BRDA:52,3,1,0
BRDA:54,4,0,0
BRDA:54,4,1,0
BRDA:64,5,0,0
BRDA:64,5,1,0
BRDA:64,6,0,0
BRDA:64,6,1,0
BRDA:66,7,0,0
BRDA:66,7,1,0
BRDA:78,8,0,1
BRDA:78,8,1,1
BRDA:98,9,0,1
BRDA:98,9,1,0
BRDA:125,10,0,1
BRDA:125,10,1,0
BRF:22
BRH:5
end_of_record
TN:
SF:/Users/brycedbjork/git/splash/src/components/Landing/LandingSwipeView.js
FN:31,(anonymous_0)
FN:35,(anonymous_1)
FN:141,(anonymous_2)
FN:148,(anonymous_3)
FN:221,(anonymous_4)
FNF:5
FNH:2
FNDA:1,(anonymous_0)
FNDA:1,(anonymous_1)
FNDA:0,(anonymous_2)
FNDA:0,(anonymous_3)
FNDA:0,(anonymous_4)
DA:23,1
DA:24,1
DA:25,1
DA:26,1
DA:27,1
DA:28,1
DA:32,1
DA:36,1
DA:41,1
DA:42,1
DA:43,3
DA:54,3
DA:64,3
DA:67,1
DA:68,1
DA:69,3
DA:80,3
DA:100,3
DA:103,1
DA:142,0
DA:149,0
DA:161,1
DA:221,1
DA:222,0
DA:232,1
LF:25
LH:22
BRDA:89,0,0,3
BRDA:89,0,1,1
BRDA:92,1,0,3
BRDA:92,1,1,1
BRDA:95,2,0,3
BRDA:95,2,1,1
BRDA:177,3,0,1
BRDA:177,3,1,0
BRDA:194,4,0,1
BRDA:194,4,1,0
BRDA:203,5,0,1
BRDA:203,5,1,0
BRDA:240,6,0,1
BRDA:240,6,1,0
BRF:14
BRH:10
end_of_record
TN:
SF:/Users/brycedbjork/git/splash/src/components/Modals/CardModal.js
FN:16,(anonymous_0)
FN:18,(anonymous_1)
FN:39,(anonymous_2)
FN:41,(anonymous_3)
FN:42,(anonymous_4)
FN:45,(anonymous_5)
FN:54,(anonymous_6)
FN:63,(anonymous_7)
FN:72,(anonymous_8)
FN:81,(anonymous_9)
FN:91,(anonymous_10)
FN:97,(anonymous_11)
FN:99,(anonymous_12)
FN:106,(anonymous_13)
FN:122,(anonymous_14)
FN:126,(anonymous_15)
FN:134,(anonymous_16)
FN:137,(anonymous_17)
FNF:18
FNH:1
FNDA:7,(anonymous_0)
FNDA:0,(anonymous_1)
FNDA:0,(anonymous_2)
FNDA:0,(anonymous_3)
FNDA:0,(anonymous_4)
FNDA:0,(anonymous_5)
FNDA:0,(anonymous_6)
FNDA:0,(anonymous_7)
FNDA:0,(anonymous_8)
FNDA:0,(anonymous_9)
FNDA:0,(anonymous_10)
FNDA:0,(anonymous_11)
FNDA:0,(anonymous_12)
FNDA:0,(anonymous_13)
FNDA:0,(anonymous_14)
FNDA:0,(anonymous_15)
FNDA:0,(anonymous_16)
FNDA:0,(anonymous_17)
DA:13,2
DA:14,2
DA:16,2
DA:17,7
DA:19,0
DA:20,0
DA:21,0
DA:22,0
DA:23,0
DA:29,0
DA:36,0
DA:40,0
DA:41,0
DA:43,0
DA:47,0
DA:48,0
DA:52,0
DA:54,0
DA:56,0
DA:57,0
DA:61,0
DA:63,0
DA:65,0
DA:66,0
DA:70,0
DA:72,0
DA:74,0
DA:75,0
DA:79,0
DA:81,0
DA:84,0
DA:93,0
DA:97,0
DA:98,0
DA:99,0
DA:100,0
DA:107,0
DA:123,0
DA:127,0
DA:132,0
DA:134,0
DA:139,0
DA:140,0
DA:141,0
DA:144,0
DA:164,2
LF:46
LH:5
BRDA:47,0,0,0
BRDA:47,0,1,0
BRDA:56,1,0,0
BRDA:56,1,1,0
BRDA:65,2,0,0
BRDA:65,2,1,0
BRDA:74,3,0,0
BRDA:74,3,1,0
BRDA:93,4,0,0
BRDA:93,4,1,0
BRDA:98,5,0,0
BRDA:98,5,1,0
BRDA:98,6,0,0
BRDA:98,6,1,0
BRDA:98,6,2,0
BRDA:98,6,3,0
BRDA:140,7,0,0
BRDA:140,7,1,0
BRDA:145,8,0,0
BRDA:145,8,1,0
BRDA:146,9,0,0
BRDA:146,9,1,0
BRDA:150,10,0,0
BRDA:150,10,1,0
BRF:24
BRH:0
end_of_record
TN:
SF:/Users/brycedbjork/git/splash/src/components/Modals/InfoModal.js
FN:13,(anonymous_0)
FN:24,(anonymous_1)
FNF:2
FNH:1
FNDA:1,(anonymous_0)
FNDA:0,(anonymous_1)
DA:13,2
DA:14,1
DA:25,0
DA:26,0
DA:34,2
LF:5
LH:3
BRDA:24,0,0,1
BRDA:24,0,1,0
BRDA:24,0,2,0
BRF:3
BRH:1
end_of_record
TN:
SF:/Users/brycedbjork/git/splash/src/components/Modals/ModalRoot.js
FN:20,(anonymous_0)
FN:33,(anonymous_1)
FN:35,(anonymous_2)
FNF:3
FNH:1
FNDA:1,(anonymous_0)
FNDA:0,(anonymous_1)
FNDA:0,(anonymous_2)
DA:13,2
DA:20,2
DA:21,1
DA:22,1
DA:24,0
DA:25,0
DA:33,2
DA:35,2
DA:36,0
LF:9
LH:6
BRDA:21,0,0,1
BRDA:21,0,1,0
BRF:2
BRH:1
end_of_record
TN:
SF:/Users/brycedbjork/git/splash/src/components/Modals/RaiseModal.js
FN:15,(anonymous_0)
FN:18,(anonymous_1)
FN:24,(anonymous_2)
FN:33,(anonymous_3)
FN:35,(anonymous_4)
FN:49,(anonymous_5)
FN:54,(anonymous_6)
FN:68,(anonymous_7)
FN:71,(anonymous_8)
FNF:9
FNH:1
FNDA:3,(anonymous_0)
FNDA:0,(anonymous_1)
FNDA:0,(anonymous_2)
FNDA:0,(anonymous_3)
FNDA:0,(anonymous_4)
FNDA:0,(anonymous_5)
FNDA:0,(anonymous_6)
FNDA:0,(anonymous_7)
FNDA:0,(anonymous_8)
DA:15,2
DA:16,3
DA:19,0
DA:20,0
DA:21,0
DA:25,0
DA:35,0
DA:36,0
DA:49,0
DA:50,0
DA:55,0
DA:56,0
DA:57,0
DA:59,0
DA:60,0
DA:61,0
DA:67,0
DA:68,0
DA:86,2
LF:19
LH:3
BRDA:49,0,0,0
BRDA:55,1,0,0
BRDA:55,1,1,0
BRDA:56,2,0,0
BRDA:56,2,1,0
BRDA:56,3,0,0
BRDA:56,3,1,0
BRDA:60,4,0,0
BRDA:60,4,1,0
BRF:9
BRH:0
end_of_record
TN:
SF:/Users/brycedbjork/git/splash/src/components/Modals/content/DeleteContent.js
FN:15,(anonymous_0)
FN:25,(anonymous_1)
FN:41,(anonymous_2)
FN:50,(anonymous_3)
FN:61,(anonymous_4)
FN:67,(anonymous_5)
FN:73,(anonymous_6)
FNF:7
FNH:0
FNDA:0,(anonymous_0)
FNDA:0,(anonymous_1)
FNDA:0,(anonymous_2)
FNDA:0,(anonymous_3)
FNDA:0,(anonymous_4)
FNDA:0,(anonymous_5)
FNDA:0,(anonymous_6)
DA:16,0
DA:17,0
DA:21,0
DA:22,0
DA:26,0
DA:27,0
DA:28,0
DA:29,0
DA:31,0
DA:32,0
DA:34,0
DA:35,0
DA:37,0
DA:42,0
DA:43,0
DA:44,0
DA:46,0
DA:51,0
DA:61,0
DA:67,0
DA:73,0
DA:92,2
LF:22
LH:1
BRDA:27,0,0,0
BRDA:27,0,1,0
BRDA:34,1,0,0
BRDA:34,1,1,0
BRDA:34,2,0,0
BRDA:34,2,1,0
BRDA:34,2,2,0
BRDA:42,3,0,0
BRDA:42,3,1,0
BRDA:63,4,0,0
BRDA:63,4,1,0
BRDA:69,5,0,0
BRDA:69,5,1,0
BRDA:75,6,0,0
BRDA:75,6,1,0
BRDA:79,7,0,0
BRDA:79,7,1,0
BRDA:82,8,0,0
BRDA:82,8,1,0
BRDA:84,9,0,0
BRDA:84,9,1,0
BRF:21
BRH:0
end_of_record
TN:
SF:/Users/brycedbjork/git/splash/src/components/SwipeApp/Balance.js
FN:37,(anonymous_0)
FN:45,(anonymous_1)
FN:50,(anonymous_2)
FN:53,(anonymous_3)
FN:62,(anonymous_4)
FN:87,(anonymous_5)
FN:192,(anonymous_6)
FN:199,(anonymous_7)
FN:259,(anonymous_8)
FN:273,(anonymous_9)
FNF:10
FNH:0
FNDA:0,(anonymous_0)
FNDA:0,(anonymous_1)
FNDA:0,(anonymous_2)
FNDA:0,(anonymous_3)
FNDA:0,(anonymous_4)
FNDA:0,(anonymous_5)
FNDA:0,(anonymous_6)
FNDA:0,(anonymous_7)
FNDA:0,(anonymous_8)
FNDA:0,(anonymous_9)
DA:31,1
DA:33,1
DA:34,1
DA:38,0
DA:39,0
DA:46,0
DA:47,0
DA:51,0
DA:52,0
DA:53,0
DA:54,0
DA:57,0
DA:58,0
DA:70,0
DA:71,0
DA:73,0
DA:74,0
DA:76,0
DA:77,0
DA:79,0
DA:80,0
DA:83,0
DA:89,0
DA:92,0
DA:93,0
DA:96,0
DA:97,0
DA:100,0
DA:104,0
DA:121,0
DA:138,0
DA:143,0
DA:148,0
DA:163,0
DA:169,0
DA:171,0
DA:193,0
DA:200,0
DA:213,1
DA:259,1
DA:260,0
DA:273,1
DA:274,0
LF:43
LH:6
BRDA:51,0,0,0
BRDA:51,0,1,0
BRDA:51,1,0,0
BRDA:51,1,1,0
BRDA:51,1,2,0
BRDA:51,1,3,0
BRDA:57,2,0,0
BRDA:57,2,1,0
BRDA:57,3,0,0
BRDA:57,3,1,0
BRDA:57,3,2,0
BRDA:57,3,3,0
BRDA:70,4,0,0
BRDA:70,4,1,0
BRDA:73,5,0,0
BRDA:73,5,1,0
BRDA:76,6,0,0
BRDA:76,6,1,0
BRDA:79,7,0,0
BRDA:79,7,1,0
BRDA:92,8,0,0
BRDA:92,8,1,0
BRDA:96,9,0,0
BRDA:96,9,1,0
BRDA:169,10,0,0
BRDA:169,10,1,0
BRDA:178,11,0,0
BRDA:178,11,1,0
BRDA:180,12,0,0
BRDA:180,12,1,0
BRDA:219,13,0,1
BRDA:219,13,1,0
BRF:32
BRH:1
end_of_record
TN:
SF:/Users/brycedbjork/git/splash/src/components/SwipeApp/CurrencySwitch.js
FN:37,(anonymous_0)
FN:38,(anonymous_1)
FN:54,(anonymous_2)
FN:61,(anonymous_3)
FN:66,(anonymous_4)
FN:70,(anonymous_5)
FN:80,(anonymous_6)
FN:91,(anonymous_7)
FN:121,(anonymous_8)
FN:133,(anonymous_9)
FN:136,(anonymous_10)
FN:214,(anonymous_11)
FN:222,(anonymous_12)
FNF:13
FNH:2
FNDA:3,(anonymous_0)
FNDA:3,(anonymous_1)
FNDA:0,(anonymous_2)
FNDA:0,(anonymous_3)
FNDA:0,(anonymous_4)
FNDA:0,(anonymous_5)
FNDA:0,(anonymous_6)
FNDA:0,(anonymous_7)
FNDA:0,(anonymous_8)
FNDA:0,(anonymous_9)
FNDA:0,(anonymous_10)
FNDA:0,(anonymous_11)
FNDA:0,(anonymous_12)
DA:30,1
DA:31,1
DA:33,1
DA:34,1
DA:35,1
DA:36,1
DA:37,3
DA:38,1
DA:39,3
DA:40,3
DA:46,3
DA:49,3
DA:55,0
DA:56,0
DA:66,0
DA:67,0
DA:70,0
DA:71,0
DA:72,0
DA:73,0
DA:74,0
DA:81,0
DA:82,0
DA:83,0
DA:85,0
DA:86,0
DA:87,0
DA:93,0
DA:121,0
DA:134,0
DA:137,0
DA:182,1
DA:214,1
DA:215,0
DA:222,1
DA:223,0
LF:36
LH:15
BRDA:71,0,0,0
BRDA:71,0,1,0
BRDA:73,1,0,0
BRDA:73,1,1,0
BRDA:73,2,0,0
BRDA:73,2,1,0
BRDA:73,2,2,0
BRDA:81,3,0,0
BRDA:81,3,1,0
BRDA:82,4,0,0
BRDA:82,4,1,0
BRDA:210,5,0,1
BRDA:210,5,1,0
BRDA:218,6,0,0
BRDA:218,6,1,0
BRDA:218,6,2,0
BRF:16
BRH:1
end_of_record
TN:
SF:/Users/brycedbjork/git/splash/src/components/SwipeApp/Header.js
FN:15,(anonymous_0)
FN:16,(anonymous_1)
FN:20,(anonymous_2)
FN:28,(anonymous_3)
FNF:4
FNH:0
FNDA:0,(anonymous_0)
FNDA:0,(anonymous_1)
FNDA:0,(anonymous_2)
FNDA:0,(anonymous_3)
DA:8,1
DA:9,1
DA:12,1
DA:16,0
DA:17,0
DA:22,0
DA:28,0
LF:7
LH:3
BRDA:17,0,0,0
BRDA:17,0,1,0
BRF:2
BRH:0
end_of_record
TN:
SF:/Users/brycedbjork/git/splash/src/components/SwipeApp/ReturnToHome.js
FN:30,(anonymous_0)
FN:34,(anonymous_1)
FN:94,(anonymous_2)
FN:100,(anonymous_3)
FNF:4
FNH:0
FNDA:0,(anonymous_0)
FNDA:0,(anonymous_1)
FNDA:0,(anonymous_2)
FNDA:0,(anonymous_3)
DA:25,1
DA:26,1
DA:31,0
DA:36,0
DA:41,0
DA:46,0
DA:51,0
DA:56,0
DA:65,0
DA:80,1
DA:94,1
DA:95,0
DA:100,1
DA:101,0
LF:14
LH:5
BRDA:84,0,0,1
BRDA:84,0,1,0
BRF:2
BRH:1
end_of_record
TN:
SF:/Users/brycedbjork/git/splash/src/components/SwipeApp/SwipeApp.js
FN:49,(anonymous_0)
FN:50,(anonymous_1)
FN:71,(anonymous_2)
FN:78,Page
FN:82,iconTransform
FN:109,titleTransform
FN:153,headerTransform
FN:169,(anonymous_7)
FN:186,(anonymous_8)
FN:192,(anonymous_9)
FN:226,(anonymous_10)
FN:235,(anonymous_11)
FN:247,(anonymous_12)
FN:260,(anonymous_13)
FN:278,(anonymous_14)
FN:290,(anonymous_15)
FN:311,(anonymous_16)
FN:329,(anonymous_17)
FN:332,(anonymous_18)
FN:361,(anonymous_19)
FN:370,(anonymous_20)
FN:375,(anonymous_21)
FN:387,(anonymous_22)
FN:394,(anonymous_23)
FN:401,(anonymous_24)
FN:416,(anonymous_25)
FN:429,(anonymous_26)
FN:449,(anonymous_27)
FN:500,(anonymous_28)
FN:530,(anonymous_29)
FNF:30
FNH:11
FNDA:3,(anonymous_0)
FNDA:3,(anonymous_1)
FNDA:0,(anonymous_2)
FNDA:0,Page
FNDA:2,iconTransform
FNDA:2,titleTransform
FNDA:1,headerTransform
FNDA:3,(anonymous_7)
FNDA:0,(anonymous_8)
FNDA:1,(anonymous_9)
FNDA:0,(anonymous_10)
FNDA:1,(anonymous_11)
FNDA:0,(anonymous_12)
FNDA:0,(anonymous_13)
FNDA:1,(anonymous_14)
FNDA:1,(anonymous_15)
FNDA:0,(anonymous_16)
FNDA:0,(anonymous_17)
FNDA:0,(anonymous_18)
FNDA:0,(anonymous_19)
FNDA:0,(anonymous_20)
FNDA:0,(anonymous_21)
FNDA:0,(anonymous_22)
FNDA:0,(anonymous_23)
FNDA:0,(anonymous_24)
FNDA:0,(anonymous_25)
FNDA:1,(anonymous_26)
FNDA:0,(anonymous_27)
FNDA:0,(anonymous_28)
FNDA:0,(anonymous_29)
DA:42,1
DA:43,1
DA:45,1
DA:46,1
DA:47,1
DA:48,1
DA:49,3
DA:50,1
DA:51,3
DA:52,3
DA:58,3
DA:61,3
DA:64,1
DA:65,1
DA:68,1
DA:72,0
DA:79,0
DA:83,2
DA:110,2
DA:136,1
DA:154,1
DA:163,1
DA:165,1
DA:166,1
DA:167,1
DA:169,1
DA:170,3
DA:171,3
DA:172,3
DA:173,3
DA:175,1
DA:176,1
DA:177,1
DA:178,1
DA:180,1
DA:187,0
DA:188,0
DA:193,1
DA:194,1
DA:213,1
DA:216,1
DA:217,1
DA:218,3
DA:219,3
DA:221,1
DA:222,1
DA:223,1
DA:227,0
DA:228,0
DA:229,0
DA:231,0
DA:236,1
DA:237,1
DA:239,1
DA:240,1
DA:243,1
DA:249,0
DA:254,0
DA:259,0
DA:261,0
DA:262,0
DA:266,0
DA:269,0
DA:273,0
DA:275,0
DA:280,1
DA:283,1
DA:291,1
DA:297,1
DA:305,1
DA:310,0
DA:312,0
DA:313,0
DA:318,1
DA:321,1
DA:322,3
DA:326,1
DA:330,0
DA:331,0
DA:332,0
DA:333,0
DA:334,0
DA:335,0
DA:336,0
DA:344,0
DA:349,0
DA:350,0
DA:351,0
DA:352,0
DA:359,0
DA:362,0
DA:370,0
DA:373,1
DA:376,0
DA:380,0
DA:381,0
DA:382,0
DA:385,1
DA:388,0
DA:391,1
DA:395,0
DA:398,1
DA:402,0
DA:403,0
DA:405,0
DA:406,0
DA:407,0
DA:408,0
DA:410,0
DA:413,0
DA:417,0
DA:418,0
DA:419,0
DA:420,0
DA:421,0
DA:422,0
DA:423,0
DA:425,0
DA:430,1
DA:431,1
DA:432,1
DA:433,1
DA:434,3
DA:435,3
DA:445,3
DA:446,2
DA:450,0
DA:451,0
DA:470,3
DA:471,2
DA:482,1
DA:501,0
DA:502,0
DA:503,0
DA:505,0
DA:531,0
DA:546,1
LF:137
LH:73
BRDA:187,0,0,0
BRDA:187,0,1,0
BRDA:237,1,0,1
BRDA:237,1,1,0
BRDA:237,2,0,1
BRDA:237,2,1,1
BRDA:249,3,0,0
BRDA:249,3,1,0
BRDA:250,4,0,0
BRDA:250,4,1,0
BRDA:254,5,0,0
BRDA:254,5,1,0
BRDA:255,6,0,0
BRDA:255,6,1,0
BRDA:255,6,2,0
BRDA:269,7,0,0
BRDA:269,7,1,0
BRDA:270,8,0,0
BRDA:270,8,1,0
BRDA:270,8,2,0
BRDA:305,9,0,0
BRDA:305,9,1,1
BRDA:306,10,0,1
BRDA:306,10,1,0
BRDA:306,10,2,0
BRDA:330,11,0,0
BRDA:330,11,1,0
BRDA:330,12,0,0
BRDA:330,12,1,0
BRDA:335,13,0,0
BRDA:335,13,1,0
BRDA:349,14,0,0
BRDA:349,14,1,0
BRDA:351,15,0,0
BRDA:351,15,1,0
BRDA:417,16,0,0
BRDA:417,16,1,0
BRDA:419,17,0,0
BRDA:419,17,1,0
BRDA:421,18,0,0
BRDA:421,18,1,0
BRDA:445,19,0,2
BRDA:445,19,1,1
BRDA:461,20,0,1
BRDA:461,20,1,1
BRDA:462,21,0,1
BRDA:462,21,1,1
BRDA:464,22,0,1
BRDA:464,22,1,1
BRDA:464,23,0,1
BRDA:464,23,1,0
BRDA:470,24,0,2
BRDA:470,24,1,1
BRDA:553,25,0,1
BRDA:553,25,1,0
BRDA:557,26,0,0
BRDA:557,26,1,1
BRDA:558,27,0,0
BRDA:558,27,1,1
BRDA:592,28,0,1
BRDA:592,28,1,0
BRF:61
BRH:20
end_of_record
TN:
SF:/Users/brycedbjork/git/splash/src/components/ViewTransactionModal/ViewTransactionModal.js
FN:21,(anonymous_0)
FN:29,(anonymous_1)
FN:67,(anonymous_2)
FN:95,(anonymous_3)
FN:97,(anonymous_4)
FNF:5
FNH:0
FNDA:0,(anonymous_0)
FNDA:0,(anonymous_1)
FNDA:0,(anonymous_2)
FNDA:0,(anonymous_3)
FNDA:0,(anonymous_4)
DA:22,0
DA:24,0
DA:36,0
DA:51,0
DA:53,0
DA:54,0
DA:55,0
DA:56,0
DA:58,0
DA:59,0
DA:60,0
DA:61,0
DA:62,0
DA:63,0
DA:64,0
DA:65,0
DA:66,0
DA:67,0
DA:68,0
DA:69,0
DA:77,0
DA:96,0
DA:97,0
DA:98,0
DA:149,2
LF:25
LH:1
BRDA:54,0,0,0
BRDA:54,0,1,0
BRDA:54,1,0,0
BRDA:54,1,1,0
BRDA:55,2,0,0
BRDA:55,2,1,0
BRDA:55,3,0,0
BRDA:55,3,1,0
BRDA:56,4,0,0
BRDA:56,4,1,0
BRDA:56,4,2,0
BRDA:56,4,3,0
BRDA:58,5,0,0
BRDA:58,5,1,0
BRDA:59,6,0,0
BRDA:59,6,1,0
BRDA:62,7,0,0
BRDA:62,7,1,0
BRDA:64,8,0,0
BRDA:64,8,1,0
BRDA:66,9,0,0
BRDA:66,9,1,0
BRDA:68,10,0,0
BRDA:68,10,1,0
BRDA:71,11,0,0
BRDA:71,11,1,0
BRDA:71,12,0,0
BRDA:71,12,1,0
BRDA:72,13,0,0
BRDA:72,13,1,0
BRDA:81,14,0,0
BRDA:81,14,1,0
BRDA:92,15,0,0
BRDA:92,15,1,0
BRDA:93,16,0,0
BRDA:93,16,1,0
BRDA:95,17,0,0
BRDA:95,17,1,0
BRDA:95,17,2,0
BRDA:95,18,0,0
BRDA:95,18,1,0
BRDA:96,19,0,0
BRDA:96,19,1,0
BRDA:104,20,0,0
BRDA:104,20,1,0
BRDA:108,21,0,0
BRDA:108,21,1,0
BRDA:115,22,0,0
BRDA:115,22,1,0
BRDA:116,23,0,0
BRDA:116,23,1,0
BRDA:116,23,2,0
BRDA:121,24,0,0
BRDA:121,24,1,0
BRDA:121,24,2,0
BRDA:133,25,0,0
BRDA:133,25,1,0
BRDA:137,26,0,0
BRDA:137,26,1,0
BRDA:138,27,0,0
BRDA:138,27,1,0
BRDA:139,28,0,0
BRDA:139,28,1,0
BRF:63
BRH:0
end_of_record
TN:
SF:/Users/brycedbjork/git/splash/src/components/ViewTransactionModal/index.js
FN:5,(anonymous_0)
FN:11,(anonymous_1)
FNF:2
FNH:0
FNDA:0,(anonymous_0)
FNDA:0,(anonymous_1)
DA:5,2
DA:6,0
DA:11,2
DA:12,0
LF:4
LH:2
BRF:0
BRH:0
end_of_record
TN:
SF:/Users/brycedbjork/git/splash/src/components/Wallet/Wallet.js
FN:26,(anonymous_0)
FN:34,(anonymous_1)
FN:41,(anonymous_2)
FN:42,(anonymous_3)
FN:52,(anonymous_4)
FN:53,(anonymous_5)
FN:62,(anonymous_6)
FN:79,(anonymous_7)
FN:84,(anonymous_8)
FN:104,(anonymous_9)
FNF:10
FNH:0
FNDA:0,(anonymous_0)
FNDA:0,(anonymous_1)
FNDA:0,(anonymous_2)
FNDA:0,(anonymous_3)
FNDA:0,(anonymous_4)
FNDA:0,(anonymous_5)
FNDA:0,(anonymous_6)
FNDA:0,(anonymous_7)
FNDA:0,(anonymous_8)
FNDA:0,(anonymous_9)
DA:21,1
DA:22,1
DA:27,0
DA:28,0
DA:31,0
DA:35,0
DA:36,0
DA:38,0
DA:42,0
DA:43,0
DA:49,0
DA:50,0
DA:52,0
DA:53,0
DA:54,0
DA:63,0
DA:65,0
DA:67,0
DA:69,0
DA:80,0
DA:85,0
DA:105,0
DA:120,1
LF:23
LH:3
BRDA:35,0,0,0
BRDA:35,0,1,0
BRDA:96,1,0,0
BRDA:96,1,1,0
BRDA:99,2,0,0
BRDA:99,2,1,0
BRDA:100,3,0,0
BRDA:100,3,1,0
BRF:8
BRH:0
end_of_record
TN:
SF:/Users/brycedbjork/git/splash/src/components/Wallet/index.js
FN:5,(anonymous_0)
FN:14,(anonymous_1)
FNF:2
FNH:0
FNDA:0,(anonymous_0)
FNDA:0,(anonymous_1)
DA:5,1
DA:6,0
DA:14,1
DA:15,0
LF:4
LH:2
BRDA:10,0,0,0
BRDA:10,0,1,0
BRF:2
BRH:0
end_of_record
TN:
SF:/Users/brycedbjork/git/splash/src/components/universal/AnimatedWaves.js
FN:8,(anonymous_0)
FN:12,(anonymous_1)
FN:34,(anonymous_2)
FNF:3
FNH:0
FNDA:0,(anonymous_0)
FNDA:0,(anonymous_1)
FNDA:0,(anonymous_2)
DA:9,0
DA:13,0
DA:14,0
DA:16,0
DA:18,0
DA:20,0
DA:35,0
DA:50,1
LF:8
LH:1
BRDA:16,0,0,0
BRDA:16,0,1,0
BRDA:18,1,0,0
BRDA:18,1,1,0
BRDA:27,2,0,0
BRDA:27,2,1,0
BRDA:30,3,0,0
BRDA:30,3,1,0
BRF:8
BRH:0
end_of_record
TN:
SF:/Users/brycedbjork/git/splash/src/components/universal/Button.js
FN:18,(anonymous_0)
FN:24,(anonymous_1)
FN:28,(anonymous_2)
FN:35,(anonymous_3)
FN:44,(anonymous_4)
FN:47,(anonymous_5)
FNF:6
FNH:0
FNDA:0,(anonymous_0)
FNDA:0,(anonymous_1)
FNDA:0,(anonymous_2)
FNDA:0,(anonymous_3)
FNDA:0,(anonymous_4)
FNDA:0,(anonymous_5)
DA:19,0
DA:20,0
DA:21,0
DA:25,0
DA:29,0
DA:30,0
DA:36,0
DA:37,0
DA:58,0
DA:61,0
DA:68,0
DA:77,0
DA:89,0
DA:123,8
DA:133,8
LF:15
LH:2
BRDA:47,0,0,0
BRDA:49,1,0,0
BRDA:50,2,0,0
BRDA:51,3,0,0
BRDA:52,4,0,0
BRDA:53,5,0,0
BRDA:54,6,0,0
BRDA:55,7,0,0
BRDA:56,8,0,0
BRDA:57,9,0,0
BRDA:62,10,0,0
BRDA:62,10,1,0
BRDA:63,11,0,0
BRDA:63,11,1,0
BRDA:69,12,0,0
BRDA:69,12,1,0
BRDA:80,13,0,0
BRDA:80,13,1,0
BRDA:81,14,0,0
BRDA:81,14,1,0
BRDA:82,15,0,0
BRDA:82,15,1,0
BRDA:91,16,0,0
BRDA:91,16,1,0
BRDA:99,17,0,0
BRDA:99,17,1,0
BRDA:100,18,0,0
BRDA:100,18,1,0
BRDA:101,19,0,0
BRDA:101,19,1,0
BRDA:102,20,0,0
BRDA:102,20,1,0
BRDA:103,21,0,0
BRDA:103,21,1,0
BRDA:104,22,0,0
BRDA:104,22,1,0
BRDA:105,23,0,0
BRDA:105,23,1,0
BRDA:113,24,0,0
BRDA:113,24,1,0
BRDA:114,25,0,0
BRDA:114,25,1,0
BRDA:114,25,2,0
BRDA:115,26,0,0
BRDA:115,26,1,0
BRDA:115,26,2,0
BRF:46
BRH:0
end_of_record
TN:
SF:/Users/brycedbjork/git/splash/src/components/universal/Checkmark.js
FN:11,(anonymous_0)
FN:18,(anonymous_1)
FN:24,(anonymous_2)
FN:27,(anonymous_3)
FN:43,(anonymous_4)
FN:68,(anonymous_5)
FNF:6
FNH:0
FNDA:0,(anonymous_0)
FNDA:0,(anonymous_1)
FNDA:0,(anonymous_2)
FNDA:0,(anonymous_3)
FNDA:0,(anonymous_4)
FNDA:0,(anonymous_5)
DA:12,0
DA:13,0
DA:19,0
DA:20,0
DA:25,0
DA:26,0
DA:27,0
DA:28,0
DA:33,0
DA:34,0
DA:39,0
DA:45,0
DA:46,0
DA:47,0
DA:51,0
DA:69,0
DA:85,9
LF:17
LH:1
BRDA:19,0,0,0
BRDA:19,0,1,0
BRDA:25,1,0,0
BRDA:25,1,1,0
BRDA:26,2,0,0
BRDA:26,2,1,0
BRDA:33,3,0,0
BRDA:33,3,1,0
BRDA:45,4,0,0
BRDA:45,4,1,0
BRDA:47,5,0,0
BRDA:47,5,1,0
BRDA:58,6,0,0
BRDA:58,6,1,0
BRF:14
BRH:0
end_of_record
TN:
SF:/Users/brycedbjork/git/splash/src/components/universal/CloseButton.js
FN:18,(anonymous_0)
FN:24,(anonymous_1)
FN:28,(anonymous_2)
FN:35,(anonymous_3)
FN:44,(anonymous_4)
FNF:5
FNH:0
FNDA:0,(anonymous_0)
FNDA:0,(anonymous_1)
FNDA:0,(anonymous_2)
FNDA:0,(anonymous_3)
FNDA:0,(anonymous_4)
DA:19,0
DA:20,0
DA:21,0
DA:25,0
DA:29,0
DA:30,0
DA:36,0
DA:37,0
DA:46,0
DA:49,0
DA:51,0
DA:52,0
DA:54,0
DA:55,0
DA:57,0
DA:58,0
DA:60,0
DA:61,0
DA:64,0
DA:84,1
DA:89,1
LF:21
LH:2
BRDA:46,0,0,0
BRDA:49,1,0,0
BRDA:49,1,1,0
BRDA:49,1,2,0
BRDA:49,1,3,0
BRDA:92,2,0,1
BRDA:92,2,1,0
BRF:7
BRH:1
end_of_record
TN:
SF:/Users/brycedbjork/git/splash/src/components/universal/CurrencySwitcher.js
FN:23,(anonymous_0)
FN:37,(anonymous_1)
FN:46,(anonymous_2)
FN:51,(anonymous_3)
FN:62,(anonymous_4)
FN:63,(anonymous_5)
FN:64,(anonymous_6)
FN:93,(anonymous_7)
FN:102,(anonymous_8)
FN:111,(anonymous_9)
FN:191,(anonymous_10)
FN:198,(anonymous_11)
FNF:12
FNH:0
FNDA:0,(anonymous_0)
FNDA:0,(anonymous_1)
FNDA:0,(anonymous_2)
FNDA:0,(anonymous_3)
FNDA:0,(anonymous_4)
FNDA:0,(anonymous_5)
FNDA:0,(anonymous_6)
FNDA:0,(anonymous_7)
FNDA:0,(anonymous_8)
FNDA:0,(anonymous_9)
FNDA:0,(anonymous_10)
FNDA:0,(anonymous_11)
DA:24,0
DA:25,0
DA:28,0
DA:38,0
DA:39,0
DA:40,0
DA:41,0
DA:42,0
DA:43,0
DA:44,0
DA:47,0
DA:48,0
DA:65,0
DA:67,0
DA:69,0
DA:75,0
DA:83,0
DA:91,0
DA:94,0
DA:95,0
DA:100,0
DA:103,0
DA:104,0
DA:109,0
DA:112,0
DA:113,0
DA:114,0
DA:115,0
DA:116,0
DA:162,1
DA:191,1
DA:192,0
DA:198,1
DA:199,0
LF:34
LH:3
BRDA:39,0,0,0
BRDA:39,0,1,0
BRDA:40,1,0,0
BRDA:40,1,1,0
BRDA:41,2,0,0
BRDA:41,2,1,0
BRDA:42,3,0,0
BRDA:42,3,1,0
BRDA:43,4,0,0
BRDA:43,4,1,0
BRDA:44,5,0,0
BRDA:44,5,1,0
BRDA:47,6,0,0
BRDA:47,6,1,0
BRDA:57,7,0,0
BRDA:60,8,0,0
BRDA:62,9,0,0
BRDA:63,10,0,0
BRDA:64,11,0,0
BRDA:67,12,0,0
BRDA:67,12,1,0
BRDA:112,13,0,0
BRDA:112,13,1,0
BRDA:118,14,0,0
BRDA:118,14,1,0
BRDA:123,15,0,0
BRDA:123,15,1,0
BRDA:128,16,0,0
BRDA:128,16,1,0
BRDA:133,17,0,0
BRDA:133,17,1,0
BRDA:138,18,0,0
BRDA:138,18,1,0
BRDA:142,19,0,0
BRDA:142,19,1,0
BRF:35
BRH:0
end_of_record
TN:
SF:/Users/brycedbjork/git/splash/src/components/universal/CurrencySwitcherLight.js
FN:20,(anonymous_0)
FN:34,(anonymous_1)
FN:37,(anonymous_2)
FN:42,(anonymous_3)
FN:51,(anonymous_4)
FN:52,(anonymous_5)
FN:53,(anonymous_6)
FN:66,(anonymous_7)
FN:75,(anonymous_8)
FN:84,(anonymous_9)
FNF:10
FNH:0
FNDA:0,(anonymous_0)
FNDA:0,(anonymous_1)
FNDA:0,(anonymous_2)
FNDA:0,(anonymous_3)
FNDA:0,(anonymous_4)
FNDA:0,(anonymous_5)
FNDA:0,(anonymous_6)
FNDA:0,(anonymous_7)
FNDA:0,(anonymous_8)
FNDA:0,(anonymous_9)
DA:21,0
DA:22,0
DA:25,0
DA:35,0
DA:38,0
DA:39,0
DA:54,0
DA:56,0
DA:58,0
DA:64,0
DA:67,0
DA:68,0
DA:73,0
DA:76,0
DA:77,0
DA:82,0
DA:85,0
DA:86,0
DA:87,0
DA:101,1
LF:20
LH:1
BRDA:38,0,0,0
BRDA:38,0,1,0
BRDA:48,1,0,0
BRDA:51,2,0,0
BRDA:52,3,0,0
BRDA:53,4,0,0
BRDA:56,5,0,0
BRDA:56,5,1,0
BRDA:85,6,0,0
BRDA:85,6,1,0
BRDA:93,7,0,0
BRDA:93,7,1,0
BRF:12
BRH:0
end_of_record
TN:
SF:/Users/brycedbjork/git/splash/src/components/universal/FlatBackButton.js
FN:12,(anonymous_0)
FNF:1
FNH:0
FNDA:0,(anonymous_0)
DA:12,4
DA:15,0
DA:16,0
DA:18,0
DA:19,0
DA:21,0
DA:22,0
DA:24,0
DA:25,0
DA:27,0
DA:28,0
DA:31,0
DA:32,0
DA:36,0
DA:47,4
LF:15
LH:2
BRDA:12,0,0,0
BRDA:12,1,0,0
BRDA:12,2,0,0
BRDA:15,3,0,0
BRDA:15,3,1,0
BRDA:16,4,0,0
BRDA:16,4,1,0
BRDA:16,4,2,0
BRDA:16,4,3,0
BRDA:31,5,0,0
BRDA:31,5,1,0
BRDA:39,6,0,0
BRDA:39,6,1,0
BRDA:39,7,0,0
BRDA:39,7,1,0
BRDA:40,8,0,0
BRDA:40,8,1,0
BRDA:40,9,0,0
BRDA:40,9,1,0
BRDA:57,10,0,4
BRDA:57,10,1,0
BRF:21
BRH:1
end_of_record
TN:
SF:/Users/brycedbjork/git/splash/src/components/universal/Input.js
FN:13,(anonymous_0)
FN:35,(anonymous_1)
FN:67,(anonymous_2)
FN:68,(anonymous_3)
FNF:4
FNH:0
FNDA:0,(anonymous_0)
FNDA:0,(anonymous_1)
FNDA:0,(anonymous_2)
FNDA:0,(anonymous_3)
DA:13,5
DA:15,0
DA:35,5
DA:37,0
DA:38,0
DA:39,0
DA:40,0
DA:41,0
DA:44,0
DA:67,5
DA:68,0
DA:69,0
DA:70,0
DA:71,0
DA:72,0
DA:73,0
DA:75,0
DA:77,0
DA:88,0
DA:95,5
DA:102,5
LF:21
LH:5
BRDA:13,0,0,0
BRDA:13,1,0,0
BRDA:13,2,0,0
BRDA:29,3,0,0
BRDA:29,3,1,0
BRDA:38,4,0,0
BRDA:38,4,1,0
BRDA:40,5,0,0
BRDA:40,5,1,0
BRDA:70,6,0,0
BRDA:70,6,1,0
BRDA:72,7,0,0
BRDA:72,7,1,0
BRF:13
BRH:0
end_of_record
TN:
SF:/Users/brycedbjork/git/splash/src/components/universal/Keypad.js
FN:28,(anonymous_0)
FN:40,(anonymous_1)
FN:44,(anonymous_2)
FN:45,(anonymous_3)
FN:53,(anonymous_4)
FN:54,(anonymous_5)
FN:62,(anonymous_6)
FN:69,(anonymous_7)
FN:85,(anonymous_8)
FN:85,(anonymous_9)
FN:85,(anonymous_10)
FN:90,(anonymous_11)
FN:90,(anonymous_12)
FN:90,(anonymous_13)
FN:95,(anonymous_14)
FN:95,(anonymous_15)
FN:95,(anonymous_16)
FN:102,(anonymous_17)
FN:102,(anonymous_18)
FN:102,(anonymous_19)
FN:107,(anonymous_20)
FN:107,(anonymous_21)
FN:107,(anonymous_22)
FN:112,(anonymous_23)
FN:112,(anonymous_24)
FN:112,(anonymous_25)
FN:119,(anonymous_26)
FN:119,(anonymous_27)
FN:119,(anonymous_28)
FN:124,(anonymous_29)
FN:124,(anonymous_30)
FN:124,(anonymous_31)
FN:129,(anonymous_32)
FN:129,(anonymous_33)
FN:129,(anonymous_34)
FN:136,(anonymous_35)
FN:140,(anonymous_36)
FN:140,(anonymous_37)
FN:140,(anonymous_38)
FN:145,(anonymous_39)
FNF:40
FNH:0
FNDA:0,(anonymous_0)
FNDA:0,(anonymous_1)
FNDA:0,(anonymous_2)
FNDA:0,(anonymous_3)
FNDA:0,(anonymous_4)
FNDA:0,(anonymous_5)
FNDA:0,(anonymous_6)
FNDA:0,(anonymous_7)
FNDA:0,(anonymous_8)
FNDA:0,(anonymous_9)
FNDA:0,(anonymous_10)
FNDA:0,(anonymous_11)
FNDA:0,(anonymous_12)
FNDA:0,(anonymous_13)
FNDA:0,(anonymous_14)
FNDA:0,(anonymous_15)
FNDA:0,(anonymous_16)
FNDA:0,(anonymous_17)
FNDA:0,(anonymous_18)
FNDA:0,(anonymous_19)
FNDA:0,(anonymous_20)
FNDA:0,(anonymous_21)
FNDA:0,(anonymous_22)
FNDA:0,(anonymous_23)
FNDA:0,(anonymous_24)
FNDA:0,(anonymous_25)
FNDA:0,(anonymous_26)
FNDA:0,(anonymous_27)
FNDA:0,(anonymous_28)
FNDA:0,(anonymous_29)
FNDA:0,(anonymous_30)
FNDA:0,(anonymous_31)
FNDA:0,(anonymous_32)
FNDA:0,(anonymous_33)
FNDA:0,(anonymous_34)
FNDA:0,(anonymous_35)
FNDA:0,(anonymous_36)
FNDA:0,(anonymous_37)
FNDA:0,(anonymous_38)
FNDA:0,(anonymous_39)
DA:14,1
DA:15,1
DA:29,0
DA:31,0
DA:34,0
DA:35,0
DA:36,0
DA:37,0
DA:41,0
DA:45,0
DA:46,0
DA:54,0
DA:55,0
DA:64,0
DA:66,0
DA:67,0
DA:69,0
DA:70,0
DA:71,0
DA:78,0
DA:82,0
DA:85,0
DA:90,0
DA:95,0
DA:102,0
DA:107,0
DA:112,0
DA:119,0
DA:124,0
DA:129,0
DA:136,0
DA:140,0
DA:145,0
DA:156,1
LF:34
LH:3
BRDA:64,0,0,0
BRDA:70,1,0,0
BRDA:70,1,1,0
BRDA:136,2,0,0
BRDA:136,2,1,0
BRDA:139,3,0,0
BRDA:139,3,1,0
BRDA:145,4,0,0
BRDA:145,4,1,0
BRDA:148,5,0,0
BRDA:148,5,1,0
BRF:11
BRH:0
end_of_record
TN:
SF:/Users/brycedbjork/git/splash/src/components/universal/LetterCircle.js
FN:10,(anonymous_0)
FNF:1
FNH:0
FNDA:0,(anonymous_0)
DA:10,3
DA:11,0
LF:2
LH:1
BRDA:10,0,0,0
BRDA:10,1,0,0
BRDA:10,2,0,0
BRDA:19,3,0,0
BRDA:19,3,1,0
BRDA:26,4,0,0
BRDA:26,4,1,0
BRDA:27,5,0,0
BRDA:27,5,1,0
BRDA:28,6,0,0
BRDA:28,6,1,0
BRF:11
BRH:0
end_of_record
TN:
SF:/Users/brycedbjork/git/splash/src/components/universal/LoadingCircle.js
FN:25,(anonymous_0)
FN:31,(anonymous_1)
FN:35,(anonymous_2)
FN:62,(anonymous_3)
FNF:4
FNH:0
FNDA:0,(anonymous_0)
FNDA:0,(anonymous_1)
FNDA:0,(anonymous_2)
FNDA:0,(anonymous_3)
DA:26,0
DA:27,0
DA:32,0
DA:37,0
DA:38,0
DA:40,0
DA:41,0
DA:45,0
DA:63,0
DA:78,10
LF:10
LH:1
BRDA:26,0,0,0
BRDA:26,0,1,0
BRDA:37,1,0,0
BRDA:37,1,1,0
BRDA:40,2,0,0
BRDA:40,2,1,0
BRDA:41,3,0,0
BRDA:41,3,1,0
BRDA:52,4,0,0
BRDA:52,4,1,0
BRF:10
BRH:0
end_of_record
TN:
SF:/Users/brycedbjork/git/splash/src/components/universal/NextButton.js
FN:20,(anonymous_0)
FN:26,(anonymous_1)
FN:30,(anonymous_2)
FN:37,(anonymous_3)
FN:46,(anonymous_4)
FN:51,(anonymous_5)
FNF:6
FNH:0
FNDA:0,(anonymous_0)
FNDA:0,(anonymous_1)
FNDA:0,(anonymous_2)
FNDA:0,(anonymous_3)
FNDA:0,(anonymous_4)
FNDA:0,(anonymous_5)
DA:21,0
DA:22,0
DA:23,0
DA:27,0
DA:31,0
DA:32,0
DA:38,0
DA:39,0
DA:52,0
DA:54,0
DA:78,2
LF:11
LH:1
BRDA:50,0,0,0
BRDA:51,1,0,0
BRDA:65,2,0,0
BRDA:65,2,1,0
BRDA:81,3,0,2
BRDA:81,3,1,0
BRF:6
BRH:1
end_of_record
TN:
SF:/Users/brycedbjork/git/splash/src/components/universal/TransactionLine.js
FN:16,(anonymous_0)
FN:29,(anonymous_1)
FNF:2
FNH:0
FNDA:0,(anonymous_0)
FNDA:0,(anonymous_1)
DA:16,2
DA:18,0
DA:19,0
DA:20,0
DA:21,0
DA:24,0
DA:25,0
DA:26,0
DA:27,0
DA:29,0
DA:30,0
DA:31,0
DA:39,0
DA:79,2
LF:14
LH:2
BRDA:16,0,0,0
BRDA:19,1,0,0
BRDA:19,1,1,0
BRDA:19,2,0,0
BRDA:19,2,1,0
BRDA:20,3,0,0
BRDA:20,3,1,0
BRDA:20,4,0,0
BRDA:20,4,1,0
BRDA:21,5,0,0
BRDA:21,5,1,0
BRDA:26,6,0,0
BRDA:26,6,1,0
BRDA:27,7,0,0
BRDA:27,7,1,0
BRDA:27,7,2,0
BRDA:27,7,3,0
BRDA:30,8,0,0
BRDA:30,8,1,0
BRDA:33,9,0,0
BRDA:33,9,1,0
BRDA:33,10,0,0
BRDA:33,10,1,0
BRDA:34,11,0,0
BRDA:34,11,1,0
BRDA:42,12,0,0
BRDA:42,12,1,0
BRDA:43,13,0,0
BRDA:43,13,1,0
BRDA:43,13,2,0
BRDA:43,13,3,0
BRDA:44,14,0,0
BRDA:44,14,1,0
BRDA:44,14,2,0
BRDA:44,14,3,0
BRDA:45,15,0,0
BRDA:45,15,1,0
BRDA:45,15,2,0
BRDA:45,15,3,0
BRDA:46,16,0,0
BRDA:46,16,1,0
BRDA:46,16,2,0
BRDA:46,16,3,0
BRDA:47,17,0,0
BRDA:47,17,1,0
BRDA:47,17,2,0
BRDA:52,18,0,0
BRDA:52,18,1,0
BRDA:55,19,0,0
BRDA:55,19,1,0
BRDA:57,20,0,0
BRDA:57,20,1,0
BRDA:63,21,0,0
BRDA:63,21,1,0
BRDA:64,22,0,0
BRDA:64,22,1,0
BRDA:64,22,2,0
BRDA:65,23,0,0
BRDA:65,23,1,0
BRDA:65,23,2,0
BRDA:66,24,0,0
BRDA:66,24,1,0
BRDA:69,25,0,0
BRDA:69,25,1,0
BRDA:70,26,0,0
BRDA:70,26,1,0
BRDA:71,27,0,0
BRDA:71,27,1,0
BRF:68
BRH:0
end_of_record
TN:
SF:/Users/brycedbjork/git/splash/src/components/universal/PhoneNumberInput/index.js
FN:19,(anonymous_0)
FN:532,(anonymous_1)
FN:546,(anonymous_2)
FN:552,(anonymous_3)
FN:555,(anonymous_4)
FN:570,(anonymous_5)
FN:572,(anonymous_6)
FN:586,(anonymous_7)
FN:587,(anonymous_8)
FN:595,(anonymous_9)
FN:625,(anonymous_10)
FN:633,(anonymous_11)
FN:634,(anonymous_12)
FN:647,(anonymous_13)
FN:670,(anonymous_14)
FNF:15
FNH:0
FNDA:0,(anonymous_0)
FNDA:0,(anonymous_1)
FNDA:0,(anonymous_2)
FNDA:0,(anonymous_3)
FNDA:0,(anonymous_4)
FNDA:0,(anonymous_5)
FNDA:0,(anonymous_6)
FNDA:0,(anonymous_7)
FNDA:0,(anonymous_8)
FNDA:0,(anonymous_9)
FNDA:0,(anonymous_10)
FNDA:0,(anonymous_11)
FNDA:0,(anonymous_12)
FNDA:0,(anonymous_13)
FNDA:0,(anonymous_14)
DA:19,1
DA:20,0
DA:21,0
DA:23,0
DA:24,0
DA:26,0
DA:27,0
DA:29,0
DA:30,0
DA:33,0
DA:34,0
DA:36,0
DA:37,0
DA:39,0
DA:48,1
DA:262,1
DA:533,0
DA:534,0
DA:541,0
DA:542,0
DA:543,0
DA:547,0
DA:548,0
DA:553,0
DA:555,0
DA:556,0
DA:565,0
DA:566,0
DA:571,0
DA:572,0
DA:573,0
DA:574,0
DA:579,0
DA:587,0
DA:588,0
DA:597,0
DA:598,0
DA:599,0
DA:600,0
DA:601,0
DA:610,0
DA:625,0
DA:634,0
DA:635,0
DA:647,0
DA:670,0
DA:683,1
DA:692,1
LF:48
LH:5
BRDA:20,0,0,0
BRDA:20,0,1,0
BRDA:24,1,0,0
BRDA:24,1,1,0
BRDA:24,2,0,0
BRDA:24,2,1,0
BRDA:26,3,0,0
BRDA:26,3,1,0
BRDA:29,4,0,0
BRDA:29,4,1,0
BRDA:33,5,0,0
BRDA:33,5,1,0
BRDA:36,6,0,0
BRDA:36,6,1,0
BRDA:535,7,0,0
BRDA:535,7,1,0
BRDA:536,8,0,0
BRDA:536,8,1,0
BRDA:537,9,0,0
BRDA:537,9,1,0
BRDA:538,10,0,0
BRDA:538,10,1,0
BRDA:547,11,0,0
BRDA:547,11,1,0
BRDA:565,12,0,0
BRDA:565,12,1,0
BRDA:573,13,0,0
BRDA:573,13,1,0
BRDA:600,14,0,0
BRDA:600,14,1,0
BRDA:650,15,0,0
BRDA:650,15,1,0
BRDA:652,16,0,0
BRDA:652,16,1,0
BRDA:660,17,0,0
BRDA:660,17,1,0
BRDA:675,18,0,0
BRDA:675,18,1,0
BRF:38
BRH:0
end_of_record
TN:
SF:/Users/brycedbjork/git/splash/src/lib/colors.js
FNF:0
FNH:0
DA:1,10
LF:1
LH:1
BRF:0
BRH:0
end_of_record
TN:
SF:/Users/brycedbjork/git/splash/src/lib/cryptos.js
FN:149,(anonymous_0)
FN:174,(anonymous_1)
FNF:2
FNH:2
FNDA:2,(anonymous_0)
FNDA:5,(anonymous_1)
DA:1,7
DA:7,7
DA:16,7
DA:22,7
DA:28,7
DA:35,7
DA:40,7
DA:42,7
DA:44,7
DA:51,7
DA:65,7
DA:149,7
DA:151,2
DA:152,2
DA:153,2
DA:154,2
DA:155,2
DA:156,2
DA:157,2
DA:158,2
DA:159,2
DA:163,4
DA:164,4
DA:165,4
DA:168,0
DA:170,2
DA:174,7
DA:176,5
DA:177,5
DA:178,5
DA:179,5
DA:181,5
DA:182,5
DA:183,13
DA:185,5
DA:186,3
DA:187,3
DA:191,0
DA:196,2
DA:197,2
DA:199,0
LF:41
LH:38
BRDA:155,0,0,2
BRDA:155,0,1,0
BRDA:156,1,0,2
BRDA:156,1,1,0
BRDA:164,2,0,4
BRDA:164,2,1,0
BRDA:185,3,0,3
BRDA:185,3,1,2
BRDA:186,4,0,3
BRDA:186,4,1,0
BRDA:196,5,0,2
BRDA:196,5,1,0
BRF:12
BRH:7
end_of_record
TN:
SF:/Users/brycedbjork/git/splash/src/lib/styles.js
FNF:0
FNH:0
DA:5,10
DA:27,10
DA:28,10
DA:29,10
DA:30,10
DA:33,10
LF:6
LH:6
BRDA:27,0,0,10
BRDA:27,0,1,0
BRF:2
BRH:1
end_of_record
TN:
SF:/Users/brycedbjork/git/splash/src/redux/modal.js
FN:9,modal
FN:24,showViewModal
FN:32,showApproveModal
FN:40,hideModal
FNF:4
FNH:0
FNDA:0,modal
FNDA:0,showViewModal
FNDA:0,showApproveModal
FNDA:0,hideModal
DA:3,3
DA:10,0
DA:12,0
DA:17,0
DA:19,0
DA:25,0
DA:33,0
DA:41,0
LF:8
LH:1
BRDA:9,0,0,0
BRDA:10,1,0,0
BRDA:10,1,1,0
BRDA:10,1,2,0
BRF:4
BRH:0
end_of_record
TN:
SF:/Users/brycedbjork/git/splash/src/redux/crypto/actions.js
FN:26,setActiveCryptoCurrency
FN:30,setActiveCurrency
FN:34,loadBalanceInit
FN:38,loadBalanceSuccess
FN:42,loadBalanceFailure
FN:46,loadExchangeRatesInit
FN:50,loadExchangeRatesSuccess
FN:58,loadExchangeRatesFailure
FN:62,openWalletInit
FN:66,openWalletSuccess
FN:70,openWalletFailure
FN:74,switchWallets
FN:78,resetCrypto
FN:83,(anonymous_13)
FN:84,(anonymous_14)
FN:122,(anonymous_15)
FN:126,(anonymous_16)
FN:145,(anonymous_17)
FN:149,(anonymous_18)
FN:157,(anonymous_19)
FN:161,(anonymous_20)
FN:175,(anonymous_21)
FN:176,(anonymous_22)
FN:191,(anonymous_23)
FN:194,(anonymous_24)
FN:202,(anonymous_25)
FN:203,(anonymous_26)
FN:204,(anonymous_27)
FN:209,(anonymous_28)
FN:317,(anonymous_29)
FN:325,(anonymous_30)
FN:335,(anonymous_31)
FN:341,(anonymous_32)
FN:347,(anonymous_33)
FN:358,(anonymous_34)
FN:359,(anonymous_35)
FN:360,(anonymous_36)
FN:367,(anonymous_37)
FN:384,(anonymous_38)
FNF:39
FNH:0
FNDA:0,setActiveCryptoCurrency
FNDA:0,setActiveCurrency
FNDA:0,loadBalanceInit
FNDA:0,loadBalanceSuccess
FNDA:0,loadBalanceFailure
FNDA:0,loadExchangeRatesInit
FNDA:0,loadExchangeRatesSuccess
FNDA:0,loadExchangeRatesFailure
FNDA:0,openWalletInit
FNDA:0,openWalletSuccess
FNDA:0,openWalletFailure
FNDA:0,switchWallets
FNDA:0,resetCrypto
FNDA:0,(anonymous_13)
FNDA:0,(anonymous_14)
FNDA:0,(anonymous_15)
FNDA:0,(anonymous_16)
FNDA:0,(anonymous_17)
FNDA:0,(anonymous_18)
FNDA:0,(anonymous_19)
FNDA:0,(anonymous_20)
FNDA:0,(anonymous_21)
FNDA:0,(anonymous_22)
FNDA:0,(anonymous_23)
FNDA:0,(anonymous_24)
FNDA:0,(anonymous_25)
FNDA:0,(anonymous_26)
FNDA:0,(anonymous_27)
FNDA:0,(anonymous_28)
FNDA:0,(anonymous_29)
FNDA:0,(anonymous_30)
FNDA:0,(anonymous_31)
FNDA:0,(anonymous_32)
FNDA:0,(anonymous_33)
FNDA:0,(anonymous_34)
FNDA:0,(anonymous_35)
FNDA:0,(anonymous_36)
FNDA:0,(anonymous_37)
FNDA:0,(anonymous_38)
DA:10,1
DA:27,0
DA:31,0
DA:35,0
DA:39,0
DA:43,0
DA:47,0
DA:51,0
DA:59,0
DA:63,0
DA:67,0
DA:71,0
DA:75,0
DA:79,0
DA:83,1
DA:84,0
DA:85,0
DA:86,0
DA:89,0
DA:90,0
DA:92,0
DA:95,0
DA:96,0
DA:99,0
DA:100,0
DA:101,0
DA:102,0
DA:103,0
DA:109,0
DA:114,0
DA:115,0
DA:116,0
DA:117,0
DA:122,1
DA:126,0
DA:127,0
DA:129,0
DA:134,0
DA:135,0
DA:136,0
DA:138,0
DA:139,0
DA:142,0
DA:144,0
DA:146,0
DA:147,0
DA:150,0
DA:151,0
DA:152,0
DA:154,0
DA:156,0
DA:158,0
DA:159,0
DA:162,0
DA:163,0
DA:164,0
DA:167,0
DA:168,0
DA:169,0
DA:175,1
DA:176,0
DA:177,0
DA:179,0
DA:182,0
DA:183,0
DA:184,0
DA:185,0
DA:186,0
DA:190,0
DA:192,0
DA:195,0
DA:196,0
DA:202,1
DA:203,0
DA:204,0
DA:205,0
DA:208,0
DA:211,0
DA:213,0
DA:214,0
DA:216,0
DA:220,0
DA:226,0
DA:232,0
DA:233,0
DA:236,0
DA:237,0
DA:239,0
DA:240,0
DA:241,0
DA:245,0
DA:247,0
DA:249,0
DA:253,0
DA:255,0
DA:259,0
DA:260,0
DA:262,0
DA:270,0
DA:271,0
DA:274,0
DA:276,0
DA:279,0
DA:283,0
DA:288,0
DA:290,0
DA:291,0
DA:295,0
DA:300,0
DA:302,0
DA:303,0
DA:304,0
DA:305,0
DA:308,0
DA:313,0
DA:319,0
DA:327,0
DA:333,0
DA:336,0
DA:337,0
DA:338,0
DA:342,0
DA:343,0
DA:344,0
DA:348,0
DA:349,0
DA:350,0
DA:351,0
DA:358,1
DA:359,0
DA:360,0
DA:361,0
DA:362,0
DA:363,0
DA:364,0
DA:366,0
DA:368,0
DA:370,0
DA:374,0
DA:379,0
DA:382,0
DA:385,0
LF:142
LH:6
BRDA:83,0,0,0
BRDA:89,1,0,0
BRDA:89,1,1,0
BRDA:100,2,0,0
BRDA:100,2,1,0
BRDA:100,3,0,0
BRDA:100,3,1,0
BRDA:102,4,0,0
BRDA:102,4,1,0
BRDA:123,5,0,0
BRDA:124,6,0,0
BRDA:134,7,0,0
BRDA:134,7,1,0
BRDA:142,8,0,0
BRDA:142,8,1,0
BRDA:150,9,0,0
BRDA:150,9,1,0
BRDA:154,10,0,0
BRDA:154,10,1,0
BRDA:162,11,0,0
BRDA:162,11,1,0
BRDA:175,12,0,0
BRDA:182,13,0,0
BRDA:182,13,1,0
BRDA:195,14,0,0
BRDA:195,14,1,0
BRDA:216,15,0,0
BRDA:216,15,1,0
BRDA:217,16,0,0
BRDA:217,16,1,0
BRDA:241,17,0,0
BRDA:241,17,1,0
BRDA:242,18,0,0
BRDA:242,18,1,0
BRDA:249,19,0,0
BRDA:249,19,1,0
BRDA:250,20,0,0
BRDA:250,20,1,0
BRDA:274,21,0,0
BRDA:274,21,1,0
BRDA:274,21,2,0
BRDA:364,22,0,0
BRDA:364,22,1,0
BRF:43
BRH:0
end_of_record
TN:
SF:/Users/brycedbjork/git/splash/src/redux/onboarding/actions.js
FN:13,smsAuthInit
FN:18,smsAuthSuccess
FN:23,smsAuthFailure
FN:28,smsConfirmInit
FN:33,smsConfirmSuccess
FN:38,smsConfirmFailure
FN:43,signUpInit
FN:48,signUpSuccess
FN:53,signUpFailure
FN:58,holdSplashtag
FN:63,resetOnboarding
FN:69,(anonymous_11)
FN:70,(anonymous_12)
FN:84,(anonymous_13)
FN:85,(anonymous_14)
FN:86,(anonymous_15)
FN:95,(anonymous_16)
FN:99,(anonymous_17)
FN:109,(anonymous_18)
FN:110,(anonymous_19)
FN:111,(anonymous_20)
FN:116,(anonymous_21)
FN:120,(anonymous_22)
FN:130,(anonymous_23)
FN:131,(anonymous_24)
FN:132,(anonymous_25)
FN:155,(anonymous_26)
FN:158,(anonymous_27)
FN:168,(anonymous_28)
FN:171,(anonymous_29)
FN:175,(anonymous_30)
FN:181,(anonymous_31)
FN:209,(anonymous_32)
FNF:33
FNH:0
FNDA:0,smsAuthInit
FNDA:0,smsAuthSuccess
FNDA:0,smsAuthFailure
FNDA:0,smsConfirmInit
FNDA:0,smsConfirmSuccess
FNDA:0,smsConfirmFailure
FNDA:0,signUpInit
FNDA:0,signUpSuccess
FNDA:0,signUpFailure
FNDA:0,holdSplashtag
FNDA:0,resetOnboarding
FNDA:0,(anonymous_11)
FNDA:0,(anonymous_12)
FNDA:0,(anonymous_13)
FNDA:0,(anonymous_14)
FNDA:0,(anonymous_15)
FNDA:0,(anonymous_16)
FNDA:0,(anonymous_17)
FNDA:0,(anonymous_18)
FNDA:0,(anonymous_19)
FNDA:0,(anonymous_20)
FNDA:0,(anonymous_21)
FNDA:0,(anonymous_22)
FNDA:0,(anonymous_23)
FNDA:0,(anonymous_24)
FNDA:0,(anonymous_25)
FNDA:0,(anonymous_26)
FNDA:0,(anonymous_27)
FNDA:0,(anonymous_28)
FNDA:0,(anonymous_29)
FNDA:0,(anonymous_30)
FNDA:0,(anonymous_31)
FNDA:0,(anonymous_32)
DA:4,1
DA:5,1
DA:6,1
DA:8,1
DA:12,1
DA:14,0
DA:17,1
DA:19,0
DA:22,1
DA:24,0
DA:27,1
DA:29,0
DA:32,1
DA:34,0
DA:37,1
DA:39,0
DA:42,1
DA:44,0
DA:47,1
DA:49,0
DA:52,1
DA:54,0
DA:57,1
DA:59,0
DA:62,1
DA:64,0
DA:69,1
DA:70,0
DA:71,0
DA:72,0
DA:78,0
DA:84,1
DA:85,0
DA:86,0
DA:87,0
DA:88,0
DA:89,0
DA:91,0
DA:92,0
DA:96,0
DA:97,0
DA:100,0
DA:101,0
DA:102,0
DA:109,1
DA:110,0
DA:111,0
DA:112,0
DA:113,0
DA:114,0
DA:117,0
DA:118,0
DA:121,0
DA:122,0
DA:123,0
DA:130,1
DA:131,0
DA:132,0
DA:133,0
DA:135,0
DA:136,0
DA:138,0
DA:139,0
DA:141,0
DA:146,0
DA:147,0
DA:148,0
DA:152,0
DA:153,0
DA:156,0
DA:158,0
DA:159,0
DA:160,0
DA:166,0
DA:170,0
DA:172,0
DA:173,0
DA:176,0
DA:177,0
DA:178,0
DA:182,0
DA:183,0
DA:184,0
DA:188,0
DA:189,0
DA:190,0
DA:191,0
DA:194,0
DA:199,0
DA:200,0
DA:203,0
DA:206,0
DA:210,0
DA:211,0
DA:212,0
LF:95
LH:19
BRDA:72,0,0,0
BRDA:72,0,1,0
BRDA:74,1,0,0
BRDA:74,1,1,0
BRDA:88,2,0,0
BRDA:88,2,1,0
BRDA:141,3,0,0
BRDA:141,3,1,0
BRDA:142,4,0,0
BRDA:142,4,1,0
BRDA:142,4,2,0
BRDA:147,5,0,0
BRDA:147,5,1,0
BRDA:156,6,0,0
BRDA:156,6,1,0
BRDA:159,7,0,0
BRDA:159,7,1,0
BRDA:194,8,0,0
BRDA:194,8,1,0
BRDA:195,9,0,0
BRDA:195,9,1,0
BRF:21
BRH:0
end_of_record
TN:
SF:/Users/brycedbjork/git/splash/src/redux/transactions/actions.js
FN:12,dismissTransaction
FN:17,approveTransactionInit
FN:22,successApprovingTransaction
FN:27,approveTransactionFailure
FN:32,sendTransactionInit
FN:37,sendTransactionSuccess
FN:42,sendTransactionFailure
FN:47,resetTransactions
FN:52,loadTransactionsInit
FN:57,loadTransactionsSuccess
FN:62,loadTransactionsFailure
FN:67,captureQr
FN:72,resetQr
FN:76,(anonymous_13)
FN:77,(anonymous_14)
FN:104,(anonymous_15)
FN:161,(anonymous_16)
FN:162,(anonymous_17)
FN:164,(anonymous_18)
FN:203,(anonymous_19)
FN:207,(anonymous_20)
FN:211,(anonymous_21)
FN:214,(anonymous_22)
FN:219,(anonymous_23)
FN:228,(anonymous_24)
FN:231,(anonymous_25)
FN:234,(anonymous_26)
FN:239,(anonymous_27)
FN:252,(anonymous_28)
FN:253,(anonymous_29)
FNF:30
FNH:0
FNDA:0,dismissTransaction
FNDA:0,approveTransactionInit
FNDA:0,successApprovingTransaction
FNDA:0,approveTransactionFailure
FNDA:0,sendTransactionInit
FNDA:0,sendTransactionSuccess
FNDA:0,sendTransactionFailure
FNDA:0,resetTransactions
FNDA:0,loadTransactionsInit
FNDA:0,loadTransactionsSuccess
FNDA:0,loadTransactionsFailure
FNDA:0,captureQr
FNDA:0,resetQr
FNDA:0,(anonymous_13)
FNDA:0,(anonymous_14)
FNDA:0,(anonymous_15)
FNDA:0,(anonymous_16)
FNDA:0,(anonymous_17)
FNDA:0,(anonymous_18)
FNDA:0,(anonymous_19)
FNDA:0,(anonymous_20)
FNDA:0,(anonymous_21)
FNDA:0,(anonymous_22)
FNDA:0,(anonymous_23)
FNDA:0,(anonymous_24)
FNDA:0,(anonymous_25)
FNDA:0,(anonymous_26)
FNDA:0,(anonymous_27)
FNDA:0,(anonymous_28)
FNDA:0,(anonymous_29)
DA:11,2
DA:13,0
DA:16,2
DA:18,0
DA:21,2
DA:23,0
DA:26,2
DA:28,0
DA:31,2
DA:33,0
DA:36,2
DA:38,0
DA:41,2
DA:43,0
DA:46,2
DA:48,0
DA:51,2
DA:53,0
DA:56,2
DA:58,0
DA:61,2
DA:63,0
DA:66,2
DA:68,0
DA:71,2
DA:73,0
DA:76,2
DA:77,0
DA:79,0
DA:81,0
DA:82,0
DA:84,0
DA:88,0
DA:89,0
DA:91,0
DA:93,0
DA:96,0
DA:97,0
DA:99,0
DA:102,0
DA:104,0
DA:105,0
DA:106,0
DA:108,0
DA:109,0
DA:113,0
DA:114,0
DA:161,2
DA:162,0
DA:164,0
DA:167,0
DA:168,0
DA:169,0
DA:170,0
DA:171,0
DA:174,0
DA:175,0
DA:176,0
DA:177,0
DA:178,0
DA:180,0
DA:183,0
DA:197,0
DA:198,0
DA:200,0
DA:202,0
DA:203,0
DA:205,0
DA:207,0
DA:208,0
DA:209,0
DA:211,0
DA:212,0
DA:213,0
DA:215,0
DA:216,0
DA:217,0
DA:220,0
DA:221,0
DA:222,0
DA:228,0
DA:229,0
DA:231,0
DA:232,0
DA:233,0
DA:235,0
DA:236,0
DA:237,0
DA:240,0
DA:241,0
DA:242,0
DA:252,2
DA:253,0
DA:254,0
LF:94
LH:16
BRDA:76,0,0,0
BRDA:88,1,0,0
BRDA:88,1,1,0
BRDA:93,2,0,0
BRDA:93,2,1,0
BRDA:96,3,0,0
BRDA:96,3,1,0
BRDA:102,4,0,0
BRDA:102,4,1,0
BRDA:113,5,0,0
BRDA:113,5,1,0
BRDA:161,6,0,0
BRDA:167,7,0,0
BRDA:167,7,1,0
BRDA:175,8,0,0
BRDA:175,8,1,0
BRDA:180,9,0,0
BRDA:180,9,1,0
BRDA:197,10,0,0
BRDA:197,10,1,0
BRDA:198,11,0,0
BRDA:198,11,1,0
BRDA:202,12,0,0
BRDA:202,12,1,0
BRDA:220,13,0,0
BRDA:220,13,1,0
BRDA:240,14,0,0
BRDA:240,14,1,0
BRF:28
BRH:0
end_of_record
TN:
SF:/Users/brycedbjork/git/splash/src/redux/user/actions.js
FN:29,logInInit
FN:33,setBiometric
FN:37,logInSuccess
FN:45,logInFailure
FN:49,updateUsernameInit
FN:53,updateUsernameSuccess
FN:57,updateUsernameFailure
FN:61,loadContactsInit
FN:65,loadContactsSuccess
FN:69,loadContactsFailure
FN:73,toggleLockout
FN:77,resetUser
FN:81,startLockoutClock
FN:85,resetLockoutClock
FN:90,(anonymous_14)
FN:91,(anonymous_15)
FN:92,(anonymous_16)
FN:101,(anonymous_17)
FN:111,(anonymous_18)
FN:121,(anonymous_19)
FN:122,(anonymous_20)
FN:123,(anonymous_21)
FN:130,(anonymous_22)
FN:135,(anonymous_23)
FN:145,(anonymous_24)
FN:146,(anonymous_25)
FN:150,(anonymous_26)
FN:159,(anonymous_27)
FN:172,(anonymous_28)
FN:175,(anonymous_29)
FNF:30
FNH:0
FNDA:0,logInInit
FNDA:0,setBiometric
FNDA:0,logInSuccess
FNDA:0,logInFailure
FNDA:0,updateUsernameInit
FNDA:0,updateUsernameSuccess
FNDA:0,updateUsernameFailure
FNDA:0,loadContactsInit
FNDA:0,loadContactsSuccess
FNDA:0,loadContactsFailure
FNDA:0,toggleLockout
FNDA:0,resetUser
FNDA:0,startLockoutClock
FNDA:0,resetLockoutClock
FNDA:0,(anonymous_14)
FNDA:0,(anonymous_15)
FNDA:0,(anonymous_16)
FNDA:0,(anonymous_17)
FNDA:0,(anonymous_18)
FNDA:0,(anonymous_19)
FNDA:0,(anonymous_20)
FNDA:0,(anonymous_21)
FNDA:0,(anonymous_22)
FNDA:0,(anonymous_23)
FNDA:0,(anonymous_24)
FNDA:0,(anonymous_25)
FNDA:0,(anonymous_26)
FNDA:0,(anonymous_27)
FNDA:0,(anonymous_28)
FNDA:0,(anonymous_29)
DA:7,1
DA:8,1
DA:9,1
DA:11,1
DA:30,0
DA:34,0
DA:38,0
DA:46,0
DA:50,0
DA:54,0
DA:58,0
DA:62,0
DA:66,0
DA:70,0
DA:74,0
DA:78,0
DA:82,0
DA:86,0
DA:90,1
DA:91,0
DA:92,0
DA:93,0
DA:95,0
DA:97,0
DA:102,0
DA:103,0
DA:108,0
DA:109,0
DA:112,0
DA:113,0
DA:114,0
DA:121,1
DA:122,0
DA:123,0
DA:124,0
DA:125,0
DA:126,0
DA:127,0
DA:129,0
DA:131,0
DA:132,0
DA:133,0
DA:136,0
DA:137,0
DA:138,0
DA:139,0
DA:145,1
DA:146,0
DA:147,0
DA:150,0
DA:151,0
DA:152,0
DA:155,0
DA:157,0
DA:159,0
DA:160,0
DA:161,0
DA:162,0
DA:163,0
DA:164,0
DA:166,0
DA:170,0
DA:172,0
DA:173,0
DA:174,0
DA:176,0
DA:177,0
DA:179,0
DA:181,0
DA:185,0
DA:186,0
DA:187,0
DA:188,0
DA:194,0
DA:197,0
DA:203,0
DA:205,0
DA:209,0
LF:78
LH:7
BRDA:161,0,0,0
BRDA:161,0,1,0
BRDA:163,1,0,0
BRDA:163,1,1,0
BRDA:163,2,0,0
BRDA:163,2,1,0
BRDA:173,3,0,0
BRDA:173,3,1,0
BRDA:176,4,0,0
BRDA:176,4,1,0
BRDA:179,5,0,0
BRDA:179,5,1,0
BRDA:185,6,0,0
BRDA:185,6,1,0
BRDA:185,7,0,0
BRDA:185,7,1,0
BRF:16
BRH:0
end_of_record
